[I 2023-06-15 21:29:47,057] Trial 110 finished with value: 0.5 and parameters: {'positive_texts': ['a video of a human approaching a fence', 'human discretely moving towards a fence', 'ripping a fence', 'thief'], 'negative_texts': ['bird flying around', 'birds flying', 'rabbits', 'video with artefacts'], 'similarity_method': <SimilarityMethod.minus_human_features: 'minus_human_features'>, 'score_method': <TopClassificationMethod.mode: 'mode'>}. Best is trial 58 with value: 0.762137869719837.
[I 2023-06-15 21:29:50,916] Trial 111 finished with value: 0.7235395524329951 and parameters: {'positive_texts': ['grayscale picture of a human', 'human bending down', 'human stepping down', 'ladder leaning against a fence', 'person crip walking', 'terrorist'], 'negative_texts': ['bird flying around', 'birds flying', 'black and white picture', 'empty scene', 'field at midnight', 'foxes', 'video with artefacts'], 'similarity_method': <SimilarityMethod.minus_human_features: 'minus_human_features'>, 'score_method': <ScoreMethod.mean: 'mean'>}. Best is trial 58 with value: 0.762137869719837.
[I 2023-06-15 21:29:54,711] Trial 112 finished with value: 0.7235395524329951 and parameters: {'positive_texts': ['grayscale picture of a human', 'human bending down', 'human stepping down', 'ladder leaning against a fence', 'person crip walking', 'terrorist'], 'negative_texts': ['bird flying around', 'birds flying', 'black and white picture', 'empty scene', 'field at midnight', 'foxes', 'video with artefacts'], 'similarity_method': <SimilarityMethod.minus_human_features: 'minus_human_features'>, 'score_method': <ScoreMethod.mean: 'mean'>}. Best is trial 58 with value: 0.762137869719837.
[I 2023-06-15 21:29:58,216] Trial 113 finished with value: 0.6847894440107556 and parameters: {'positive_texts': ['a picture of a human climbing a ladder', 'grayscale picture of a human', 'human wearing light cloths', 'one person'], 'negative_texts': ['bird flying around', 'birds flying', 'black and white picture', 'empty scene', 'field at midnight', 'foxes', 'video with artefacts'], 'similarity_method': <SimilarityMethod.minus_human_features: 'minus_human_features'>, 'score_method': <ScoreMethod.mean: 'mean'>}. Best is trial 58 with value: 0.762137869719837.
[I 2023-06-15 21:30:01,517] Trial 114 finished with value: 0.6161147974672565 and parameters: {'positive_texts': ['an adult running', 'human approaching a fence', 'human making small steps', 'human walking', 'person crip walking'], 'negative_texts': ['animals', 'black and white picture', 'field', 'grayscale picture of a fence', 'plastic bag flying', 'wall'], 'similarity_method': <SimilarityMethod.minus_human_features: 'minus_human_features'>, 'score_method': <ScoreMethod.mean: 'mean'>}. Best is trial 58 with value: 0.762137869719837.
[I 2023-06-15 21:30:04,336] Trial 115 finished with value: 0.5591660161332292 and parameters: {'positive_texts': ['human approaching a fence', 'human climbing a ladder', 'human stepping down', 'human unlocking a door', 'human wearing white cloths', 'putting a knee down'], 'negative_texts': ['barbed wire', 'birds flying', 'cloudy field with a fence', 'field', 'wall'], 'similarity_method': <SimilarityMethod.minus_human_features: 'minus_human_features'>, 'score_method': <ScoreMethod.mean: 'mean'>}. Best is trial 58 with value: 0.762137869719837.
[I 2023-06-15 21:30:07,864] Trial 116 finished with value: 0.6347796860091943 and parameters: {'positive_texts': ['a human running', 'a video of a human approaching', 'going through a fence', 'human unlocking a door', 'person creep walking', 'terrorist'], 'negative_texts': ['bird flying around', 'cloudy field with a fence', 'field with green grass', 'foxes', 'grayscale picture of a fence', 'plastic bag laying on the floor'], 'similarity_method': <SimilarityMethod.minus_human_features: 'minus_human_features'>, 'score_method': <ScoreMethod.mean: 'mean'>}. Best is trial 58 with value: 0.762137869719837.
[I 2023-06-15 21:30:10,728] Trial 117 finished with value: 0.6802519732847601 and parameters: {'positive_texts': ['human bending down', 'human cutting a fence', 'ladder leaning against a fence', 'person creep walking'], 'negative_texts': ['animals', 'bag', 'black and white scene of horror movie', 'cloudy field with a fence', 'fence', 'foxes'], 'similarity_method': <SimilarityMethod.minus_human_similarity: 'minus_human_similarity'>, 'minus_similarity_weight': 0.5391128715587791, 'score_method': <ScoreMethod.mean: 'mean'>}. Best is trial 58 with value: 0.762137869719837.
[I 2023-06-15 21:30:13,383] Trial 118 finished with value: 0.4507437765634487 and parameters: {'positive_texts': ['human discretely moving towards a fence', 'ladder leaning against a fence', 'person', 'putting a knee down'], 'negative_texts': ['empty scene', 'field with green grass', 'foxes', 'grayscale picture of a fence', 'horror movie scene', 'insect flying', 'wall'], 'similarity_method': <SimilarityMethod.minus_human_features: 'minus_human_features'>, 'score_method': <ScoreMethod.positive: 'positive'>}. Best is trial 58 with value: 0.762137869719837.
[I 2023-06-15 21:30:16,678] Trial 119 finished with value: 0.6293152051348773 and parameters: {'positive_texts': ['an adult running', 'human kneeling down', 'human wearing a coat', 'human wearing dark clothes', 'ladder leaning against a fence'], 'negative_texts': ['black and white picture', 'fence', 'field at midnight', 'picture with artefacts'], 'similarity_method': <SimilarityMethod.minus_human_features: 'minus_human_features'>, 'score_method': <ScoreMethod.mean: 'mean'>}. Best is trial 58 with value: 0.762137869719837.
[I 2023-06-15 21:30:20,994] Trial 120 finished with value: 0.5584775349119612 and parameters: {'positive_texts': ['a video of a human approaching', 'grayscale picture of a human', 'human going through', 'human stepping down', 'human unlocking a door', 'thief'], 'negative_texts': ['animals', 'black and white scene of horror movie', 'plastic bag laying on the floor', 'video with artefacts'], 'similarity_method': <SimilarityMethod.dot_product: 'dot_product'>, 'score_method': <ScoreMethod.mean: 'mean'>}. Best is trial 58 with value: 0.762137869719837.
[I 2023-06-15 21:30:25,736] Trial 121 finished with value: 0.7235395524329951 and parameters: {'positive_texts': ['grayscale picture of a human', 'human bending down', 'human stepping down', 'ladder leaning against a fence', 'person crip walking', 'terrorist'], 'negative_texts': ['bird flying around', 'birds flying', 'black and white picture', 'empty scene', 'field at midnight', 'foxes', 'video with artefacts'], 'similarity_method': <SimilarityMethod.minus_human_features: 'minus_human_features'>, 'score_method': <ScoreMethod.mean: 'mean'>}. Best is trial 58 with value: 0.762137869719837.
[I 2023-06-15 21:30:32,209] Trial 122 finished with value: 0.7235395524329951 and parameters: {'positive_texts': ['grayscale picture of a human', 'human bending down', 'human stepping down', 'ladder leaning against a fence', 'person crip walking', 'terrorist'], 'negative_texts': ['bird flying around', 'birds flying', 'black and white picture', 'empty scene', 'field at midnight', 'foxes', 'video with artefacts'], 'similarity_method': <SimilarityMethod.minus_human_features: 'minus_human_features'>, 'score_method': <ScoreMethod.mean: 'mean'>}. Best is trial 58 with value: 0.762137869719837.
[I 2023-06-15 21:30:38,770] Trial 123 finished with value: 0.6173508109983521 and parameters: {'positive_texts': ['human bending down', 'human climbing a ladder', 'human cutting a fence', 'human going through a fence', 'terrorist'], 'negative_texts': ['change of colorimetry', 'horror movie scene', 'insect flying', 'picture with artefacts', 'plastic bag flying'], 'similarity_method': <SimilarityMethod.minus_human_features: 'minus_human_features'>, 'score_method': <ScoreMethod.mean: 'mean'>}. Best is trial 58 with value: 0.762137869719837.
[I 2023-06-15 21:30:42,119] Trial 124 finished with value: 0.7135809697285107 and parameters: {'positive_texts': ['a video of a human approaching a fence', 'grayscale picture of a human', 'human holding a ladder', 'human walking'], 'negative_texts': ['bird flying around', 'birds flying', 'black and white picture', 'empty scene', 'field at midnight', 'foxes', 'video with artefacts'], 'similarity_method': <SimilarityMethod.minus_human_features: 'minus_human_features'>, 'score_method': <ScoreMethod.mean: 'mean'>}. Best is trial 58 with value: 0.762137869719837.
[I 2023-06-15 21:30:45,669] Trial 125 finished with value: 0.5759226732587388 and parameters: {'positive_texts': ['grayscale picture of a human', 'human bending down', 'human stepping down', 'ladder leaning against a fence', 'person crip walking', 'terrorist'], 'negative_texts': ['cloudy field with a fence', 'empty scene', 'insects', 'plastic bag laying on the floor'], 'similarity_method': <SimilarityMethod.minus_human_features: 'minus_human_features'>, 'score_method': <ScoreMethod.mean: 'mean'>}. Best is trial 58 with value: 0.762137869719837.
[I 2023-06-15 21:30:48,967] Trial 126 finished with value: 0.6989873362824183 and parameters: {'positive_texts': ['adult', 'human wearing a coat', 'terrorist', 'thief'], 'negative_texts': ['bird flying around', 'birds flying', 'black and white picture', 'empty scene', 'field at midnight', 'foxes', 'video with artefacts'], 'similarity_method': <SimilarityMethod.minus_human_features: 'minus_human_features'>, 'score_method': <ScoreMethod.mean: 'mean'>}. Best is trial 58 with value: 0.762137869719837.
[I 2023-06-15 21:30:53,881] Trial 127 finished with value: 0.6145697805533872 and parameters: {'positive_texts': ['a person running', 'a picture of a human climbing a ladder', 'human against a wall', 'putting a knee down', 'ripping a fence'], 'negative_texts': ['black and white picture', 'fence', 'field with green grass', 'picture with artefacts', 'plastic bag flying'], 'similarity_method': <SimilarityMethod.minus_human_similarity: 'minus_human_similarity'>, 'minus_similarity_weight': 0.6014956962008815, 'score_method': <ScoreMethod.mean: 'mean'>}. Best is trial 58 with value: 0.762137869719837.
[I 2023-06-15 21:30:56,914] Trial 128 finished with value: 0.5 and parameters: {'positive_texts': ['adult', 'grayscale picture of a human', 'human cutting a fence', 'human unlocking a door', 'putting a knee down'], 'negative_texts': ['animals', 'barbed wire', 'black and white scene of horror movie', 'change of colorimetry', 'grayscale picture of a fence', 'insect flying', 'picture with artefacts'], 'similarity_method': <SimilarityMethod.minus_human_features: 'minus_human_features'>, 'score_method': <TopClassificationMethod.any: 'any'>}. Best is trial 58 with value: 0.762137869719837.
[I 2023-06-15 21:30:59,737] Trial 129 finished with value: 0.5557669789227165 and parameters: {'positive_texts': ['a human running', 'a video of a human approaching', 'going through a fence', 'human unlocking a door', 'person creep walking', 'terrorist'], 'negative_texts': ['animals', 'barbed wire', 'black and white scene of horror movie', 'insect flying', 'insects'], 'similarity_method': <SimilarityMethod.minus_human_features: 'minus_human_features'>, 'score_method': <ScoreMethod.mean: 'mean'>}. Best is trial 58 with value: 0.762137869719837.
[I 2023-06-15 21:31:01,851] Trial 130 finished with value: 0.6782298985167838 and parameters: {'positive_texts': ['human against a wall', 'human cutting', 'human wearing a coat', 'one person'], 'negative_texts': ['barbed wire', 'bird flying around', 'empty scene', 'foxes'], 'similarity_method': <SimilarityMethod.minus_human_features: 'minus_human_features'>, 'score_method': <ScoreMethod.mean: 'mean'>}. Best is trial 58 with value: 0.762137869719837.
[I 2023-06-15 21:31:04,851] Trial 131 finished with value: 0.7235395524329951 and parameters: {'positive_texts': ['grayscale picture of a human', 'human bending down', 'human stepping down', 'ladder leaning against a fence', 'person crip walking', 'terrorist'], 'negative_texts': ['bird flying around', 'birds flying', 'black and white picture', 'empty scene', 'field at midnight', 'foxes', 'video with artefacts'], 'similarity_method': <SimilarityMethod.minus_human_features: 'minus_human_features'>, 'score_method': <ScoreMethod.mean: 'mean'>}. Best is trial 58 with value: 0.762137869719837.
[I 2023-06-15 21:31:07,693] Trial 132 finished with value: 0.7235395524329951 and parameters: {'positive_texts': ['grayscale picture of a human', 'human bending down', 'human stepping down', 'ladder leaning against a fence', 'person crip walking', 'terrorist'], 'negative_texts': ['bird flying around', 'birds flying', 'black and white picture', 'empty scene', 'field at midnight', 'foxes', 'video with artefacts'], 'similarity_method': <SimilarityMethod.minus_human_features: 'minus_human_features'>, 'score_method': <ScoreMethod.mean: 'mean'>}. Best is trial 58 with value: 0.762137869719837.
[I 2023-06-15 21:31:10,112] Trial 133 finished with value: 0.5801402983780033 and parameters: {'positive_texts': ['adult', 'human going through', 'human wearing light cloths', 'person creep walking', 'terrorist'], 'negative_texts': ['bag', 'bird flying around', 'cloudy field with a fence', 'field with green grass', 'insect flying', 'insects'], 'similarity_method': <SimilarityMethod.minus_human_features: 'minus_human_features'>, 'score_method': <ScoreMethod.mean: 'mean'>}. Best is trial 58 with value: 0.762137869719837.
[I 2023-06-15 21:31:12,555] Trial 134 finished with value: 0.5347005377743083 and parameters: {'positive_texts': ['grayscale picture of a human', 'human bending down', 'human stepping down', 'ladder leaning against a fence', 'person crip walking', 'terrorist'], 'negative_texts': ['empty scene', 'field with green grass', 'horror movie scene', 'rabbits', 'wall'], 'similarity_method': <SimilarityMethod.minus_human_features: 'minus_human_features'>, 'score_method': <ScoreMethod.mean: 'mean'>}. Best is trial 58 with value: 0.762137869719837.
[I 2023-06-15 21:31:14,944] Trial 135 finished with value: 0.4664487379651314 and parameters: {'positive_texts': ['a person running', 'human making small steps', 'putting a knee down', 'thief'], 'negative_texts': ['bag', 'black and white scene of horror movie', 'insects', 'picture with artefacts', 'rabbits', 'wall'], 'similarity_method': <SimilarityMethod.minus_human_similarity: 'minus_human_similarity'>, 'minus_similarity_weight': 0.37898453303063107, 'score_method': <ScoreMethod.mean: 'mean'>}. Best is trial 58 with value: 0.762137869719837.
[I 2023-06-15 21:31:17,397] Trial 136 finished with value: 0.5 and parameters: {'positive_texts': ['going through a fence', 'human cutting a fence', 'human wearing light cloths', 'human wearing white cloths', 'putting a knee down'], 'negative_texts': ['bird flying around', 'cloudy field with a fence', 'field with green grass', 'insects', 'picture with artefacts', 'plastic bag laying on the floor'], 'similarity_method': <SimilarityMethod.minus_human_features: 'minus_human_features'>, 'score_method': <TopClassificationMethod.max_sum: 'max_sum'>}. Best is trial 58 with value: 0.762137869719837.
[I 2023-06-15 21:31:19,764] Trial 137 finished with value: 0.6950353456500997 and parameters: {'positive_texts': ['grayscale picture of a human', 'human approaching a fence', 'human going through a fence', 'human wearing a coat', 'putting a knee down', 'thief'], 'negative_texts': ['bird flying around', 'birds flying', 'change of colorimetry', 'picture with artefacts'], 'similarity_method': <SimilarityMethod.minus_human_features: 'minus_human_features'>, 'score_method': <ScoreMethod.mean: 'mean'>}. Best is trial 58 with value: 0.762137869719837.
[I 2023-06-15 21:31:22,967] Trial 138 finished with value: 0.5 and parameters: {'positive_texts': ['grayscale picture of a human', 'human stepping down', 'one person', 'putting a knee down'], 'negative_texts': ['bird flying around', 'birds flying', 'black and white picture', 'empty scene', 'field at midnight', 'foxes', 'video with artefacts'], 'similarity_method': <SimilarityMethod.minus_human_features: 'minus_human_features'>, 'score_method': <TopClassificationMethod.mode: 'mode'>}. Best is trial 58 with value: 0.762137869719837.
[I 2023-06-15 21:31:26,396] Trial 139 finished with value: 0.7545754185098448 and parameters: {'positive_texts': ['going through a fence', 'human against a wall', 'human climbing a ladder on a fence', 'human walking', 'person'], 'negative_texts': ['barbed wire', 'empty scene', 'foxes', 'insect flying', 'rabbits', 'video with artefacts'], 'similarity_method': <SimilarityMethod.minus_human_similarity: 'minus_human_similarity'>, 'minus_similarity_weight': 0.28888478781384963, 'score_method': <ScoreMethod.mean: 'mean'>}. Best is trial 58 with value: 0.762137869719837.
[I 2023-06-15 21:31:30,628] Trial 140 finished with value: 0.594858617399601 and parameters: {'positive_texts': ['black and white picture of a human', 'human climbing a ladder', 'human holding a ladder', 'human pick locking', 'human wearing a coat', 'human wearing white cloths', 'terrorist'], 'negative_texts': ['barbed wire', 'empty scene', 'foxes', 'insect flying', 'rabbits', 'video with artefacts'], 'similarity_method': <SimilarityMethod.minus_human_similarity: 'minus_human_similarity'>, 'minus_similarity_weight': 0.31849705689352614, 'score_method': <ScoreMethod.mean: 'mean'>}. Best is trial 58 with value: 0.762137869719837.
[I 2023-06-15 21:31:33,393] Trial 141 finished with value: 0.749024199843872 and parameters: {'positive_texts': ['going through a fence', 'human against a wall', 'human climbing a ladder on a fence', 'human walking', 'person'], 'negative_texts': ['barbed wire', 'empty scene', 'foxes', 'insect flying', 'rabbits', 'video with artefacts'], 'similarity_method': <SimilarityMethod.minus_human_similarity: 'minus_human_similarity'>, 'minus_similarity_weight': 0.2292863451032794, 'score_method': <ScoreMethod.mean: 'mean'>}. Best is trial 58 with value: 0.762137869719837.
[I 2023-06-15 21:31:35,865] Trial 142 finished with value: 0.6775251539595801 and parameters: {'positive_texts': ['a picture of a human climbing a ladder', 'human cutting a fence', 'human discretely moving towards a fence', 'ladder leaning against a fence', 'terrorist'], 'negative_texts': ['barbed wire', 'empty scene', 'foxes', 'insect flying', 'rabbits', 'video with artefacts'], 'similarity_method': <SimilarityMethod.minus_human_similarity: 'minus_human_similarity'>, 'minus_similarity_weight': 0.22728676507516343, 'score_method': <ScoreMethod.mean: 'mean'>}. Best is trial 58 with value: 0.762137869719837.
[I 2023-06-15 21:31:38,497] Trial 143 finished with value: 0.7525994231936854 and parameters: {'positive_texts': ['going through a fence', 'human against a wall', 'human climbing a ladder on a fence', 'human walking', 'person'], 'negative_texts': ['barbed wire', 'empty scene', 'foxes', 'insect flying', 'rabbits', 'video with artefacts'], 'similarity_method': <SimilarityMethod.minus_human_similarity: 'minus_human_similarity'>, 'minus_similarity_weight': 0.2648190682005268, 'score_method': <ScoreMethod.mean: 'mean'>}. Best is trial 58 with value: 0.762137869719837.
[I 2023-06-15 21:31:41,174] Trial 144 finished with value: 0.7538435683927488 and parameters: {'positive_texts': ['going through a fence', 'human against a wall', 'human climbing a ladder on a fence', 'human walking', 'person'], 'negative_texts': ['barbed wire', 'empty scene', 'foxes', 'insect flying', 'rabbits', 'video with artefacts'], 'similarity_method': <SimilarityMethod.minus_human_similarity: 'minus_human_similarity'>, 'minus_similarity_weight': 0.2805792419916401, 'score_method': <ScoreMethod.mean: 'mean'>}. Best is trial 58 with value: 0.762137869719837.
[I 2023-06-15 21:31:44,261] Trial 145 finished with value: 0.6096311475409836 and parameters: {'positive_texts': ['a human running', 'a video of a human approaching a fence', 'adult', 'human kneeling down', 'human stepping down', 'putting a knee down', 'ripping a fence'], 'negative_texts': ['barbed wire', 'empty scene', 'foxes', 'insect flying', 'rabbits', 'video with artefacts'], 'similarity_method': <SimilarityMethod.minus_human_similarity: 'minus_human_similarity'>, 'minus_similarity_weight': 0.2733380164687037, 'score_method': <ScoreMethod.mean: 'mean'>}. Best is trial 58 with value: 0.762137869719837.
[I 2023-06-15 21:31:46,860] Trial 146 finished with value: 0.5330470986208691 and parameters: {'positive_texts': ['going through a fence', 'human against a wall', 'human climbing a ladder on a fence', 'human walking', 'person'], 'negative_texts': ['barbed wire', 'empty scene', 'foxes', 'insect flying', 'rabbits', 'video with artefacts'], 'similarity_method': <SimilarityMethod.minus_human_similarity: 'minus_human_similarity'>, 'minus_similarity_weight': 0.2994063239679021, 'score_method': <ScoreMethod.positive: 'positive'>}. Best is trial 58 with value: 0.762137869719837.
[I 2023-06-15 21:31:49,613] Trial 147 finished with value: 0.7501463700234191 and parameters: {'positive_texts': ['going through a fence', 'human against a wall', 'human climbing a ladder on a fence', 'human walking', 'person'], 'negative_texts': ['barbed wire', 'empty scene', 'foxes', 'insect flying', 'rabbits', 'video with artefacts'], 'similarity_method': <SimilarityMethod.minus_human_similarity: 'minus_human_similarity'>, 'minus_similarity_weight': 0.239871484209071, 'score_method': <ScoreMethod.mean: 'mean'>}. Best is trial 58 with value: 0.762137869719837.
