[I 2023-06-15 21:26:15,118] Trial 36 finished with value: 0.5 and parameters: {'positive_texts': ['an adult running', 'human kneeling down', 'human wearing a coat', 'human wearing dark clothes', 'one person', 'person creep walking', 'person crip walking'], 'negative_texts': ['animals', 'birds flying', 'black and white scene of horror movie', 'insects', 'plastic bag flying', 'plastic bag laying on the floor', 'rabbits'], 'similarity_method': <SimilarityMethod.minus_human_features: 'minus_human_features'>, 'score_method': <TopClassificationMethod.any: 'any'>}. Best is trial 14 with value: 0.7299418856795906.
[I 2023-06-15 21:26:17,705] Trial 37 finished with value: 0.48987878393616097 and parameters: {'positive_texts': ['grayscale picture of a human', 'human bending down', 'human climbing a ladder', 'human holding a ladder', 'human making small steps', 'human unlocking a door', 'human wearing dark clothes'], 'negative_texts': ['bag', 'black and white picture', 'change of colorimetry', 'field at midnight', 'wall'], 'similarity_method': <SimilarityMethod.minus_human_similarity: 'minus_human_similarity'>, 'minus_similarity_weight': 0.13437859017209514, 'score_method': <ScoreMethod.positive: 'positive'>}. Best is trial 14 with value: 0.7299418856795906.
[I 2023-06-15 21:26:20,149] Trial 38 finished with value: 0.5507849770144853 and parameters: {'positive_texts': ['a video of a human approaching a fence', 'human discretely moving towards a fence', 'ripping a fence', 'thief'], 'negative_texts': ['bag', 'barbed wire', 'black and white scene of horror movie', 'change of colorimetry', 'empty scene', 'fence', 'video with artefacts'], 'similarity_method': <SimilarityMethod.dot_product: 'dot_product'>, 'score_method': <TopClassificationMethod.max_sum: 'max_sum'>}. Best is trial 14 with value: 0.7299418856795906.
[I 2023-06-15 21:26:22,986] Trial 39 finished with value: 0.6234658253100877 and parameters: {'positive_texts': ['going through a fence', 'human against a wall', 'human unlocking a door', 'human wearing light cloths', 'person creep walking', 'putting a knee down', 'thief'], 'negative_texts': ['field at midnight', 'foxes', 'insect flying', 'picture with artefacts'], 'similarity_method': <SimilarityMethod.minus_human_features: 'minus_human_features'>, 'score_method': <ScoreMethod.mean: 'mean'>}. Best is trial 14 with value: 0.7299418856795906.
[I 2023-06-15 21:26:26,172] Trial 40 finished with value: 0.5 and parameters: {'positive_texts': ['an adult running', 'human approaching a fence', 'human making small steps', 'human walking', 'person crip walking'], 'negative_texts': ['black and white scene of horror movie', 'cloudy field with a fence', 'empty scene', 'picture with artefacts', 'plastic bag laying on the floor', 'rabbits'], 'similarity_method': <SimilarityMethod.minus_human_similarity: 'minus_human_similarity'>, 'minus_similarity_weight': 0.8811556802803293, 'score_method': <TopClassificationMethod.mode: 'mode'>}. Best is trial 14 with value: 0.7299418856795906.
[I 2023-06-15 21:26:29,088] Trial 41 finished with value: 0.7163186312776477 and parameters: {'positive_texts': ['a video of a human approaching', 'grayscale picture of a human', 'human approaching a fence', 'human going through', 'human stepping down', 'human', 'ripping a fence'], 'negative_texts': ['bird flying around', 'birds flying', 'black and white picture', 'empty scene', 'field at midnight', 'foxes', 'video with artefacts'], 'similarity_method': <SimilarityMethod.minus_human_features: 'minus_human_features'>, 'score_method': <ScoreMethod.mean: 'mean'>}. Best is trial 14 with value: 0.7299418856795906.
[I 2023-06-15 21:26:31,712] Trial 42 finished with value: 0.7163186312776477 and parameters: {'positive_texts': ['a video of a human approaching', 'grayscale picture of a human', 'human approaching a fence', 'human going through', 'human stepping down', 'human', 'ripping a fence'], 'negative_texts': ['bird flying around', 'birds flying', 'black and white picture', 'empty scene', 'field at midnight', 'foxes', 'video with artefacts'], 'similarity_method': <SimilarityMethod.minus_human_features: 'minus_human_features'>, 'score_method': <ScoreMethod.mean: 'mean'>}. Best is trial 14 with value: 0.7299418856795906.
[I 2023-06-15 21:26:34,930] Trial 43 finished with value: 0.6133175036863562 and parameters: {'positive_texts': ['a video of a human approaching a fence', 'going through a fence', 'human against a wall', 'human discretely moving towards a fence', 'human wearing light cloths', 'putting a knee down'], 'negative_texts': ['bird flying around', 'cloudy field with a fence', 'field with green grass', 'foxes', 'grayscale picture of a fence', 'plastic bag laying on the floor'], 'similarity_method': <SimilarityMethod.minus_human_features: 'minus_human_features'>, 'score_method': <ScoreMethod.mean: 'mean'>}. Best is trial 14 with value: 0.7299418856795906.
[I 2023-06-15 21:26:37,189] Trial 44 finished with value: 0.5686258565356926 and parameters: {'positive_texts': ['human bending down', 'human climbing a ladder', 'human cutting a fence', 'human going through a fence', 'terrorist'], 'negative_texts': ['black and white scene of horror movie', 'grayscale picture of a fence', 'insects', 'picture with artefacts', 'plastic bag laying on the floor'], 'similarity_method': <SimilarityMethod.minus_human_features: 'minus_human_features'>, 'score_method': <ScoreMethod.mean: 'mean'>}. Best is trial 14 with value: 0.7299418856795906.
[I 2023-06-15 21:26:40,255] Trial 45 finished with value: 0.5644895480961056 and parameters: {'positive_texts': ['a person running', 'human going through a fence', 'human making small steps', 'human unlocking a door', 'human walking', 'one person', 'putting a knee down'], 'negative_texts': ['empty scene', 'field with green grass', 'foxes', 'grayscale picture of a fence', 'horror movie scene', 'insect flying', 'wall'], 'similarity_method': <SimilarityMethod.minus_human_features: 'minus_human_features'>, 'score_method': <ScoreMethod.mean: 'mean'>}. Best is trial 14 with value: 0.7299418856795906.
[I 2023-06-15 21:26:42,483] Trial 46 finished with value: 0.5 and parameters: {'positive_texts': ['human bending down', 'human cutting a fence', 'ladder leaning against a fence', 'person creep walking'], 'negative_texts': ['animals', 'black and white picture', 'field', 'grayscale picture of a fence', 'plastic bag flying', 'wall'], 'similarity_method': <SimilarityMethod.minus_human_features: 'minus_human_features'>, 'score_method': <TopClassificationMethod.any: 'any'>}. Best is trial 14 with value: 0.7299418856795906.
[I 2023-06-15 21:26:44,187] Trial 47 finished with value: 0.6846756006592072 and parameters: {'positive_texts': ['human discretely moving towards a fence', 'ladder leaning against a fence', 'person', 'putting a knee down'], 'negative_texts': ['bird flying around', 'birds flying', 'rabbits', 'video with artefacts'], 'similarity_method': <SimilarityMethod.minus_human_similarity: 'minus_human_similarity'>, 'minus_similarity_weight': 0.1334982889307274, 'score_method': <ScoreMethod.mean: 'mean'>}. Best is trial 14 with value: 0.7299418856795906.
[I 2023-06-15 21:26:46,630] Trial 48 finished with value: 0.5 and parameters: {'positive_texts': ['a video of a human approaching', 'grayscale picture of a human', 'human going through', 'human stepping down', 'human unlocking a door', 'thief'], 'negative_texts': ['barbed wire', 'birds flying', 'cloudy field with a fence', 'field', 'wall'], 'similarity_method': <SimilarityMethod.minus_human_features: 'minus_human_features'>, 'score_method': <TopClassificationMethod.mode: 'mode'>}. Best is trial 14 with value: 0.7299418856795906.
[I 2023-06-15 21:26:48,392] Trial 49 finished with value: 0.6233194552866684 and parameters: {'positive_texts': ['adult', 'human wearing a coat', 'terrorist', 'thief'], 'negative_texts': ['black and white picture', 'fence', 'field at midnight', 'picture with artefacts'], 'similarity_method': <SimilarityMethod.minus_human_features: 'minus_human_features'>, 'score_method': <ScoreMethod.mean: 'mean'>}. Best is trial 14 with value: 0.7299418856795906.
[I 2023-06-15 21:26:50,443] Trial 50 finished with value: 0.5 and parameters: {'positive_texts': ['human against a wall', 'human cutting', 'human wearing a coat', 'one person'], 'negative_texts': ['change of colorimetry', 'horror movie scene', 'insect flying', 'picture with artefacts', 'plastic bag flying'], 'similarity_method': <SimilarityMethod.minus_human_features: 'minus_human_features'>, 'score_method': <TopClassificationMethod.max_sum: 'max_sum'>}. Best is trial 14 with value: 0.7299418856795906.
[I 2023-06-15 21:26:53,382] Trial 51 finished with value: 0.7163186312776477 and parameters: {'positive_texts': ['a video of a human approaching', 'grayscale picture of a human', 'human approaching a fence', 'human going through', 'human stepping down', 'human', 'ripping a fence'], 'negative_texts': ['bird flying around', 'birds flying', 'black and white picture', 'empty scene', 'field at midnight', 'foxes', 'video with artefacts'], 'similarity_method': <SimilarityMethod.minus_human_features: 'minus_human_features'>, 'score_method': <ScoreMethod.mean: 'mean'>}. Best is trial 14 with value: 0.7299418856795906.
[I 2023-06-15 21:26:56,288] Trial 52 finished with value: 0.6410166753404458 and parameters: {'positive_texts': ['a video of a human approaching', 'grayscale picture of a human', 'human approaching a fence', 'human going through', 'human stepping down', 'human', 'ripping a fence'], 'negative_texts': ['animals', 'bag', 'black and white scene of horror movie', 'cloudy field with a fence', 'fence', 'foxes'], 'similarity_method': <SimilarityMethod.minus_human_features: 'minus_human_features'>, 'score_method': <ScoreMethod.mean: 'mean'>}. Best is trial 14 with value: 0.7299418856795906.
[I 2023-06-15 21:26:58,526] Trial 53 finished with value: 0.6515255009107468 and parameters: {'positive_texts': ['adult', 'human going through', 'human wearing light cloths', 'person creep walking', 'terrorist'], 'negative_texts': ['animals', 'black and white scene of horror movie', 'plastic bag laying on the floor', 'video with artefacts'], 'similarity_method': <SimilarityMethod.minus_human_features: 'minus_human_features'>, 'score_method': <ScoreMethod.mean: 'mean'>}. Best is trial 14 with value: 0.7299418856795906.
[I 2023-06-15 21:27:00,614] Trial 54 finished with value: 0.5344891144071473 and parameters: {'positive_texts': ['a person running', 'a picture of a human climbing a ladder', 'human against a wall', 'putting a knee down', 'ripping a fence'], 'negative_texts': ['cloudy field with a fence', 'empty scene', 'insects', 'plastic bag laying on the floor'], 'similarity_method': <SimilarityMethod.minus_human_features: 'minus_human_features'>, 'score_method': <ScoreMethod.mean: 'mean'>}. Best is trial 14 with value: 0.7299418856795906.
[I 2023-06-15 21:27:02,697] Trial 55 finished with value: 0.37508131667967737 and parameters: {'positive_texts': ['grayscale picture of a human', 'human stepping down', 'one person', 'putting a knee down'], 'negative_texts': ['animals', 'barbed wire', 'black and white scene of horror movie', 'insect flying', 'insects'], 'similarity_method': <SimilarityMethod.dot_product: 'dot_product'>, 'score_method': <ScoreMethod.mean: 'mean'>}. Best is trial 14 with value: 0.7299418856795906.
[I 2023-06-15 21:27:04,650] Trial 56 finished with value: 0.3517434296122821 and parameters: {'positive_texts': ['going through a fence', 'human cutting a fence', 'human wearing light cloths', 'human wearing white cloths', 'putting a knee down'], 'negative_texts': ['barbed wire', 'bird flying around', 'empty scene', 'foxes'], 'similarity_method': <SimilarityMethod.minus_human_features: 'minus_human_features'>, 'score_method': <ScoreMethod.positive: 'positive'>}. Best is trial 14 with value: 0.7299418856795906.
[I 2023-06-15 21:27:07,075] Trial 57 finished with value: 0.582010582010582 and parameters: {'positive_texts': ['grayscale picture of a human', 'human approaching a fence', 'human going through a fence', 'human wearing a coat', 'putting a knee down', 'thief'], 'negative_texts': ['bag', 'bird flying around', 'cloudy field with a fence', 'field with green grass', 'insect flying', 'insects'], 'similarity_method': <SimilarityMethod.minus_human_features: 'minus_human_features'>, 'score_method': <ScoreMethod.mean: 'mean'>}. Best is trial 14 with value: 0.7299418856795906.
[I 2023-06-15 21:27:09,769] Trial 58 finished with value: 0.762137869719837 and parameters: {'positive_texts': ['black and white picture of a human', 'human cutting a fence', 'human cutting', 'human wearing light cloths', 'ripping a fence', 'thief'], 'negative_texts': ['bird flying around', 'birds flying', 'black and white picture', 'empty scene', 'field at midnight', 'foxes', 'video with artefacts'], 'similarity_method': <SimilarityMethod.minus_human_similarity: 'minus_human_similarity'>, 'minus_similarity_weight': 0.3782925257591209, 'score_method': <ScoreMethod.mean: 'mean'>}. Best is trial 58 with value: 0.762137869719837.
[I 2023-06-15 21:27:12,201] Trial 59 finished with value: 0.4972027062190996 and parameters: {'positive_texts': ['black and white picture of a human', 'human cutting a fence', 'human cutting', 'human wearing light cloths', 'ripping a fence', 'thief'], 'negative_texts': ['empty scene', 'field with green grass', 'horror movie scene', 'rabbits', 'wall'], 'similarity_method': <SimilarityMethod.minus_human_similarity: 'minus_human_similarity'>, 'minus_similarity_weight': 0.3778708913345175, 'score_method': <ScoreMethod.mean: 'mean'>}. Best is trial 58 with value: 0.762137869719837.
[I 2023-06-15 21:27:15,071] Trial 60 finished with value: 0.5 and parameters: {'positive_texts': ['a human running', 'a video of a human approaching', 'going through a fence', 'human unlocking a door', 'person creep walking', 'terrorist'], 'negative_texts': ['black and white picture', 'fence', 'field with green grass', 'picture with artefacts', 'plastic bag flying'], 'similarity_method': <SimilarityMethod.minus_human_similarity: 'minus_human_similarity'>, 'minus_similarity_weight': 0.34899649945734273, 'score_method': <TopClassificationMethod.any: 'any'>}. Best is trial 58 with value: 0.762137869719837.
[I 2023-06-15 21:27:18,458] Trial 61 finished with value: 0.7389788793477319 and parameters: {'positive_texts': ['an adult running', 'human kneeling down', 'human wearing a coat', 'human wearing dark clothes', 'ladder leaning against a fence'], 'negative_texts': ['bird flying around', 'birds flying', 'black and white picture', 'empty scene', 'field at midnight', 'foxes', 'video with artefacts'], 'similarity_method': <SimilarityMethod.minus_human_similarity: 'minus_human_similarity'>, 'minus_similarity_weight': 0.24462915513212946, 'score_method': <ScoreMethod.mean: 'mean'>}. Best is trial 58 with value: 0.762137869719837.
[I 2023-06-15 21:27:21,901] Trial 62 finished with value: 0.5314695550351288 and parameters: {'positive_texts': ['adult', 'grayscale picture of a human', 'human cutting a fence', 'human unlocking a door', 'putting a knee down'], 'negative_texts': ['bird flying around', 'cloudy field with a fence', 'field with green grass', 'insects', 'picture with artefacts', 'plastic bag laying on the floor'], 'similarity_method': <SimilarityMethod.minus_human_similarity: 'minus_human_similarity'>, 'minus_similarity_weight': 0.2678510626569396, 'score_method': <ScoreMethod.mean: 'mean'>}. Best is trial 58 with value: 0.762137869719837.
[I 2023-06-15 21:27:24,691] Trial 63 finished with value: 0.6522952988116922 and parameters: {'positive_texts': ['a person running', 'human making small steps', 'putting a knee down', 'thief'], 'negative_texts': ['bird flying around', 'birds flying', 'change of colorimetry', 'picture with artefacts'], 'similarity_method': <SimilarityMethod.minus_human_similarity: 'minus_human_similarity'>, 'minus_similarity_weight': 0.23454832528189246, 'score_method': <ScoreMethod.mean: 'mean'>}. Best is trial 58 with value: 0.762137869719837.
[I 2023-06-15 21:27:29,584] Trial 64 finished with value: 0.696401465868679 and parameters: {'positive_texts': ['a human running', 'a video of a human approaching a fence', 'adult', 'human kneeling down', 'human stepping down', 'putting a knee down', 'ripping a fence'], 'negative_texts': ['bird flying around', 'birds flying', 'black and white picture', 'empty scene', 'field at midnight', 'foxes', 'video with artefacts'], 'similarity_method': <SimilarityMethod.minus_human_similarity: 'minus_human_similarity'>, 'minus_similarity_weight': 0.46496261940868705, 'score_method': <ScoreMethod.mean: 'mean'>}. Best is trial 58 with value: 0.762137869719837.
[I 2023-06-15 21:27:32,593] Trial 65 finished with value: 0.5167891837973805 and parameters: {'positive_texts': ['an adult running', 'human kneeling down', 'human wearing a coat', 'human wearing dark clothes', 'ladder leaning against a fence'], 'negative_texts': ['bag', 'black and white scene of horror movie', 'insects', 'picture with artefacts', 'rabbits', 'wall'], 'similarity_method': <SimilarityMethod.minus_human_similarity: 'minus_human_similarity'>, 'minus_similarity_weight': 0.41199294786318447, 'score_method': <ScoreMethod.mean: 'mean'>}. Best is trial 58 with value: 0.762137869719837.
[I 2023-06-15 21:27:35,205] Trial 66 finished with value: 0.6452370110156995 and parameters: {'positive_texts': ['going through a fence', 'human against a wall', 'human climbing a ladder on a fence', 'human walking', 'person'], 'negative_texts': ['bird flying around', 'black and white picture', 'field at midnight', 'wall'], 'similarity_method': <SimilarityMethod.minus_human_similarity: 'minus_human_similarity'>, 'minus_similarity_weight': 0.10596854720217844, 'score_method': <ScoreMethod.mean: 'mean'>}. Best is trial 58 with value: 0.762137869719837.
[I 2023-06-15 21:27:38,214] Trial 67 finished with value: 0.5 and parameters: {'positive_texts': ['a person running', 'adult', 'an adult running', 'human climbing a ladder on a fence', 'human cutting', 'human stepping down', 'one person'], 'negative_texts': ['bird flying around', 'birds flying', 'black and white picture', 'empty scene', 'field at midnight', 'foxes', 'video with artefacts'], 'similarity_method': <SimilarityMethod.minus_human_similarity: 'minus_human_similarity'>, 'minus_similarity_weight': 0.29082506936895713, 'score_method': <TopClassificationMethod.max_sum: 'max_sum'>}. Best is trial 58 with value: 0.762137869719837.
[I 2023-06-15 21:27:40,799] Trial 68 finished with value: 0.710523462572643 and parameters: {'positive_texts': ['black and white picture of a human', 'human cutting a fence', 'human cutting', 'human wearing light cloths', 'ripping a fence', 'thief'], 'negative_texts': ['barbed wire', 'empty scene', 'foxes', 'insect flying', 'rabbits', 'video with artefacts'], 'similarity_method': <SimilarityMethod.minus_human_similarity: 'minus_human_similarity'>, 'minus_similarity_weight': 0.1998286745857354, 'score_method': <ScoreMethod.mean: 'mean'>}. Best is trial 58 with value: 0.762137869719837.
[I 2023-06-15 21:27:44,312] Trial 69 finished with value: 0.5041471506635442 and parameters: {'positive_texts': ['black and white picture of a human', 'human climbing a ladder', 'human holding a ladder', 'human pick locking', 'human wearing a coat', 'human wearing white cloths', 'terrorist'], 'negative_texts': ['empty scene', 'field', 'foxes', 'grayscale picture of a fence', 'insect flying', 'insects', 'video with artefacts'], 'similarity_method': <SimilarityMethod.dot_product: 'dot_product'>, 'score_method': <ScoreMethod.positive: 'positive'>}. Best is trial 58 with value: 0.762137869719837.
[I 2023-06-15 21:27:47,356] Trial 70 finished with value: 0.5140650750281899 and parameters: {'positive_texts': ['a human running', 'a video of a human approaching', 'going through a fence', 'human unlocking a door', 'person creep walking', 'terrorist'], 'negative_texts': ['bird flying around', 'cloudy field with a fence', 'field with green grass', 'field', 'insect flying', 'plastic bag laying on the floor'], 'similarity_method': <SimilarityMethod.minus_human_similarity: 'minus_human_similarity'>, 'minus_similarity_weight': 0.32044481851607803, 'score_method': <TopClassificationMethod.mode: 'mode'>}. Best is trial 58 with value: 0.762137869719837.
[I 2023-06-15 21:27:50,685] Trial 71 finished with value: 0.7235395524329951 and parameters: {'positive_texts': ['grayscale picture of a human', 'human bending down', 'human stepping down', 'ladder leaning against a fence', 'person crip walking', 'terrorist'], 'negative_texts': ['bird flying around', 'birds flying', 'black and white picture', 'empty scene', 'field at midnight', 'foxes', 'video with artefacts'], 'similarity_method': <SimilarityMethod.minus_human_features: 'minus_human_features'>, 'score_method': <ScoreMethod.mean: 'mean'>}. Best is trial 58 with value: 0.762137869719837.
[I 2023-06-15 21:27:53,224] Trial 72 finished with value: 0.6674500173475584 and parameters: {'positive_texts': ['grayscale picture of a human', 'human bending down', 'human stepping down', 'ladder leaning against a fence', 'person crip walking', 'terrorist'], 'negative_texts': ['barbed wire', 'field at midnight', 'foxes', 'plastic bag flying'], 'similarity_method': <SimilarityMethod.minus_human_features: 'minus_human_features'>, 'score_method': <ScoreMethod.mean: 'mean'>}. Best is trial 58 with value: 0.762137869719837.
