[I 2023-06-15 21:31:52,997] Trial 148 finished with value: 0.750531268973892 and parameters: {'positive_texts': ['going through a fence', 'human against a wall', 'human climbing a ladder on a fence', 'human walking', 'person'], 'negative_texts': ['barbed wire', 'empty scene', 'foxes', 'insect flying', 'rabbits', 'video with artefacts'], 'similarity_method': <SimilarityMethod.minus_human_similarity: 'minus_human_similarity'>, 'minus_similarity_weight': 0.24385667439350656, 'score_method': <ScoreMethod.mean: 'mean'>}. Best is trial 58 with value: 0.762137869719837.
[I 2023-06-15 21:31:56,289] Trial 149 finished with value: 0.7501192644635268 and parameters: {'positive_texts': ['going through a fence', 'human against a wall', 'human climbing a ladder on a fence', 'human walking', 'person'], 'negative_texts': ['barbed wire', 'empty scene', 'foxes', 'insect flying', 'rabbits', 'video with artefacts'], 'similarity_method': <SimilarityMethod.minus_human_similarity: 'minus_human_similarity'>, 'minus_similarity_weight': 0.23970693640040902, 'score_method': <ScoreMethod.mean: 'mean'>}. Best is trial 58 with value: 0.762137869719837.
[I 2023-06-15 21:31:59,537] Trial 150 finished with value: 0.749799418856796 and parameters: {'positive_texts': ['going through a fence', 'human against a wall', 'human climbing a ladder on a fence', 'human walking', 'person'], 'negative_texts': ['barbed wire', 'empty scene', 'foxes', 'insect flying', 'rabbits', 'video with artefacts'], 'similarity_method': <SimilarityMethod.minus_human_similarity: 'minus_human_similarity'>, 'minus_similarity_weight': 0.236637651585234, 'score_method': <ScoreMethod.mean: 'mean'>}. Best is trial 58 with value: 0.762137869719837.
[I 2023-06-15 21:32:02,252] Trial 151 finished with value: 0.7494795732500651 and parameters: {'positive_texts': ['going through a fence', 'human against a wall', 'human climbing a ladder on a fence', 'human walking', 'person'], 'negative_texts': ['barbed wire', 'empty scene', 'foxes', 'insect flying', 'rabbits', 'video with artefacts'], 'similarity_method': <SimilarityMethod.minus_human_similarity: 'minus_human_similarity'>, 'minus_similarity_weight': 0.23397435998045377, 'score_method': <ScoreMethod.mean: 'mean'>}. Best is trial 58 with value: 0.762137869719837.
[I 2023-06-15 21:32:05,362] Trial 152 finished with value: 0.7504065833983866 and parameters: {'positive_texts': ['going through a fence', 'human against a wall', 'human climbing a ladder on a fence', 'human walking', 'person'], 'negative_texts': ['barbed wire', 'empty scene', 'foxes', 'insect flying', 'rabbits', 'video with artefacts'], 'similarity_method': <SimilarityMethod.minus_human_similarity: 'minus_human_similarity'>, 'minus_similarity_weight': 0.24246415811515937, 'score_method': <ScoreMethod.mean: 'mean'>}. Best is trial 58 with value: 0.762137869719837.
[I 2023-06-15 21:32:07,947] Trial 153 finished with value: 0.7502602133749676 and parameters: {'positive_texts': ['going through a fence', 'human against a wall', 'human climbing a ladder on a fence', 'human walking', 'person'], 'negative_texts': ['barbed wire', 'empty scene', 'foxes', 'insect flying', 'rabbits', 'video with artefacts'], 'similarity_method': <SimilarityMethod.minus_human_similarity: 'minus_human_similarity'>, 'minus_similarity_weight': 0.24118083179319877, 'score_method': <ScoreMethod.mean: 'mean'>}. Best is trial 58 with value: 0.762137869719837.
[I 2023-06-15 21:32:10,600] Trial 154 finished with value: 0.7501030011275913 and parameters: {'positive_texts': ['going through a fence', 'human against a wall', 'human climbing a ladder on a fence', 'human walking', 'person'], 'negative_texts': ['barbed wire', 'empty scene', 'foxes', 'insect flying', 'rabbits', 'video with artefacts'], 'similarity_method': <SimilarityMethod.minus_human_similarity: 'minus_human_similarity'>, 'minus_similarity_weight': 0.23910151774416027, 'score_method': <ScoreMethod.mean: 'mean'>}. Best is trial 58 with value: 0.762137869719837.
[I 2023-06-15 21:32:13,106] Trial 155 finished with value: 0.7500921589036343 and parameters: {'positive_texts': ['going through a fence', 'human against a wall', 'human climbing a ladder on a fence', 'human walking', 'person'], 'negative_texts': ['barbed wire', 'empty scene', 'foxes', 'insect flying', 'rabbits', 'video with artefacts'], 'similarity_method': <SimilarityMethod.minus_human_similarity: 'minus_human_similarity'>, 'minus_similarity_weight': 0.23903940590659548, 'score_method': <ScoreMethod.mean: 'mean'>}. Best is trial 58 with value: 0.762137869719837.
[I 2023-06-15 21:32:15,669] Trial 156 finished with value: 0.7499349466562582 and parameters: {'positive_texts': ['going through a fence', 'human against a wall', 'human climbing a ladder on a fence', 'human walking', 'person'], 'negative_texts': ['barbed wire', 'empty scene', 'foxes', 'insect flying', 'rabbits', 'video with artefacts'], 'similarity_method': <SimilarityMethod.minus_human_similarity: 'minus_human_similarity'>, 'minus_similarity_weight': 0.23746741646954267, 'score_method': <ScoreMethod.mean: 'mean'>}. Best is trial 58 with value: 0.762137869719837.
[I 2023-06-15 21:32:18,263] Trial 157 finished with value: 0.7499349466562582 and parameters: {'positive_texts': ['going through a fence', 'human against a wall', 'human climbing a ladder on a fence', 'human walking', 'person'], 'negative_texts': ['barbed wire', 'empty scene', 'foxes', 'insect flying', 'rabbits', 'video with artefacts'], 'similarity_method': <SimilarityMethod.minus_human_similarity: 'minus_human_similarity'>, 'minus_similarity_weight': 0.23748240061975118, 'score_method': <ScoreMethod.mean: 'mean'>}. Best is trial 58 with value: 0.762137869719837.
[I 2023-06-15 21:32:20,916] Trial 158 finished with value: 0.7491380431954202 and parameters: {'positive_texts': ['going through a fence', 'human against a wall', 'human climbing a ladder on a fence', 'human walking', 'person'], 'negative_texts': ['barbed wire', 'empty scene', 'foxes', 'insect flying', 'rabbits', 'video with artefacts'], 'similarity_method': <SimilarityMethod.minus_human_similarity: 'minus_human_similarity'>, 'minus_similarity_weight': 0.23067968356837554, 'score_method': <ScoreMethod.mean: 'mean'>}. Best is trial 58 with value: 0.762137869719837.
[I 2023-06-15 21:32:23,886] Trial 159 finished with value: 0.7513010668748374 and parameters: {'positive_texts': ['going through a fence', 'human against a wall', 'human climbing a ladder on a fence', 'human walking', 'person'], 'negative_texts': ['barbed wire', 'empty scene', 'foxes', 'insect flying', 'rabbits', 'video with artefacts'], 'similarity_method': <SimilarityMethod.minus_human_similarity: 'minus_human_similarity'>, 'minus_similarity_weight': 0.2536503805794739, 'score_method': <ScoreMethod.mean: 'mean'>}. Best is trial 58 with value: 0.762137869719837.
[I 2023-06-15 21:32:27,274] Trial 160 finished with value: 0.7518973891924712 and parameters: {'positive_texts': ['going through a fence', 'human against a wall', 'human climbing a ladder on a fence', 'human walking', 'person'], 'negative_texts': ['barbed wire', 'empty scene', 'foxes', 'insect flying', 'rabbits', 'video with artefacts'], 'similarity_method': <SimilarityMethod.minus_human_similarity: 'minus_human_similarity'>, 'minus_similarity_weight': 0.25965139029230405, 'score_method': <ScoreMethod.mean: 'mean'>}. Best is trial 58 with value: 0.762137869719837.
[I 2023-06-15 21:32:31,138] Trial 161 finished with value: 0.7525641859658252 and parameters: {'positive_texts': ['going through a fence', 'human against a wall', 'human climbing a ladder on a fence', 'human walking', 'person'], 'negative_texts': ['barbed wire', 'empty scene', 'foxes', 'insect flying', 'rabbits', 'video with artefacts'], 'similarity_method': <SimilarityMethod.minus_human_similarity: 'minus_human_similarity'>, 'minus_similarity_weight': 0.2644129340540414, 'score_method': <ScoreMethod.mean: 'mean'>}. Best is trial 58 with value: 0.762137869719837.
[I 2023-06-15 21:32:33,652] Trial 162 finished with value: 0.7525262381819758 and parameters: {'positive_texts': ['going through a fence', 'human against a wall', 'human climbing a ladder on a fence', 'human walking', 'person'], 'negative_texts': ['barbed wire', 'empty scene', 'foxes', 'insect flying', 'rabbits', 'video with artefacts'], 'similarity_method': <SimilarityMethod.minus_human_similarity: 'minus_human_similarity'>, 'minus_similarity_weight': 0.2640816066568277, 'score_method': <ScoreMethod.mean: 'mean'>}. Best is trial 58 with value: 0.762137869719837.
[I 2023-06-15 21:32:36,020] Trial 163 finished with value: 0.7530629282678463 and parameters: {'positive_texts': ['going through a fence', 'human against a wall', 'human climbing a ladder on a fence', 'human walking', 'person'], 'negative_texts': ['barbed wire', 'empty scene', 'foxes', 'insect flying', 'rabbits', 'video with artefacts'], 'similarity_method': <SimilarityMethod.minus_human_similarity: 'minus_human_similarity'>, 'minus_similarity_weight': 0.270371070899648, 'score_method': <ScoreMethod.mean: 'mean'>}. Best is trial 58 with value: 0.762137869719837.
[I 2023-06-15 21:32:38,353] Trial 164 finished with value: 0.7534044583224913 and parameters: {'positive_texts': ['going through a fence', 'human against a wall', 'human climbing a ladder on a fence', 'human walking', 'person'], 'negative_texts': ['barbed wire', 'empty scene', 'foxes', 'insect flying', 'rabbits', 'video with artefacts'], 'similarity_method': <SimilarityMethod.minus_human_similarity: 'minus_human_similarity'>, 'minus_similarity_weight': 0.2750114149398844, 'score_method': <ScoreMethod.mean: 'mean'>}. Best is trial 58 with value: 0.762137869719837.
[I 2023-06-15 21:32:40,640] Trial 165 finished with value: 0.7529002949084916 and parameters: {'positive_texts': ['going through a fence', 'human against a wall', 'human climbing a ladder on a fence', 'human walking', 'person'], 'negative_texts': ['barbed wire', 'empty scene', 'foxes', 'insect flying', 'rabbits', 'video with artefacts'], 'similarity_method': <SimilarityMethod.minus_human_similarity: 'minus_human_similarity'>, 'minus_similarity_weight': 0.2693856145298148, 'score_method': <ScoreMethod.mean: 'mean'>}. Best is trial 58 with value: 0.762137869719837.
[I 2023-06-15 21:32:43,188] Trial 166 finished with value: 0.7527647671090294 and parameters: {'positive_texts': ['going through a fence', 'human against a wall', 'human climbing a ladder on a fence', 'human walking', 'person'], 'negative_texts': ['barbed wire', 'empty scene', 'foxes', 'insect flying', 'rabbits', 'video with artefacts'], 'similarity_method': <SimilarityMethod.minus_human_similarity: 'minus_human_similarity'>, 'minus_similarity_weight': 0.2670460933271997, 'score_method': <ScoreMethod.mean: 'mean'>}. Best is trial 58 with value: 0.762137869719837.
[I 2023-06-15 21:32:46,309] Trial 167 finished with value: 0.5 and parameters: {'positive_texts': ['going through a fence', 'human against a wall', 'human climbing a ladder on a fence', 'human walking', 'person'], 'negative_texts': ['barbed wire', 'empty scene', 'foxes', 'insect flying', 'rabbits', 'video with artefacts'], 'similarity_method': <SimilarityMethod.minus_human_similarity: 'minus_human_similarity'>, 'minus_similarity_weight': 0.2792667136335615, 'score_method': <TopClassificationMethod.any: 'any'>}. Best is trial 58 with value: 0.762137869719837.
[I 2023-06-15 21:32:49,191] Trial 168 finished with value: 0.7526129759736317 and parameters: {'positive_texts': ['going through a fence', 'human against a wall', 'human climbing a ladder on a fence', 'human walking', 'person'], 'negative_texts': ['barbed wire', 'empty scene', 'foxes', 'insect flying', 'rabbits', 'video with artefacts'], 'similarity_method': <SimilarityMethod.minus_human_similarity: 'minus_human_similarity'>, 'minus_similarity_weight': 0.26600132896964057, 'score_method': <ScoreMethod.mean: 'mean'>}. Best is trial 58 with value: 0.762137869719837.
[I 2023-06-15 21:32:52,401] Trial 169 finished with value: 0.7537405672651574 and parameters: {'positive_texts': ['going through a fence', 'human against a wall', 'human climbing a ladder on a fence', 'human walking', 'person'], 'negative_texts': ['barbed wire', 'empty scene', 'foxes', 'insect flying', 'rabbits', 'video with artefacts'], 'similarity_method': <SimilarityMethod.minus_human_similarity: 'minus_human_similarity'>, 'minus_similarity_weight': 0.2793035269008282, 'score_method': <ScoreMethod.mean: 'mean'>}. Best is trial 58 with value: 0.762137869719837.
[I 2023-06-15 21:32:55,678] Trial 170 finished with value: 0.7537785150490068 and parameters: {'positive_texts': ['going through a fence', 'human against a wall', 'human climbing a ladder on a fence', 'human walking', 'person'], 'negative_texts': ['barbed wire', 'empty scene', 'foxes', 'insect flying', 'rabbits', 'video with artefacts'], 'similarity_method': <SimilarityMethod.minus_human_similarity: 'minus_human_similarity'>, 'minus_similarity_weight': 0.2799737423234554, 'score_method': <ScoreMethod.mean: 'mean'>}. Best is trial 58 with value: 0.762137869719837.
[I 2023-06-15 21:32:58,804] Trial 171 finished with value: 0.7536700928094371 and parameters: {'positive_texts': ['going through a fence', 'human against a wall', 'human climbing a ladder on a fence', 'human walking', 'person'], 'negative_texts': ['barbed wire', 'empty scene', 'foxes', 'insect flying', 'rabbits', 'video with artefacts'], 'similarity_method': <SimilarityMethod.minus_human_similarity: 'minus_human_similarity'>, 'minus_similarity_weight': 0.2785117980679652, 'score_method': <ScoreMethod.mean: 'mean'>}. Best is trial 58 with value: 0.762137869719837.
[I 2023-06-15 21:33:01,560] Trial 172 finished with value: 0.7538327261687917 and parameters: {'positive_texts': ['going through a fence', 'human against a wall', 'human climbing a ladder on a fence', 'human walking', 'person'], 'negative_texts': ['barbed wire', 'empty scene', 'foxes', 'insect flying', 'rabbits', 'video with artefacts'], 'similarity_method': <SimilarityMethod.minus_human_similarity: 'minus_human_similarity'>, 'minus_similarity_weight': 0.28071268006739275, 'score_method': <ScoreMethod.mean: 'mean'>}. Best is trial 58 with value: 0.762137869719837.
[I 2023-06-15 21:33:04,235] Trial 173 finished with value: 0.753778515049007 and parameters: {'positive_texts': ['going through a fence', 'human against a wall', 'human climbing a ladder on a fence', 'human walking', 'person'], 'negative_texts': ['barbed wire', 'empty scene', 'foxes', 'insect flying', 'rabbits', 'video with artefacts'], 'similarity_method': <SimilarityMethod.minus_human_similarity: 'minus_human_similarity'>, 'minus_similarity_weight': 0.2800160336357465, 'score_method': <ScoreMethod.mean: 'mean'>}. Best is trial 58 with value: 0.762137869719837.
[I 2023-06-15 21:33:06,766] Trial 174 finished with value: 0.7542935206869633 and parameters: {'positive_texts': ['going through a fence', 'human against a wall', 'human climbing a ladder on a fence', 'human walking', 'person'], 'negative_texts': ['barbed wire', 'empty scene', 'foxes', 'insect flying', 'rabbits', 'video with artefacts'], 'similarity_method': <SimilarityMethod.minus_human_similarity: 'minus_human_similarity'>, 'minus_similarity_weight': 0.28616730787531974, 'score_method': <ScoreMethod.mean: 'mean'>}. Best is trial 58 with value: 0.762137869719837.
[I 2023-06-15 21:33:09,544] Trial 175 finished with value: 0.7547651574290919 and parameters: {'positive_texts': ['going through a fence', 'human against a wall', 'human climbing a ladder on a fence', 'human walking', 'person'], 'negative_texts': ['barbed wire', 'empty scene', 'foxes', 'insect flying', 'rabbits', 'video with artefacts'], 'similarity_method': <SimilarityMethod.minus_human_similarity: 'minus_human_similarity'>, 'minus_similarity_weight': 0.29076908024498505, 'score_method': <ScoreMethod.mean: 'mean'>}. Best is trial 58 with value: 0.762137869719837.
[I 2023-06-15 21:33:11,629] Trial 176 finished with value: 0.6279382426923411 and parameters: {'positive_texts': ['going through a fence', 'human against a wall', 'human climbing a ladder on a fence', 'human walking', 'person'], 'negative_texts': ['bird flying around', 'black and white picture', 'field at midnight', 'wall'], 'similarity_method': <SimilarityMethod.minus_human_similarity: 'minus_human_similarity'>, 'minus_similarity_weight': 0.2915119192169258, 'score_method': <ScoreMethod.mean: 'mean'>}. Best is trial 58 with value: 0.762137869719837.
[I 2023-06-15 21:33:14,543] Trial 177 finished with value: 0.7428441321883945 and parameters: {'positive_texts': ['going through a fence', 'human against a wall', 'human climbing a ladder on a fence', 'human walking', 'person'], 'negative_texts': ['empty scene', 'field', 'foxes', 'grayscale picture of a fence', 'insect flying', 'insects', 'video with artefacts'], 'similarity_method': <SimilarityMethod.minus_human_similarity: 'minus_human_similarity'>, 'minus_similarity_weight': 0.29177453954785965, 'score_method': <ScoreMethod.mean: 'mean'>}. Best is trial 58 with value: 0.762137869719837.
[I 2023-06-15 21:33:17,328] Trial 178 finished with value: 0.7535779339058029 and parameters: {'positive_texts': ['going through a fence', 'human against a wall', 'human climbing a ladder on a fence', 'human walking', 'person'], 'negative_texts': ['barbed wire', 'empty scene', 'foxes', 'insect flying', 'rabbits', 'video with artefacts'], 'similarity_method': <SimilarityMethod.minus_human_similarity: 'minus_human_similarity'>, 'minus_similarity_weight': 0.2770501874215896, 'score_method': <ScoreMethod.mean: 'mean'>}. Best is trial 58 with value: 0.762137869719837.
[I 2023-06-15 21:33:20,055] Trial 179 finished with value: 0.5445235926793304 and parameters: {'positive_texts': ['black and white picture of a human', 'human cutting a fence', 'human cutting', 'human wearing light cloths', 'ripping a fence', 'thief'], 'negative_texts': ['bird flying around', 'cloudy field with a fence', 'field with green grass', 'field', 'insect flying', 'plastic bag laying on the floor'], 'similarity_method': <SimilarityMethod.minus_human_similarity: 'minus_human_similarity'>, 'minus_similarity_weight': 0.28947649407812764, 'score_method': <TopClassificationMethod.mode: 'mode'>}. Best is trial 58 with value: 0.762137869719837.
[I 2023-06-15 21:33:23,072] Trial 180 finished with value: 0.5 and parameters: {'positive_texts': ['going through a fence', 'human against a wall', 'human climbing a ladder on a fence', 'human walking', 'person'], 'negative_texts': ['barbed wire', 'birds flying', 'black and white picture', 'black and white scene of horror movie', 'empty scene', 'field', 'plastic bag flying'], 'similarity_method': <SimilarityMethod.minus_human_similarity: 'minus_human_similarity'>, 'minus_similarity_weight': 0.2793186934072242, 'score_method': <TopClassificationMethod.max_sum: 'max_sum'>}. Best is trial 58 with value: 0.762137869719837.
[I 2023-06-15 21:33:26,682] Trial 181 finished with value: 0.7531388238355452 and parameters: {'positive_texts': ['going through a fence', 'human against a wall', 'human climbing a ladder on a fence', 'human walking', 'person'], 'negative_texts': ['barbed wire', 'empty scene', 'foxes', 'insect flying', 'rabbits', 'video with artefacts'], 'similarity_method': <SimilarityMethod.minus_human_similarity: 'minus_human_similarity'>, 'minus_similarity_weight': 0.27071512987235263, 'score_method': <ScoreMethod.mean: 'mean'>}. Best is trial 58 with value: 0.762137869719837.
[I 2023-06-15 21:33:29,923] Trial 182 finished with value: 0.7000281897822881 and parameters: {'positive_texts': ['going through a fence', 'human against a wall', 'human climbing a ladder on a fence', 'human walking', 'person'], 'negative_texts': ['barbed wire', 'field at midnight', 'foxes', 'plastic bag flying'], 'similarity_method': <SimilarityMethod.minus_human_similarity: 'minus_human_similarity'>, 'minus_similarity_weight': 0.30661225427876715, 'score_method': <ScoreMethod.mean: 'mean'>}. Best is trial 58 with value: 0.762137869719837.
[I 2023-06-15 21:33:33,030] Trial 183 finished with value: 0.7532933255269321 and parameters: {'positive_texts': ['going through a fence', 'human against a wall', 'human climbing a ladder on a fence', 'human walking', 'person'], 'negative_texts': ['barbed wire', 'empty scene', 'foxes', 'insect flying', 'rabbits', 'video with artefacts'], 'similarity_method': <SimilarityMethod.minus_human_similarity: 'minus_human_similarity'>, 'minus_similarity_weight': 0.27308704680080653, 'score_method': <ScoreMethod.mean: 'mean'>}. Best is trial 58 with value: 0.762137869719837.
[I 2023-06-15 21:33:35,901] Trial 184 finished with value: 0.6012880562060889 and parameters: {'positive_texts': ['a video of a human approaching', 'an adult running', 'black and white picture of a human', 'human going through', 'human unlocking a door', 'human wearing a coat', 'terrorist'], 'negative_texts': ['barbed wire', 'empty scene', 'foxes', 'insect flying', 'rabbits', 'video with artefacts'], 'similarity_method': <SimilarityMethod.minus_human_similarity: 'minus_human_similarity'>, 'minus_similarity_weight': 0.3098691805090402, 'score_method': <ScoreMethod.mean: 'mean'>}. Best is trial 58 with value: 0.762137869719837.
[I 2023-06-15 21:33:39,352] Trial 185 finished with value: 0.5192015786278081 and parameters: {'positive_texts': ['grayscale picture of a human', 'human approaching a fence', 'human pick locking', 'human walking', 'human wearing white cloths', 'human'], 'negative_texts': ['animals', 'bag', 'black and white picture', 'plastic bag flying', 'wall'], 'similarity_method': <SimilarityMethod.minus_human_similarity: 'minus_human_similarity'>, 'minus_similarity_weight': 0.27495574136483736, 'score_method': <ScoreMethod.mean: 'mean'>}. Best is trial 58 with value: 0.762137869719837.
