[I 2023-06-15 21:27:56,099] Trial 73 finished with value: 0.6871259432734844 and parameters: {'positive_texts': ['an adult running', 'human kneeling down', 'human wearing a coat', 'human wearing dark clothes', 'ladder leaning against a fence'], 'negative_texts': ['bird flying around', 'birds flying', 'black and white picture', 'empty scene', 'field at midnight', 'foxes', 'video with artefacts'], 'similarity_method': <SimilarityMethod.minus_human_features: 'minus_human_features'>, 'score_method': <ScoreMethod.mean: 'mean'>}. Best is trial 58 with value: 0.762137869719837.
[I 2023-06-15 21:27:58,551] Trial 74 finished with value: 0.6290983606557377 and parameters: {'positive_texts': ['a video of a human approaching a fence', 'going through a fence', 'human going through a fence', 'human wearing white cloths', 'one person'], 'negative_texts': ['barbed wire', 'birds flying', 'black and white picture', 'black and white scene of horror movie', 'empty scene', 'field', 'plastic bag flying'], 'similarity_method': <SimilarityMethod.minus_human_features: 'minus_human_features'>, 'score_method': <ScoreMethod.mean: 'mean'>}. Best is trial 58 with value: 0.762137869719837.
[I 2023-06-15 21:28:01,192] Trial 75 finished with value: 0.7235395524329951 and parameters: {'positive_texts': ['grayscale picture of a human', 'human bending down', 'human stepping down', 'ladder leaning against a fence', 'person crip walking', 'terrorist'], 'negative_texts': ['bird flying around', 'birds flying', 'black and white picture', 'empty scene', 'field at midnight', 'foxes', 'video with artefacts'], 'similarity_method': <SimilarityMethod.minus_human_features: 'minus_human_features'>, 'score_method': <ScoreMethod.mean: 'mean'>}. Best is trial 58 with value: 0.762137869719837.
[I 2023-06-15 21:28:03,432] Trial 76 finished with value: 0.655618440454506 and parameters: {'positive_texts': ['human approaching a fence', 'human bending down', 'human climbing a ladder', 'human walking', 'ladder leaning against a fence', 'person'], 'negative_texts': ['barbed wire', 'change of colorimetry', 'empty scene', 'grayscale picture of a fence', 'video with artefacts'], 'similarity_method': <SimilarityMethod.minus_human_features: 'minus_human_features'>, 'score_method': <ScoreMethod.mean: 'mean'>}. Best is trial 58 with value: 0.762137869719837.
[I 2023-06-15 21:28:06,009] Trial 77 finished with value: 0.7235395524329951 and parameters: {'positive_texts': ['grayscale picture of a human', 'human bending down', 'human stepping down', 'ladder leaning against a fence', 'person crip walking', 'terrorist'], 'negative_texts': ['bird flying around', 'birds flying', 'black and white picture', 'empty scene', 'field at midnight', 'foxes', 'video with artefacts'], 'similarity_method': <SimilarityMethod.minus_human_features: 'minus_human_features'>, 'score_method': <ScoreMethod.mean: 'mean'>}. Best is trial 58 with value: 0.762137869719837.
[I 2023-06-15 21:28:08,631] Trial 78 finished with value: 0.7235395524329951 and parameters: {'positive_texts': ['grayscale picture of a human', 'human bending down', 'human stepping down', 'ladder leaning against a fence', 'person crip walking', 'terrorist'], 'negative_texts': ['bird flying around', 'birds flying', 'black and white picture', 'empty scene', 'field at midnight', 'foxes', 'video with artefacts'], 'similarity_method': <SimilarityMethod.minus_human_features: 'minus_human_features'>, 'score_method': <ScoreMethod.mean: 'mean'>}. Best is trial 58 with value: 0.762137869719837.
[I 2023-06-15 21:28:10,888] Trial 79 finished with value: 0.4917571992367074 and parameters: {'positive_texts': ['grayscale picture of a human', 'human approaching a fence', 'human pick locking', 'human walking', 'human wearing white cloths', 'human'], 'negative_texts': ['animals', 'bag', 'black and white picture', 'plastic bag flying', 'wall'], 'similarity_method': <SimilarityMethod.dot_product: 'dot_product'>, 'score_method': <ScoreMethod.mean: 'mean'>}. Best is trial 58 with value: 0.762137869719837.
[I 2023-06-15 21:28:13,024] Trial 80 finished with value: 0.5 and parameters: {'positive_texts': ['grayscale picture of a human', 'human bending down', 'human stepping down', 'ladder leaning against a fence', 'person crip walking', 'terrorist'], 'negative_texts': ['black and white scene of horror movie', 'horror movie scene', 'insect flying', 'wall'], 'similarity_method': <SimilarityMethod.minus_human_features: 'minus_human_features'>, 'score_method': <TopClassificationMethod.any: 'any'>}. Best is trial 58 with value: 0.762137869719837.
[I 2023-06-15 21:28:16,478] Trial 81 finished with value: 0.7299418856795906 and parameters: {'positive_texts': ['a human running', 'a video of a human approaching', 'going through a fence', 'human unlocking a door', 'person creep walking', 'terrorist'], 'negative_texts': ['bird flying around', 'birds flying', 'black and white picture', 'empty scene', 'field at midnight', 'foxes', 'video with artefacts'], 'similarity_method': <SimilarityMethod.minus_human_features: 'minus_human_features'>, 'score_method': <ScoreMethod.mean: 'mean'>}. Best is trial 58 with value: 0.762137869719837.
[I 2023-06-15 21:28:19,967] Trial 82 finished with value: 0.6638585306618094 and parameters: {'positive_texts': ['a video of a human approaching', 'an adult running', 'black and white picture of a human', 'human going through', 'human unlocking a door', 'human wearing a coat', 'terrorist'], 'negative_texts': ['animals', 'birds flying', 'cloudy field with a fence', 'empty scene', 'fence', 'grayscale picture of a fence', 'insect flying'], 'similarity_method': <SimilarityMethod.minus_human_features: 'minus_human_features'>, 'score_method': <ScoreMethod.mean: 'mean'>}. Best is trial 58 with value: 0.762137869719837.
[I 2023-06-15 21:28:22,963] Trial 83 finished with value: 0.5178788273050569 and parameters: {'positive_texts': ['a human running', 'a video of a human approaching', 'going through a fence', 'human unlocking a door', 'person creep walking', 'terrorist'], 'negative_texts': ['empty scene', 'field at midnight', 'grayscale picture of a fence', 'insect flying', 'wall'], 'similarity_method': <SimilarityMethod.minus_human_features: 'minus_human_features'>, 'score_method': <ScoreMethod.mean: 'mean'>}. Best is trial 58 with value: 0.762137869719837.
[I 2023-06-15 21:28:26,810] Trial 84 finished with value: 0.6521760343481655 and parameters: {'positive_texts': ['a picture of a human climbing a ladder', 'a video of a human approaching a fence', 'adult', 'going through a fence', 'human against a wall', 'human cutting a fence', 'ripping a fence'], 'negative_texts': ['bird flying around', 'birds flying', 'black and white picture', 'empty scene', 'field at midnight', 'foxes', 'video with artefacts'], 'similarity_method': <SimilarityMethod.minus_human_features: 'minus_human_features'>, 'score_method': <ScoreMethod.mean: 'mean'>}. Best is trial 58 with value: 0.762137869719837.
[I 2023-06-15 21:28:29,085] Trial 85 finished with value: 0.4867562234365513 and parameters: {'positive_texts': ['a person running', 'black and white picture of a human', 'human climbing a ladder on a fence', 'human discretely moving towards a fence', 'human unlocking a door', 'putting a knee down'], 'negative_texts': ['barbed wire', 'fence', 'field at midnight', 'wall'], 'similarity_method': <SimilarityMethod.minus_human_features: 'minus_human_features'>, 'score_method': <ScoreMethod.mean: 'mean'>}. Best is trial 58 with value: 0.762137869719837.
[I 2023-06-15 21:28:32,076] Trial 86 finished with value: 0.7235395524329951 and parameters: {'positive_texts': ['grayscale picture of a human', 'human bending down', 'human stepping down', 'ladder leaning against a fence', 'person crip walking', 'terrorist'], 'negative_texts': ['bird flying around', 'birds flying', 'black and white picture', 'empty scene', 'field at midnight', 'foxes', 'video with artefacts'], 'similarity_method': <SimilarityMethod.minus_human_features: 'minus_human_features'>, 'score_method': <ScoreMethod.mean: 'mean'>}. Best is trial 58 with value: 0.762137869719837.
[I 2023-06-15 21:28:35,486] Trial 87 finished with value: 0.5 and parameters: {'positive_texts': ['grayscale picture of a human', 'human bending down', 'human stepping down', 'ladder leaning against a fence', 'person crip walking', 'terrorist'], 'negative_texts': ['bird flying around', 'birds flying', 'black and white picture', 'empty scene', 'field at midnight', 'foxes', 'video with artefacts'], 'similarity_method': <SimilarityMethod.minus_human_features: 'minus_human_features'>, 'score_method': <TopClassificationMethod.max_sum: 'max_sum'>}. Best is trial 58 with value: 0.762137869719837.
[I 2023-06-15 21:28:38,647] Trial 88 finished with value: 0.5197707953855495 and parameters: {'positive_texts': ['a human running', 'an adult running', 'human against a wall', 'human climbing a ladder', 'human cutting', 'terrorist'], 'negative_texts': ['animals', 'field at midnight', 'field with green grass', 'foxes', 'horror movie scene', 'insect flying', 'wall'], 'similarity_method': <SimilarityMethod.minus_human_similarity: 'minus_human_similarity'>, 'minus_similarity_weight': 0.18992176647119735, 'score_method': <ScoreMethod.mean: 'mean'>}. Best is trial 58 with value: 0.762137869719837.
[I 2023-06-15 21:28:41,375] Trial 89 finished with value: 0.5 and parameters: {'positive_texts': ['a video of a human approaching', 'human unlocking a door', 'human wearing white cloths', 'human'], 'negative_texts': ['barbed wire', 'field with green grass', 'field', 'picture with artefacts', 'plastic bag flying', 'plastic bag laying on the floor', 'rabbits'], 'similarity_method': <SimilarityMethod.minus_human_features: 'minus_human_features'>, 'score_method': <TopClassificationMethod.mode: 'mode'>}. Best is trial 58 with value: 0.762137869719837.
[I 2023-06-15 21:28:43,921] Trial 90 finished with value: 0.49149698586174 and parameters: {'positive_texts': ['a human running', 'a video of a human approaching', 'going through a fence', 'human unlocking a door', 'person creep walking', 'terrorist'], 'negative_texts': ['bag', 'fence', 'field', 'wall'], 'similarity_method': <SimilarityMethod.minus_human_features: 'minus_human_features'>, 'score_method': <ScoreMethod.positive: 'positive'>}. Best is trial 58 with value: 0.762137869719837.
[I 2023-06-15 21:28:47,135] Trial 91 finished with value: 0.7235395524329951 and parameters: {'positive_texts': ['grayscale picture of a human', 'human bending down', 'human stepping down', 'ladder leaning against a fence', 'person crip walking', 'terrorist'], 'negative_texts': ['bird flying around', 'birds flying', 'black and white picture', 'empty scene', 'field at midnight', 'foxes', 'video with artefacts'], 'similarity_method': <SimilarityMethod.minus_human_features: 'minus_human_features'>, 'score_method': <ScoreMethod.mean: 'mean'>}. Best is trial 58 with value: 0.762137869719837.
[I 2023-06-15 21:28:49,927] Trial 92 finished with value: 0.6766848816029145 and parameters: {'positive_texts': ['a human running', 'a picture of a human climbing a ladder', 'human against a wall', 'human', 'person creep walking'], 'negative_texts': ['bird flying around', 'birds flying', 'black and white picture', 'empty scene', 'field at midnight', 'foxes', 'video with artefacts'], 'similarity_method': <SimilarityMethod.minus_human_features: 'minus_human_features'>, 'score_method': <ScoreMethod.mean: 'mean'>}. Best is trial 58 with value: 0.762137869719837.
[I 2023-06-15 21:28:52,329] Trial 93 finished with value: 0.6418217104692515 and parameters: {'positive_texts': ['a person running', 'human bending down', 'human unlocking a door', 'terrorist'], 'negative_texts': ['bird flying around', 'cloudy field with a fence', 'fence', 'field', 'plastic bag flying'], 'similarity_method': <SimilarityMethod.minus_human_features: 'minus_human_features'>, 'score_method': <ScoreMethod.mean: 'mean'>}. Best is trial 58 with value: 0.762137869719837.
[I 2023-06-15 21:28:56,242] Trial 94 finished with value: 0.6564695550351289 and parameters: {'positive_texts': ['a person running', 'a video of a human approaching', 'human cutting a fence', 'human going through a fence', 'human unlocking a door', 'ripping a fence', 'thief'], 'negative_texts': ['bag', 'black and white picture', 'black and white scene of horror movie', 'empty scene', 'foxes', 'plastic bag flying', 'rabbits'], 'similarity_method': <SimilarityMethod.minus_human_features: 'minus_human_features'>, 'score_method': <ScoreMethod.mean: 'mean'>}. Best is trial 58 with value: 0.762137869719837.
[I 2023-06-15 21:28:59,652] Trial 95 finished with value: 0.6978109549830862 and parameters: {'positive_texts': ['adult', 'human holding a ladder', 'human pick locking', 'human wearing a coat', 'person', 'putting a knee down'], 'negative_texts': ['bird flying around', 'birds flying', 'black and white picture', 'empty scene', 'field at midnight', 'foxes', 'video with artefacts'], 'similarity_method': <SimilarityMethod.minus_human_features: 'minus_human_features'>, 'score_method': <ScoreMethod.mean: 'mean'>}. Best is trial 58 with value: 0.762137869719837.
[I 2023-06-15 21:29:02,995] Trial 96 finished with value: 0.5994177725735103 and parameters: {'positive_texts': ['a human running', 'a video of a human approaching', 'going through a fence', 'human unlocking a door', 'person creep walking', 'terrorist'], 'negative_texts': ['bag', 'black and white picture', 'change of colorimetry', 'field at midnight', 'wall'], 'similarity_method': <SimilarityMethod.minus_human_features: 'minus_human_features'>, 'score_method': <ScoreMethod.mean: 'mean'>}. Best is trial 58 with value: 0.762137869719837.
[I 2023-06-15 21:29:06,398] Trial 97 finished with value: 0.7235395524329951 and parameters: {'positive_texts': ['grayscale picture of a human', 'human bending down', 'human stepping down', 'ladder leaning against a fence', 'person crip walking', 'terrorist'], 'negative_texts': ['bird flying around', 'birds flying', 'black and white picture', 'empty scene', 'field at midnight', 'foxes', 'video with artefacts'], 'similarity_method': <SimilarityMethod.minus_human_features: 'minus_human_features'>, 'score_method': <ScoreMethod.mean: 'mean'>}. Best is trial 58 with value: 0.762137869719837.
[I 2023-06-15 21:29:09,589] Trial 98 finished with value: 0.7317145892965564 and parameters: {'positive_texts': ['a picture of a human climbing a ladder', 'human cutting a fence', 'human discretely moving towards a fence', 'ladder leaning against a fence', 'terrorist'], 'negative_texts': ['animals', 'barbed wire', 'black and white picture', 'fence', 'grayscale picture of a fence', 'insect flying'], 'similarity_method': <SimilarityMethod.minus_human_similarity: 'minus_human_similarity'>, 'minus_similarity_weight': 0.4333287480522048, 'score_method': <ScoreMethod.mean: 'mean'>}. Best is trial 58 with value: 0.762137869719837.
[I 2023-06-15 21:29:12,860] Trial 99 finished with value: 0.7192514528580103 and parameters: {'positive_texts': ['a picture of a human climbing a ladder', 'human cutting a fence', 'human discretely moving towards a fence', 'ladder leaning against a fence', 'terrorist'], 'negative_texts': ['bird flying around', 'empty scene', 'field at midnight', 'grayscale picture of a fence', 'insects', 'plastic bag flying'], 'similarity_method': <SimilarityMethod.minus_human_similarity: 'minus_human_similarity'>, 'minus_similarity_weight': 0.4328029549215907, 'score_method': <ScoreMethod.mean: 'mean'>}. Best is trial 58 with value: 0.762137869719837.
[I 2023-06-15 21:29:16,118] Trial 100 finished with value: 0.5214567612108596 and parameters: {'positive_texts': ['an adult running', 'human kneeling down', 'human wearing a coat', 'human wearing dark clothes', 'one person', 'person creep walking', 'person crip walking'], 'negative_texts': ['bag', 'bird flying around', 'birds flying', 'black and white scene of horror movie', 'fence', 'picture with artefacts'], 'similarity_method': <SimilarityMethod.minus_human_similarity: 'minus_human_similarity'>, 'minus_similarity_weight': 0.31446344297952145, 'score_method': <TopClassificationMethod.any: 'any'>}. Best is trial 58 with value: 0.762137869719837.
[I 2023-06-15 21:29:19,270] Trial 101 finished with value: 0.5912752623818198 and parameters: {'positive_texts': ['black and white picture of a human', 'human climbing a ladder', 'human stepping down', 'human wearing light cloths'], 'negative_texts': ['animals', 'barbed wire', 'black and white picture', 'fence', 'grayscale picture of a fence', 'insect flying'], 'similarity_method': <SimilarityMethod.minus_human_similarity: 'minus_human_similarity'>, 'minus_similarity_weight': 0.40115150902321833, 'score_method': <ScoreMethod.mean: 'mean'>}. Best is trial 58 with value: 0.762137869719837.
[I 2023-06-15 21:29:22,277] Trial 102 finished with value: 0.6123200190823141 and parameters: {'positive_texts': ['adult', 'human bending down', 'human wearing white cloths', 'human', 'ripping a fence'], 'negative_texts': ['animals', 'bird flying around', 'black and white scene of horror movie', 'empty scene', 'foxes', 'grayscale picture of a fence', 'wall'], 'similarity_method': <SimilarityMethod.minus_human_similarity: 'minus_human_similarity'>, 'minus_similarity_weight': 0.33472198929989017, 'score_method': <ScoreMethod.mean: 'mean'>}. Best is trial 58 with value: 0.762137869719837.
[I 2023-06-15 21:29:24,851] Trial 103 finished with value: 0.6667642466822794 and parameters: {'positive_texts': ['a picture of a human climbing a ladder', 'human cutting a fence', 'human discretely moving towards a fence', 'ladder leaning against a fence', 'terrorist'], 'negative_texts': ['field at midnight', 'foxes', 'insect flying', 'picture with artefacts'], 'similarity_method': <SimilarityMethod.minus_human_similarity: 'minus_human_similarity'>, 'minus_similarity_weight': 0.44185668187172444, 'score_method': <ScoreMethod.mean: 'mean'>}. Best is trial 58 with value: 0.762137869719837.
[I 2023-06-15 21:29:28,720] Trial 104 finished with value: 0.6107966866163587 and parameters: {'positive_texts': ['a picture of a human climbing a ladder', 'a video of a human approaching a fence', 'human climbing a ladder', 'human kneeling down', 'human making small steps', 'human wearing dark clothes', 'human wearing white cloths'], 'negative_texts': ['bag', 'barbed wire', 'black and white scene of horror movie', 'change of colorimetry', 'empty scene', 'fence', 'video with artefacts'], 'similarity_method': <SimilarityMethod.minus_human_features: 'minus_human_features'>, 'score_method': <ScoreMethod.mean: 'mean'>}. Best is trial 58 with value: 0.762137869719837.
[I 2023-06-15 21:29:31,597] Trial 105 finished with value: 0.46988030184751495 and parameters: {'positive_texts': ['grayscale picture of a human', 'human bending down', 'human climbing a ladder', 'human holding a ladder', 'human making small steps', 'human unlocking a door', 'human wearing dark clothes'], 'negative_texts': ['bag', 'black and white scene of horror movie', 'horror movie scene', 'insects', 'rabbits'], 'similarity_method': <SimilarityMethod.dot_product: 'dot_product'>, 'score_method': <ScoreMethod.mean: 'mean'>}. Best is trial 58 with value: 0.762137869719837.
[I 2023-06-15 21:29:35,540] Trial 106 finished with value: 0.6791840142249979 and parameters: {'positive_texts': ['going through a fence', 'human against a wall', 'human unlocking a door', 'human wearing light cloths', 'person creep walking', 'putting a knee down', 'thief'], 'negative_texts': ['animals', 'birds flying', 'black and white scene of horror movie', 'insects', 'plastic bag flying', 'plastic bag laying on the floor', 'rabbits'], 'similarity_method': <SimilarityMethod.minus_human_similarity: 'minus_human_similarity'>, 'minus_similarity_weight': 0.4871771340068872, 'score_method': <ScoreMethod.mean: 'mean'>}. Best is trial 58 with value: 0.762137869719837.
[I 2023-06-15 21:29:38,640] Trial 107 finished with value: 0.6229508196721312 and parameters: {'positive_texts': ['a person running', 'human going through a fence', 'human making small steps', 'human unlocking a door', 'human walking', 'one person', 'putting a knee down'], 'negative_texts': ['animals', 'barbed wire', 'black and white picture', 'fence', 'grayscale picture of a fence', 'insect flying'], 'similarity_method': <SimilarityMethod.minus_human_features: 'minus_human_features'>, 'score_method': <ScoreMethod.mean: 'mean'>}. Best is trial 58 with value: 0.762137869719837.
[I 2023-06-15 21:29:41,632] Trial 108 finished with value: 0.5 and parameters: {'positive_texts': ['a video of a human approaching a fence', 'going through a fence', 'human against a wall', 'human discretely moving towards a fence', 'human wearing light cloths', 'putting a knee down'], 'negative_texts': ['black and white scene of horror movie', 'cloudy field with a fence', 'empty scene', 'picture with artefacts', 'plastic bag laying on the floor', 'rabbits'], 'similarity_method': <SimilarityMethod.minus_human_features: 'minus_human_features'>, 'score_method': <TopClassificationMethod.max_sum: 'max_sum'>}. Best is trial 58 with value: 0.762137869719837.
[I 2023-06-15 21:29:44,706] Trial 109 finished with value: 0.6174971810217712 and parameters: {'positive_texts': ['black and white picture of a human', 'human cutting a fence', 'human cutting', 'human wearing light cloths', 'ripping a fence', 'thief'], 'negative_texts': ['black and white scene of horror movie', 'grayscale picture of a fence', 'insects', 'picture with artefacts', 'plastic bag laying on the floor'], 'similarity_method': <SimilarityMethod.minus_human_similarity: 'minus_human_similarity'>, 'minus_similarity_weight': 0.535116266209325, 'score_method': <ScoreMethod.mean: 'mean'>}. Best is trial 58 with value: 0.762137869719837.
