[I 2023-06-15 21:33:42,278] Trial 186 finished with value: 0.7415213808656431 and parameters: {'positive_texts': ['a video of a human approaching a fence', 'going through a fence', 'human going through a fence', 'human wearing white cloths', 'one person'], 'negative_texts': ['barbed wire', 'change of colorimetry', 'empty scene', 'grayscale picture of a fence', 'video with artefacts'], 'similarity_method': <SimilarityMethod.minus_human_similarity: 'minus_human_similarity'>, 'minus_similarity_weight': 0.33895597911820985, 'score_method': <ScoreMethod.mean: 'mean'>}. Best is trial 58 with value: 0.762137869719837.
[I 2023-06-15 21:33:44,829] Trial 187 finished with value: 0.6563015005637955 and parameters: {'positive_texts': ['a person running', 'black and white picture of a human', 'human climbing a ladder on a fence', 'human discretely moving towards a fence', 'human unlocking a door', 'putting a knee down'], 'negative_texts': ['animals', 'birds flying', 'cloudy field with a fence', 'empty scene', 'fence', 'grayscale picture of a fence', 'insect flying'], 'similarity_method': <SimilarityMethod.minus_human_similarity: 'minus_human_similarity'>, 'minus_similarity_weight': 0.29120029984309614, 'score_method': <ScoreMethod.mean: 'mean'>}. Best is trial 58 with value: 0.762137869719837.
[I 2023-06-15 21:33:47,177] Trial 188 finished with value: 0.47565378610460574 and parameters: {'positive_texts': ['human approaching a fence', 'human bending down', 'human climbing a ladder', 'human walking', 'ladder leaning against a fence', 'person'], 'negative_texts': ['barbed wire', 'empty scene', 'foxes', 'insect flying', 'rabbits', 'video with artefacts'], 'similarity_method': <SimilarityMethod.minus_human_similarity: 'minus_human_similarity'>, 'minus_similarity_weight': 0.271581108125917, 'score_method': <ScoreMethod.positive: 'positive'>}. Best is trial 58 with value: 0.762137869719837.
[I 2023-06-15 21:33:48,890] Trial 189 finished with value: 0.38267087344956197 and parameters: {'positive_texts': ['going through a fence', 'human against a wall', 'human climbing a ladder on a fence', 'human walking', 'person'], 'negative_texts': ['black and white scene of horror movie', 'horror movie scene', 'insect flying', 'wall'], 'similarity_method': <SimilarityMethod.minus_human_similarity: 'minus_human_similarity'>, 'minus_similarity_weight': 0.3186580505424877, 'score_method': <ScoreMethod.mean: 'mean'>}. Best is trial 58 with value: 0.762137869719837.
[I 2023-06-15 21:33:50,733] Trial 190 finished with value: 0.6355603261340967 and parameters: {'positive_texts': ['a video of a human approaching', 'human unlocking a door', 'human wearing white cloths', 'human'], 'negative_texts': ['barbed wire', 'empty scene', 'foxes', 'insect flying', 'rabbits', 'video with artefacts'], 'similarity_method': <SimilarityMethod.minus_human_similarity: 'minus_human_similarity'>, 'minus_similarity_weight': 0.2991088804304758, 'score_method': <ScoreMethod.mean: 'mean'>}. Best is trial 58 with value: 0.762137869719837.
[I 2023-06-15 21:33:52,540] Trial 191 finished with value: 0.6083788706739526 and parameters: {'positive_texts': ['going through a fence', 'human against a wall', 'human climbing a ladder on a fence', 'human walking', 'person'], 'negative_texts': ['empty scene', 'field at midnight', 'grayscale picture of a fence', 'insect flying', 'wall'], 'similarity_method': <SimilarityMethod.minus_human_similarity: 'minus_human_similarity'>, 'minus_similarity_weight': 0.27000574644867104, 'score_method': <ScoreMethod.mean: 'mean'>}. Best is trial 58 with value: 0.762137869719837.
[I 2023-06-15 21:33:54,819] Trial 192 finished with value: 0.7526292393095673 and parameters: {'positive_texts': ['going through a fence', 'human against a wall', 'human climbing a ladder on a fence', 'human walking', 'person'], 'negative_texts': ['barbed wire', 'empty scene', 'foxes', 'insect flying', 'rabbits', 'video with artefacts'], 'similarity_method': <SimilarityMethod.minus_human_similarity: 'minus_human_similarity'>, 'minus_similarity_weight': 0.2660478602631431, 'score_method': <ScoreMethod.mean: 'mean'>}. Best is trial 58 with value: 0.762137869719837.
[I 2023-06-15 21:33:56,885] Trial 193 finished with value: 0.7230462312429526 and parameters: {'positive_texts': ['a picture of a human climbing a ladder', 'a video of a human approaching a fence', 'adult', 'going through a fence', 'human against a wall', 'human cutting a fence', 'ripping a fence'], 'negative_texts': ['barbed wire', 'empty scene', 'foxes', 'insect flying', 'rabbits', 'video with artefacts'], 'similarity_method': <SimilarityMethod.minus_human_similarity: 'minus_human_similarity'>, 'minus_similarity_weight': 0.27833739615978176, 'score_method': <ScoreMethod.mean: 'mean'>}. Best is trial 58 with value: 0.762137869719837.
[I 2023-06-15 21:33:58,980] Trial 194 finished with value: 0.7555241131060804 and parameters: {'positive_texts': ['going through a fence', 'human against a wall', 'human climbing a ladder on a fence', 'human walking', 'person'], 'negative_texts': ['barbed wire', 'empty scene', 'foxes', 'insect flying', 'rabbits', 'video with artefacts'], 'similarity_method': <SimilarityMethod.minus_human_similarity: 'minus_human_similarity'>, 'minus_similarity_weight': 0.302755944194314, 'score_method': <ScoreMethod.mean: 'mean'>}. Best is trial 58 with value: 0.762137869719837.
[I 2023-06-15 21:34:01,305] Trial 195 finished with value: 0.5984582357533178 and parameters: {'positive_texts': ['going through a fence', 'human against a wall', 'human climbing a ladder on a fence', 'human walking', 'person'], 'negative_texts': ['animals', 'field at midnight', 'field with green grass', 'foxes', 'horror movie scene', 'insect flying', 'wall'], 'similarity_method': <SimilarityMethod.minus_human_similarity: 'minus_human_similarity'>, 'minus_similarity_weight': 0.32365937786207183, 'score_method': <ScoreMethod.mean: 'mean'>}. Best is trial 58 with value: 0.762137869719837.
[I 2023-06-15 21:34:03,003] Trial 196 finished with value: 0.44258500303582266 and parameters: {'positive_texts': ['a human running', 'an adult running', 'human against a wall', 'human climbing a ladder', 'human cutting', 'terrorist'], 'negative_texts': ['barbed wire', 'fence', 'field at midnight', 'wall'], 'similarity_method': <SimilarityMethod.minus_human_similarity: 'minus_human_similarity'>, 'minus_similarity_weight': 0.3075065102060365, 'score_method': <ScoreMethod.mean: 'mean'>}. Best is trial 58 with value: 0.762137869719837.
[I 2023-06-15 21:34:04,795] Trial 197 finished with value: 0.7542772573510279 and parameters: {'positive_texts': ['going through a fence', 'human against a wall', 'human climbing a ladder on a fence', 'human walking', 'person'], 'negative_texts': ['barbed wire', 'empty scene', 'foxes', 'insect flying', 'rabbits', 'video with artefacts'], 'similarity_method': <SimilarityMethod.minus_human_similarity: 'minus_human_similarity'>, 'minus_similarity_weight': 0.2851204147772773, 'score_method': <ScoreMethod.mean: 'mean'>}. Best is trial 58 with value: 0.762137869719837.
[I 2023-06-15 21:34:06,435] Trial 198 finished with value: 0.5243055555555556 and parameters: {'positive_texts': ['a person running', 'human bending down', 'human unlocking a door', 'terrorist'], 'negative_texts': ['barbed wire', 'field with green grass', 'field', 'picture with artefacts', 'plastic bag flying', 'plastic bag laying on the floor', 'rabbits'], 'similarity_method': <SimilarityMethod.minus_human_similarity: 'minus_human_similarity'>, 'minus_similarity_weight': 0.2964813921824104, 'score_method': <ScoreMethod.mean: 'mean'>}. Best is trial 58 with value: 0.762137869719837.
[I 2023-06-15 21:34:08,119] Trial 199 finished with value: 0.7071352675860872 and parameters: {'positive_texts': ['going through a fence', 'human against a wall', 'human climbing a ladder on a fence', 'human walking', 'person'], 'negative_texts': ['bird flying around', 'cloudy field with a fence', 'fence', 'field', 'plastic bag flying'], 'similarity_method': <SimilarityMethod.minus_human_similarity: 'minus_human_similarity'>, 'minus_similarity_weight': 0.29259501158869633, 'score_method': <ScoreMethod.mean: 'mean'>}. Best is trial 58 with value: 0.762137869719837.
