objc[34986]: Class AVFFrameReceiver is implemented in both /Users/schaller/development/unifr/master/0_datasets/ilids/.venv/lib/python3.10/site-packages/av/.dylibs/libavdevice.58.13.100.dylib (0x124de5f98) and /usr/local/Cellar/ffmpeg@5/5.1.3/lib/libavdevice.59.7.100.dylib (0x163797378). One of the two will be used. Which one is undefined.
objc[34986]: Class AVFAudioReceiver is implemented in both /Users/schaller/development/unifr/master/0_datasets/ilids/.venv/lib/python3.10/site-packages/av/.dylibs/libavdevice.58.13.100.dylib (0x124de5fe8) and /usr/local/Cellar/ffmpeg@5/5.1.3/lib/libavdevice.59.7.100.dylib (0x1637973c8). One of the two will be used. Which one is undefined.
[I 2023-06-15 21:24:58,897] A new study created in memory with name: no-name-c7ed3859-1e05-4bb1-ae7a-d32fa9e3359c
[I 2023-06-15 21:25:01,477] Trial 0 finished with value: 0.4310109289617486 and parameters: {'positive_texts': ['grayscale picture of a human', 'human bending down', 'human stepping down', 'ladder leaning against a fence', 'person crip walking', 'terrorist'], 'negative_texts': ['empty scene', 'field', 'foxes', 'grayscale picture of a fence', 'insect flying', 'insects', 'video with artefacts'], 'similarity_method': <SimilarityMethod.minus_human_similarity: 'minus_human_similarity'>, 'minus_similarity_weight': 0.5509691980984022, 'score_method': <ScoreMethod.positive: 'positive'>}. Best is trial 0 with value: 0.4310109289617486.
[I 2023-06-15 21:25:02,895] Trial 1 finished with value: 0.5 and parameters: {'positive_texts': ['going through a fence', 'human against a wall', 'human climbing a ladder on a fence', 'human walking', 'person'], 'negative_texts': ['empty scene', 'field with green grass', 'horror movie scene', 'rabbits', 'wall'], 'similarity_method': <SimilarityMethod.minus_human_similarity: 'minus_human_similarity'>, 'minus_similarity_weight': 0.7005133071335812, 'score_method': <TopClassificationMethod.mode: 'mode'>}. Best is trial 1 with value: 0.5.
[I 2023-06-15 21:25:04,999] Trial 2 finished with value: 0.5854096192210946 and parameters: {'positive_texts': ['a video of a human approaching a fence', 'going through a fence', 'human going through a fence', 'human wearing white cloths', 'one person'], 'negative_texts': ['bag', 'black and white scene of horror movie', 'horror movie scene', 'insects', 'rabbits'], 'similarity_method': <SimilarityMethod.minus_human_similarity: 'minus_human_similarity'>, 'minus_similarity_weight': 0.6061904043192812, 'score_method': <ScoreMethod.mean: 'mean'>}. Best is trial 2 with value: 0.5854096192210946.
[I 2023-06-15 21:25:07,133] Trial 3 finished with value: 0.5106470639257525 and parameters: {'positive_texts': ['a video of a human approaching a fence', 'going through a fence', 'human going through a fence', 'human wearing white cloths', 'one person'], 'negative_texts': ['barbed wire', 'field at midnight', 'foxes', 'plastic bag flying'], 'similarity_method': <SimilarityMethod.dot_product: 'dot_product'>, 'score_method': <TopClassificationMethod.mode: 'mode'>}. Best is trial 2 with value: 0.5854096192210946.
[I 2023-06-15 21:25:09,811] Trial 4 finished with value: 0.5 and parameters: {'positive_texts': ['a video of a human approaching', 'an adult running', 'black and white picture of a human', 'human going through', 'human unlocking a door', 'human wearing a coat', 'terrorist'], 'negative_texts': ['bird flying around', 'cloudy field with a fence', 'field with green grass', 'field', 'insect flying', 'plastic bag laying on the floor'], 'similarity_method': <SimilarityMethod.minus_human_features: 'minus_human_features'>, 'score_method': <TopClassificationMethod.mode: 'mode'>}. Best is trial 2 with value: 0.5854096192210946.
[I 2023-06-15 21:25:11,512] Trial 5 finished with value: 0.5 and parameters: {'positive_texts': ['a person running', 'human bending down', 'human unlocking a door', 'terrorist'], 'negative_texts': ['barbed wire', 'change of colorimetry', 'empty scene', 'grayscale picture of a fence', 'video with artefacts'], 'similarity_method': <SimilarityMethod.minus_human_similarity: 'minus_human_similarity'>, 'minus_similarity_weight': 0.3716249586151301, 'score_method': <TopClassificationMethod.any: 'any'>}. Best is trial 2 with value: 0.5854096192210946.
[I 2023-06-15 21:25:13,037] Trial 6 finished with value: 0.4789172955156562 and parameters: {'positive_texts': ['human approaching a fence', 'human bending down', 'human climbing a ladder', 'human walking', 'ladder leaning against a fence', 'person'], 'negative_texts': ['barbed wire', 'birds flying', 'black and white picture', 'black and white scene of horror movie', 'empty scene', 'field', 'plastic bag flying'], 'similarity_method': <SimilarityMethod.dot_product: 'dot_product'>, 'score_method': <ScoreMethod.positive: 'positive'>}. Best is trial 2 with value: 0.5854096192210946.
[I 2023-06-15 21:25:14,455] Trial 7 finished with value: 0.5 and parameters: {'positive_texts': ['a person running', 'black and white picture of a human', 'human climbing a ladder on a fence', 'human discretely moving towards a fence', 'human unlocking a door', 'putting a knee down'], 'negative_texts': ['empty scene', 'field at midnight', 'grayscale picture of a fence', 'insect flying', 'wall'], 'similarity_method': <SimilarityMethod.minus_human_similarity: 'minus_human_similarity'>, 'minus_similarity_weight': 0.49307667281261347, 'score_method': <TopClassificationMethod.max_sum: 'max_sum'>}. Best is trial 2 with value: 0.5854096192210946.
[I 2023-06-15 21:25:16,087] Trial 8 finished with value: 0.5 and parameters: {'positive_texts': ['a person running', 'human bending down', 'human unlocking a door', 'terrorist'], 'negative_texts': ['animals', 'birds flying', 'cloudy field with a fence', 'empty scene', 'fence', 'grayscale picture of a fence', 'insect flying'], 'similarity_method': <SimilarityMethod.minus_human_similarity: 'minus_human_similarity'>, 'minus_similarity_weight': 0.8777366939634123, 'score_method': <TopClassificationMethod.any: 'any'>}. Best is trial 2 with value: 0.5854096192210946.
[I 2023-06-15 21:25:17,683] Trial 9 finished with value: 0.5 and parameters: {'positive_texts': ['a picture of a human climbing a ladder', 'a video of a human approaching a fence', 'adult', 'going through a fence', 'human against a wall', 'human cutting a fence', 'ripping a fence'], 'negative_texts': ['animals', 'bag', 'black and white picture', 'plastic bag flying', 'wall'], 'similarity_method': <SimilarityMethod.minus_human_similarity: 'minus_human_similarity'>, 'minus_similarity_weight': 0.26045056298421426, 'score_method': <TopClassificationMethod.mode: 'mode'>}. Best is trial 2 with value: 0.5854096192210946.
[I 2023-06-15 21:25:18,767] Trial 10 finished with value: 0.6046383034087952 and parameters: {'positive_texts': ['a picture of a human climbing a ladder', 'grayscale picture of a human', 'human wearing light cloths', 'one person'], 'negative_texts': ['bag', 'black and white scene of horror movie', 'horror movie scene', 'insects', 'rabbits'], 'similarity_method': <SimilarityMethod.minus_human_features: 'minus_human_features'>, 'score_method': <ScoreMethod.mean: 'mean'>}. Best is trial 10 with value: 0.6046383034087952.
[I 2023-06-15 21:25:20,314] Trial 11 finished with value: 0.5948965651834505 and parameters: {'positive_texts': ['grayscale picture of a human', 'human approaching a fence', 'human pick locking', 'human walking', 'human wearing white cloths', 'human'], 'negative_texts': ['bag', 'black and white scene of horror movie', 'horror movie scene', 'insects', 'rabbits'], 'similarity_method': <SimilarityMethod.minus_human_features: 'minus_human_features'>, 'score_method': <ScoreMethod.mean: 'mean'>}. Best is trial 10 with value: 0.6046383034087952.
[I 2023-06-15 21:25:21,586] Trial 12 finished with value: 0.6046383034087952 and parameters: {'positive_texts': ['a picture of a human climbing a ladder', 'grayscale picture of a human', 'human wearing light cloths', 'one person'], 'negative_texts': ['bag', 'black and white scene of horror movie', 'horror movie scene', 'insects', 'rabbits'], 'similarity_method': <SimilarityMethod.minus_human_features: 'minus_human_features'>, 'score_method': <ScoreMethod.mean: 'mean'>}. Best is trial 10 with value: 0.6046383034087952.
[I 2023-06-15 21:25:22,905] Trial 13 finished with value: 0.6074084916298031 and parameters: {'positive_texts': ['a picture of a human climbing a ladder', 'grayscale picture of a human', 'human wearing light cloths', 'one person'], 'negative_texts': ['animals', 'barbed wire', 'black and white picture', 'fence', 'grayscale picture of a fence', 'insect flying'], 'similarity_method': <SimilarityMethod.minus_human_features: 'minus_human_features'>, 'score_method': <ScoreMethod.mean: 'mean'>}. Best is trial 13 with value: 0.6074084916298031.
[I 2023-06-15 21:25:24,448] Trial 14 finished with value: 0.7299418856795906 and parameters: {'positive_texts': ['a human running', 'a video of a human approaching', 'going through a fence', 'human unlocking a door', 'person creep walking', 'terrorist'], 'negative_texts': ['bird flying around', 'birds flying', 'black and white picture', 'empty scene', 'field at midnight', 'foxes', 'video with artefacts'], 'similarity_method': <SimilarityMethod.minus_human_features: 'minus_human_features'>, 'score_method': <ScoreMethod.mean: 'mean'>}. Best is trial 14 with value: 0.7299418856795906.
[I 2023-06-15 21:25:25,618] Trial 15 finished with value: 0.4202229161245554 and parameters: {'positive_texts': ['a human running', 'a video of a human approaching', 'going through a fence', 'human unlocking a door', 'person creep walking', 'terrorist'], 'negative_texts': ['black and white scene of horror movie', 'horror movie scene', 'insect flying', 'wall'], 'similarity_method': <SimilarityMethod.minus_human_features: 'minus_human_features'>, 'score_method': <ScoreMethod.mean: 'mean'>}. Best is trial 14 with value: 0.7299418856795906.
[I 2023-06-15 21:25:26,975] Trial 16 finished with value: 0.5 and parameters: {'positive_texts': ['a video of a human approaching', 'human unlocking a door', 'human wearing white cloths', 'human'], 'negative_texts': ['animals', 'barbed wire', 'black and white picture', 'fence', 'grayscale picture of a fence', 'insect flying'], 'similarity_method': <SimilarityMethod.minus_human_features: 'minus_human_features'>, 'score_method': <TopClassificationMethod.max_sum: 'max_sum'>}. Best is trial 14 with value: 0.7299418856795906.
[I 2023-06-15 21:25:28,476] Trial 17 finished with value: 0.625265634486946 and parameters: {'positive_texts': ['human approaching a fence', 'human climbing a ladder', 'human stepping down', 'human unlocking a door', 'human wearing white cloths', 'putting a knee down'], 'negative_texts': ['animals', 'barbed wire', 'black and white scene of horror movie', 'change of colorimetry', 'grayscale picture of a fence', 'insect flying', 'picture with artefacts'], 'similarity_method': <SimilarityMethod.minus_human_features: 'minus_human_features'>, 'score_method': <ScoreMethod.mean: 'mean'>}. Best is trial 14 with value: 0.7299418856795906.
[I 2023-06-15 21:25:29,983] Trial 18 finished with value: 0.6323456067308527 and parameters: {'positive_texts': ['adult', 'human bending down', 'human wearing white cloths', 'human', 'ripping a fence'], 'negative_texts': ['animals', 'barbed wire', 'black and white scene of horror movie', 'change of colorimetry', 'grayscale picture of a fence', 'insect flying', 'picture with artefacts'], 'similarity_method': <SimilarityMethod.minus_human_features: 'minus_human_features'>, 'score_method': <ScoreMethod.mean: 'mean'>}. Best is trial 14 with value: 0.7299418856795906.
[I 2023-06-15 21:25:31,309] Trial 19 finished with value: 0.47661874403677684 and parameters: {'positive_texts': ['adult', 'human bending down', 'human wearing white cloths', 'human', 'ripping a fence'], 'negative_texts': ['animals', 'field at midnight', 'field with green grass', 'foxes', 'horror movie scene', 'insect flying', 'wall'], 'similarity_method': <SimilarityMethod.dot_product: 'dot_product'>, 'score_method': <ScoreMethod.mean: 'mean'>}. Best is trial 14 with value: 0.7299418856795906.
[I 2023-06-15 21:25:32,998] Trial 20 finished with value: 0.5350203833810392 and parameters: {'positive_texts': ['a person running', 'a video of a human approaching', 'human cutting a fence', 'human going through a fence', 'human unlocking a door', 'ripping a fence', 'thief'], 'negative_texts': ['barbed wire', 'fence', 'field at midnight', 'wall'], 'similarity_method': <SimilarityMethod.minus_human_features: 'minus_human_features'>, 'score_method': <ScoreMethod.positive: 'positive'>}. Best is trial 14 with value: 0.7299418856795906.
[I 2023-06-15 21:25:34,429] Trial 21 finished with value: 0.625265634486946 and parameters: {'positive_texts': ['human approaching a fence', 'human climbing a ladder', 'human stepping down', 'human unlocking a door', 'human wearing white cloths', 'putting a knee down'], 'negative_texts': ['animals', 'barbed wire', 'black and white scene of horror movie', 'change of colorimetry', 'grayscale picture of a fence', 'insect flying', 'picture with artefacts'], 'similarity_method': <SimilarityMethod.minus_human_features: 'minus_human_features'>, 'score_method': <ScoreMethod.mean: 'mean'>}. Best is trial 14 with value: 0.7299418856795906.
[I 2023-06-15 21:25:36,029] Trial 22 finished with value: 0.7135809697285107 and parameters: {'positive_texts': ['a video of a human approaching a fence', 'grayscale picture of a human', 'human holding a ladder', 'human walking'], 'negative_texts': ['bird flying around', 'birds flying', 'black and white picture', 'empty scene', 'field at midnight', 'foxes', 'video with artefacts'], 'similarity_method': <SimilarityMethod.minus_human_features: 'minus_human_features'>, 'score_method': <ScoreMethod.mean: 'mean'>}. Best is trial 14 with value: 0.7299418856795906.
[I 2023-06-15 21:25:37,826] Trial 23 finished with value: 0.7299418856795906 and parameters: {'positive_texts': ['a human running', 'a video of a human approaching', 'going through a fence', 'human unlocking a door', 'person creep walking', 'terrorist'], 'negative_texts': ['bird flying around', 'birds flying', 'black and white picture', 'empty scene', 'field at midnight', 'foxes', 'video with artefacts'], 'similarity_method': <SimilarityMethod.minus_human_features: 'minus_human_features'>, 'score_method': <ScoreMethod.mean: 'mean'>}. Best is trial 14 with value: 0.7299418856795906.
[I 2023-06-15 21:25:39,758] Trial 24 finished with value: 0.51410031225605 and parameters: {'positive_texts': ['a human running', 'a video of a human approaching', 'going through a fence', 'human unlocking a door', 'person creep walking', 'terrorist'], 'negative_texts': ['bag', 'fence', 'field', 'wall'], 'similarity_method': <SimilarityMethod.minus_human_features: 'minus_human_features'>, 'score_method': <ScoreMethod.mean: 'mean'>}. Best is trial 14 with value: 0.7299418856795906.
[I 2023-06-15 21:25:42,574] Trial 25 finished with value: 0.5 and parameters: {'positive_texts': ['a human running', 'an adult running', 'human against a wall', 'human climbing a ladder', 'human cutting', 'terrorist'], 'negative_texts': ['bird flying around', 'birds flying', 'black and white picture', 'empty scene', 'field at midnight', 'foxes', 'video with artefacts'], 'similarity_method': <SimilarityMethod.minus_human_features: 'minus_human_features'>, 'score_method': <TopClassificationMethod.max_sum: 'max_sum'>}. Best is trial 14 with value: 0.7299418856795906.
[I 2023-06-15 21:25:44,428] Trial 26 finished with value: 0.5023961314944921 and parameters: {'positive_texts': ['a video of a human approaching a fence', 'grayscale picture of a human', 'human holding a ladder', 'human walking'], 'negative_texts': ['bird flying around', 'birds flying', 'black and white picture', 'empty scene', 'field at midnight', 'foxes', 'video with artefacts'], 'similarity_method': <SimilarityMethod.dot_product: 'dot_product'>, 'score_method': <TopClassificationMethod.any: 'any'>}. Best is trial 14 with value: 0.7299418856795906.
[I 2023-06-15 21:25:46,327] Trial 27 finished with value: 0.7299418856795906 and parameters: {'positive_texts': ['a human running', 'a video of a human approaching', 'going through a fence', 'human unlocking a door', 'person creep walking', 'terrorist'], 'negative_texts': ['bird flying around', 'birds flying', 'black and white picture', 'empty scene', 'field at midnight', 'foxes', 'video with artefacts'], 'similarity_method': <SimilarityMethod.minus_human_features: 'minus_human_features'>, 'score_method': <ScoreMethod.mean: 'mean'>}. Best is trial 14 with value: 0.7299418856795906.
[I 2023-06-15 21:25:48,193] Trial 28 finished with value: 0.5760202532743517 and parameters: {'positive_texts': ['a human running', 'a picture of a human climbing a ladder', 'human against a wall', 'human', 'person creep walking'], 'negative_texts': ['barbed wire', 'field with green grass', 'field', 'picture with artefacts', 'plastic bag flying', 'plastic bag laying on the floor', 'rabbits'], 'similarity_method': <SimilarityMethod.minus_human_features: 'minus_human_features'>, 'score_method': <ScoreMethod.mean: 'mean'>}. Best is trial 14 with value: 0.7299418856795906.
[I 2023-06-15 21:25:50,731] Trial 29 finished with value: 0.3770925492236967 and parameters: {'positive_texts': ['a human running', 'a video of a human approaching', 'going through a fence', 'human unlocking a door', 'person creep walking', 'terrorist'], 'negative_texts': ['bird flying around', 'empty scene', 'field at midnight', 'grayscale picture of a fence', 'insects', 'plastic bag flying'], 'similarity_method': <SimilarityMethod.minus_human_features: 'minus_human_features'>, 'score_method': <ScoreMethod.positive: 'positive'>}. Best is trial 14 with value: 0.7299418856795906.
[I 2023-06-15 21:25:54,554] Trial 30 finished with value: 0.524465478358921 and parameters: {'positive_texts': ['adult', 'human holding a ladder', 'human pick locking', 'human wearing a coat', 'person', 'putting a knee down'], 'negative_texts': ['bag', 'black and white picture', 'black and white scene of horror movie', 'empty scene', 'foxes', 'plastic bag flying', 'rabbits'], 'similarity_method': <SimilarityMethod.dot_product: 'dot_product'>, 'score_method': <ScoreMethod.mean: 'mean'>}. Best is trial 14 with value: 0.7299418856795906.
[I 2023-06-15 21:25:58,557] Trial 31 finished with value: 0.6578871758175037 and parameters: {'positive_texts': ['a picture of a human climbing a ladder', 'human cutting a fence', 'human discretely moving towards a fence', 'ladder leaning against a fence', 'terrorist'], 'negative_texts': ['bird flying around', 'birds flying', 'black and white picture', 'empty scene', 'field at midnight', 'foxes', 'video with artefacts'], 'similarity_method': <SimilarityMethod.minus_human_features: 'minus_human_features'>, 'score_method': <ScoreMethod.mean: 'mean'>}. Best is trial 14 with value: 0.7299418856795906.
[I 2023-06-15 21:26:02,459] Trial 32 finished with value: 0.7192406106340532 and parameters: {'positive_texts': ['a person running', 'adult', 'an adult running', 'human climbing a ladder on a fence', 'human cutting', 'human stepping down', 'one person'], 'negative_texts': ['bird flying around', 'birds flying', 'black and white picture', 'empty scene', 'field at midnight', 'foxes', 'video with artefacts'], 'similarity_method': <SimilarityMethod.minus_human_features: 'minus_human_features'>, 'score_method': <ScoreMethod.mean: 'mean'>}. Best is trial 14 with value: 0.7299418856795906.
[I 2023-06-15 21:26:05,571] Trial 33 finished with value: 0.6297434729811779 and parameters: {'positive_texts': ['a person running', 'adult', 'an adult running', 'human climbing a ladder on a fence', 'human cutting', 'human stepping down', 'one person'], 'negative_texts': ['bird flying around', 'cloudy field with a fence', 'fence', 'field', 'plastic bag flying'], 'similarity_method': <SimilarityMethod.minus_human_features: 'minus_human_features'>, 'score_method': <ScoreMethod.mean: 'mean'>}. Best is trial 14 with value: 0.7299418856795906.
[I 2023-06-15 21:26:08,281] Trial 34 finished with value: 0.6400110590684361 and parameters: {'positive_texts': ['black and white picture of a human', 'human climbing a ladder', 'human stepping down', 'human wearing light cloths'], 'negative_texts': ['bag', 'bird flying around', 'birds flying', 'black and white scene of horror movie', 'fence', 'picture with artefacts'], 'similarity_method': <SimilarityMethod.minus_human_features: 'minus_human_features'>, 'score_method': <ScoreMethod.mean: 'mean'>}. Best is trial 14 with value: 0.7299418856795906.
[I 2023-06-15 21:26:11,816] Trial 35 finished with value: 0.5 and parameters: {'positive_texts': ['a picture of a human climbing a ladder', 'a video of a human approaching a fence', 'human climbing a ladder', 'human kneeling down', 'human making small steps', 'human wearing dark clothes', 'human wearing white cloths'], 'negative_texts': ['animals', 'bird flying around', 'black and white scene of horror movie', 'empty scene', 'foxes', 'grayscale picture of a fence', 'wall'], 'similarity_method': <SimilarityMethod.minus_human_features: 'minus_human_features'>, 'score_method': <TopClassificationMethod.mode: 'mode'>}. Best is trial 14 with value: 0.7299418856795906.
