[I 2023-06-15 21:33:01,137] Trial 187 finished with value: 0.8286394032921811 and parameters: {'positive_texts': ['grayscale picture of a human', 'human bending down', 'human climbing a ladder', 'human holding a ladder', 'human making small steps', 'human unlocking a door', 'human wearing dark clothes'], 'negative_texts': ['bird flying around', 'birds flying', 'rabbits', 'video with artefacts'], 'similarity_method': <SimilarityMethod.minus_human_similarity: 'minus_human_similarity'>, 'minus_similarity_weight': 0.33246711747036534, 'score_method': <ScoreMethod.mean: 'mean'>}. Best is trial 91 with value: 0.8577996399176954.
[I 2023-06-15 21:33:04,010] Trial 188 finished with value: 0.505787037037037 and parameters: {'positive_texts': ['grayscale picture of a human', 'human bending down', 'human climbing a ladder', 'human holding a ladder', 'human making small steps', 'human unlocking a door', 'human wearing dark clothes'], 'negative_texts': ['animals', 'bag', 'black and white picture', 'plastic bag flying', 'wall'], 'similarity_method': <SimilarityMethod.minus_human_similarity: 'minus_human_similarity'>, 'minus_similarity_weight': 0.32419115084927475, 'score_method': <TopClassificationMethod.mode: 'mode'>}. Best is trial 91 with value: 0.8577996399176954.
[I 2023-06-15 21:33:06,528] Trial 189 finished with value: 0.4997320816186558 and parameters: {'positive_texts': ['grayscale picture of a human', 'human bending down', 'human climbing a ladder', 'human holding a ladder', 'human making small steps', 'human unlocking a door', 'human wearing dark clothes'], 'negative_texts': ['barbed wire', 'fence', 'field at midnight', 'wall'], 'similarity_method': <SimilarityMethod.minus_human_similarity: 'minus_human_similarity'>, 'minus_similarity_weight': 0.3382065282366307, 'score_method': <ScoreMethod.mean: 'mean'>}. Best is trial 91 with value: 0.8577996399176954.
[I 2023-06-15 21:33:09,190] Trial 190 finished with value: 0.8308202589163238 and parameters: {'positive_texts': ['grayscale picture of a human', 'human bending down', 'human climbing a ladder', 'human holding a ladder', 'human making small steps', 'human unlocking a door', 'human wearing dark clothes'], 'negative_texts': ['bird flying around', 'birds flying', 'rabbits', 'video with artefacts'], 'similarity_method': <SimilarityMethod.minus_human_similarity: 'minus_human_similarity'>, 'minus_similarity_weight': 0.35003256264218496, 'score_method': <ScoreMethod.mean: 'mean'>}. Best is trial 91 with value: 0.8577996399176954.
[I 2023-06-15 21:33:11,650] Trial 191 finished with value: 0.8253868741426613 and parameters: {'positive_texts': ['grayscale picture of a human', 'human bending down', 'human climbing a ladder', 'human holding a ladder', 'human making small steps', 'human unlocking a door', 'human wearing dark clothes'], 'negative_texts': ['bird flying around', 'birds flying', 'rabbits', 'video with artefacts'], 'similarity_method': <SimilarityMethod.minus_human_similarity: 'minus_human_similarity'>, 'minus_similarity_weight': 0.3127499687790528, 'score_method': <ScoreMethod.mean: 'mean'>}. Best is trial 91 with value: 0.8577996399176954.
[I 2023-06-15 21:33:14,348] Trial 192 finished with value: 0.8302254801097395 and parameters: {'positive_texts': ['grayscale picture of a human', 'human bending down', 'human climbing a ladder', 'human holding a ladder', 'human making small steps', 'human unlocking a door', 'human wearing dark clothes'], 'negative_texts': ['bird flying around', 'birds flying', 'rabbits', 'video with artefacts'], 'similarity_method': <SimilarityMethod.minus_human_similarity: 'minus_human_similarity'>, 'minus_similarity_weight': 0.34541160625174366, 'score_method': <ScoreMethod.mean: 'mean'>}. Best is trial 91 with value: 0.8577996399176954.
[I 2023-06-15 21:33:17,033] Trial 193 finished with value: 0.8305952074759946 and parameters: {'positive_texts': ['grayscale picture of a human', 'human bending down', 'human climbing a ladder', 'human holding a ladder', 'human making small steps', 'human unlocking a door', 'human wearing dark clothes'], 'negative_texts': ['bird flying around', 'birds flying', 'rabbits', 'video with artefacts'], 'similarity_method': <SimilarityMethod.minus_human_similarity: 'minus_human_similarity'>, 'minus_similarity_weight': 0.34853705735245755, 'score_method': <ScoreMethod.mean: 'mean'>}. Best is trial 91 with value: 0.8577996399176954.
[I 2023-06-15 21:33:19,546] Trial 194 finished with value: 0.8302737054183815 and parameters: {'positive_texts': ['grayscale picture of a human', 'human bending down', 'human climbing a ladder', 'human holding a ladder', 'human making small steps', 'human unlocking a door', 'human wearing dark clothes'], 'negative_texts': ['bird flying around', 'birds flying', 'rabbits', 'video with artefacts'], 'similarity_method': <SimilarityMethod.minus_human_similarity: 'minus_human_similarity'>, 'minus_similarity_weight': 0.3457691799537304, 'score_method': <ScoreMethod.mean: 'mean'>}. Best is trial 91 with value: 0.8577996399176954.
[I 2023-06-15 21:33:22,596] Trial 195 finished with value: 0.5887613597393689 and parameters: {'positive_texts': ['grayscale picture of a human', 'human bending down', 'human climbing a ladder', 'human holding a ladder', 'human making small steps', 'human unlocking a door', 'human wearing dark clothes'], 'negative_texts': ['animals', 'barbed wire', 'black and white picture', 'fence', 'grayscale picture of a fence', 'insect flying'], 'similarity_method': <SimilarityMethod.minus_human_similarity: 'minus_human_similarity'>, 'minus_similarity_weight': 0.3514768693378217, 'score_method': <ScoreMethod.mean: 'mean'>}. Best is trial 91 with value: 0.8577996399176954.
[I 2023-06-15 21:33:25,726] Trial 196 finished with value: 0.20459319272976678 and parameters: {'positive_texts': ['a video of a human approaching', 'grayscale picture of a human', 'human going through', 'human stepping down', 'human unlocking a door', 'thief'], 'negative_texts': ['bird flying around', 'birds flying', 'rabbits', 'video with artefacts'], 'similarity_method': <SimilarityMethod.minus_human_similarity: 'minus_human_similarity'>, 'minus_similarity_weight': 0.3682900254730115, 'score_method': <ScoreMethod.positive: 'positive'>}. Best is trial 91 with value: 0.8577996399176954.
[I 2023-06-15 21:33:29,484] Trial 197 finished with value: 0.5068801440329218 and parameters: {'positive_texts': ['grayscale picture of a human', 'human bending down', 'human climbing a ladder', 'human holding a ladder', 'human making small steps', 'human unlocking a door', 'human wearing dark clothes'], 'negative_texts': ['bag', 'fence', 'field', 'wall'], 'similarity_method': <SimilarityMethod.minus_human_similarity: 'minus_human_similarity'>, 'minus_similarity_weight': 0.35366449701998004, 'score_method': <ScoreMethod.mean: 'mean'>}. Best is trial 91 with value: 0.8577996399176954.
[I 2023-06-15 21:33:32,605] Trial 198 finished with value: 0.4640989368998628 and parameters: {'positive_texts': ['a person running', 'adult', 'an adult running', 'human climbing a ladder on a fence', 'human cutting', 'human stepping down', 'one person'], 'negative_texts': ['cloudy field with a fence', 'empty scene', 'insects', 'plastic bag laying on the floor'], 'similarity_method': <SimilarityMethod.minus_human_similarity: 'minus_human_similarity'>, 'minus_similarity_weight': 0.3807806184657851, 'score_method': <ScoreMethod.mean: 'mean'>}. Best is trial 91 with value: 0.8577996399176954.
[I 2023-06-15 21:33:35,592] Trial 199 finished with value: 0.5344167952674898 and parameters: {'positive_texts': ['grayscale picture of a human', 'human bending down', 'human climbing a ladder', 'human holding a ladder', 'human making small steps', 'human unlocking a door', 'human wearing dark clothes'], 'negative_texts': ['barbed wire', 'field with green grass', 'field', 'picture with artefacts', 'plastic bag flying', 'plastic bag laying on the floor', 'rabbits'], 'similarity_method': <SimilarityMethod.dot_product: 'dot_product'>, 'score_method': <ScoreMethod.mean: 'mean'>}. Best is trial 91 with value: 0.8577996399176954.
