[I 2023-06-15 21:31:22,085] Trial 151 finished with value: 0.813539523319616 and parameters: {'positive_texts': ['going through a fence', 'human against a wall', 'human unlocking a door', 'human wearing light cloths', 'person creep walking', 'putting a knee down', 'thief'], 'negative_texts': ['bird flying around', 'birds flying', 'rabbits', 'video with artefacts'], 'similarity_method': <SimilarityMethod.minus_human_similarity: 'minus_human_similarity'>, 'minus_similarity_weight': 0.37754891641817867, 'score_method': <ScoreMethod.mean: 'mean'>}. Best is trial 91 with value: 0.8577996399176954.
[I 2023-06-15 21:31:24,710] Trial 152 finished with value: 0.7780724879972565 and parameters: {'positive_texts': ['an adult running', 'human approaching a fence', 'human making small steps', 'human walking', 'person crip walking'], 'negative_texts': ['bird flying around', 'birds flying', 'rabbits', 'video with artefacts'], 'similarity_method': <SimilarityMethod.minus_human_similarity: 'minus_human_similarity'>, 'minus_similarity_weight': 0.4602253012424332, 'score_method': <ScoreMethod.mean: 'mean'>}. Best is trial 91 with value: 0.8577996399176954.
[I 2023-06-15 21:31:28,387] Trial 153 finished with value: 0.4844339420438957 and parameters: {'positive_texts': ['a human running', 'a video of a human approaching a fence', 'adult', 'human kneeling down', 'human stepping down', 'putting a knee down', 'ripping a fence'], 'negative_texts': ['black and white picture', 'fence', 'field at midnight', 'picture with artefacts'], 'similarity_method': <SimilarityMethod.minus_human_similarity: 'minus_human_similarity'>, 'minus_similarity_weight': 0.4114079616428632, 'score_method': <ScoreMethod.mean: 'mean'>}. Best is trial 91 with value: 0.8577996399176954.
[I 2023-06-15 21:31:31,115] Trial 154 finished with value: 0.7169978137860082 and parameters: {'positive_texts': ['human against a wall', 'human cutting', 'human wearing a coat', 'one person'], 'negative_texts': ['change of colorimetry', 'horror movie scene', 'insect flying', 'picture with artefacts', 'plastic bag flying'], 'similarity_method': <SimilarityMethod.minus_human_similarity: 'minus_human_similarity'>, 'minus_similarity_weight': 0.43183814953260113, 'score_method': <ScoreMethod.mean: 'mean'>}. Best is trial 91 with value: 0.8577996399176954.
[I 2023-06-15 21:31:33,163] Trial 155 finished with value: 0.28852666323731135 and parameters: {'positive_texts': ['a person running', 'human making small steps', 'putting a knee down', 'thief'], 'negative_texts': ['bird flying around', 'black and white picture', 'field at midnight', 'wall'], 'similarity_method': <SimilarityMethod.minus_human_similarity: 'minus_human_similarity'>, 'minus_similarity_weight': 0.3878720021891626, 'score_method': <ScoreMethod.positive: 'positive'>}. Best is trial 91 with value: 0.8577996399176954.
[I 2023-06-15 21:31:35,561] Trial 156 finished with value: 0.6057634602194788 and parameters: {'positive_texts': ['a picture of a human climbing a ladder', 'grayscale picture of a human', 'human wearing light cloths', 'one person'], 'negative_texts': ['empty scene', 'field', 'foxes', 'grayscale picture of a fence', 'insect flying', 'insects', 'video with artefacts'], 'similarity_method': <SimilarityMethod.minus_human_similarity: 'minus_human_similarity'>, 'minus_similarity_weight': 0.4682185308443508, 'score_method': <ScoreMethod.mean: 'mean'>}. Best is trial 91 with value: 0.8577996399176954.
[I 2023-06-15 21:31:37,649] Trial 157 finished with value: 0.7831468621399178 and parameters: {'positive_texts': ['adult', 'grayscale picture of a human', 'human cutting a fence', 'human unlocking a door', 'putting a knee down'], 'negative_texts': ['bird flying around', 'birds flying', 'rabbits', 'video with artefacts'], 'similarity_method': <SimilarityMethod.minus_human_similarity: 'minus_human_similarity'>, 'minus_similarity_weight': 0.3544769090565845, 'score_method': <ScoreMethod.mean: 'mean'>}. Best is trial 91 with value: 0.8577996399176954.
[I 2023-06-15 21:31:40,450] Trial 158 finished with value: 0.6786211848422496 and parameters: {'positive_texts': ['grayscale picture of a human', 'human approaching a fence', 'human going through a fence', 'human wearing a coat', 'putting a knee down', 'thief'], 'negative_texts': ['barbed wire', 'empty scene', 'foxes', 'insect flying', 'rabbits', 'video with artefacts'], 'similarity_method': <SimilarityMethod.minus_human_similarity: 'minus_human_similarity'>, 'minus_similarity_weight': 0.4003331065122417, 'score_method': <ScoreMethod.mean: 'mean'>}. Best is trial 91 with value: 0.8577996399176954.
[I 2023-06-15 21:31:43,083] Trial 159 finished with value: 0.7967517575445816 and parameters: {'positive_texts': ['a video of a human approaching', 'grayscale picture of a human', 'human approaching a fence', 'human going through', 'human stepping down', 'human', 'ripping a fence'], 'negative_texts': ['bird flying around', 'birds flying', 'rabbits', 'video with artefacts'], 'similarity_method': <SimilarityMethod.minus_human_similarity: 'minus_human_similarity'>, 'minus_similarity_weight': 0.43118512220183697, 'score_method': <ScoreMethod.mean: 'mean'>}. Best is trial 91 with value: 0.8577996399176954.
[I 2023-06-15 21:31:45,208] Trial 160 finished with value: 0.8202321244855968 and parameters: {'positive_texts': ['human bending down', 'human climbing a ladder', 'human cutting a fence', 'human going through a fence', 'terrorist'], 'negative_texts': ['bird flying around', 'birds flying', 'rabbits', 'video with artefacts'], 'similarity_method': <SimilarityMethod.minus_human_similarity: 'minus_human_similarity'>, 'minus_similarity_weight': 0.3733567680581362, 'score_method': <ScoreMethod.mean: 'mean'>}. Best is trial 91 with value: 0.8577996399176954.
[I 2023-06-15 21:31:47,540] Trial 161 finished with value: 0.6587202074759946 and parameters: {'positive_texts': ['going through a fence', 'human against a wall', 'human climbing a ladder on a fence', 'human walking', 'person'], 'negative_texts': ['barbed wire', 'birds flying', 'cloudy field with a fence', 'field', 'wall'], 'similarity_method': <SimilarityMethod.minus_human_similarity: 'minus_human_similarity'>, 'minus_similarity_weight': 0.4792542744098043, 'score_method': <ScoreMethod.mean: 'mean'>}. Best is trial 91 with value: 0.8577996399176954.
[I 2023-06-15 21:31:49,864] Trial 162 finished with value: 0.824272333676269 and parameters: {'positive_texts': ['going through a fence', 'human against a wall', 'human climbing a ladder on a fence', 'human walking', 'person'], 'negative_texts': ['bird flying around', 'birds flying', 'rabbits', 'video with artefacts'], 'similarity_method': <SimilarityMethod.minus_human_similarity: 'minus_human_similarity'>, 'minus_similarity_weight': 0.5049939358093206, 'score_method': <ScoreMethod.mean: 'mean'>}. Best is trial 91 with value: 0.8577996399176954.
[I 2023-06-15 21:31:52,708] Trial 163 finished with value: 0.8262388545953361 and parameters: {'positive_texts': ['going through a fence', 'human against a wall', 'human climbing a ladder on a fence', 'human walking', 'person'], 'negative_texts': ['bird flying around', 'birds flying', 'rabbits', 'video with artefacts'], 'similarity_method': <SimilarityMethod.minus_human_similarity: 'minus_human_similarity'>, 'minus_similarity_weight': 0.4509612539505354, 'score_method': <ScoreMethod.mean: 'mean'>}. Best is trial 91 with value: 0.8577996399176954.
[I 2023-06-15 21:31:55,135] Trial 164 finished with value: 0.49098186728395066 and parameters: {'positive_texts': ['adult', 'human wearing a coat', 'terrorist', 'thief'], 'negative_texts': ['empty scene', 'field with green grass', 'horror movie scene', 'rabbits', 'wall'], 'similarity_method': <SimilarityMethod.minus_human_similarity: 'minus_human_similarity'>, 'minus_similarity_weight': 0.44994767972966987, 'score_method': <ScoreMethod.mean: 'mean'>}. Best is trial 91 with value: 0.8577996399176954.
[I 2023-06-15 21:31:58,340] Trial 165 finished with value: 0.777820644718793 and parameters: {'positive_texts': ['adult', 'human holding a ladder', 'human pick locking', 'human wearing a coat', 'person', 'putting a knee down'], 'negative_texts': ['bird flying around', 'birds flying', 'rabbits', 'video with artefacts'], 'similarity_method': <SimilarityMethod.minus_human_similarity: 'minus_human_similarity'>, 'minus_similarity_weight': 0.41616680798623673, 'score_method': <ScoreMethod.mean: 'mean'>}. Best is trial 91 with value: 0.8577996399176954.
[I 2023-06-15 21:32:00,597] Trial 166 finished with value: 0.8364519032921812 and parameters: {'positive_texts': ['a person running', 'a picture of a human climbing a ladder', 'human against a wall', 'putting a knee down', 'ripping a fence'], 'negative_texts': ['bird flying around', 'birds flying', 'rabbits', 'video with artefacts'], 'similarity_method': <SimilarityMethod.minus_human_similarity: 'minus_human_similarity'>, 'minus_similarity_weight': 0.3931293127673163, 'score_method': <ScoreMethod.mean: 'mean'>}. Best is trial 91 with value: 0.8577996399176954.
[I 2023-06-15 21:32:03,359] Trial 167 finished with value: 0.628198945473251 and parameters: {'positive_texts': ['a person running', 'a picture of a human climbing a ladder', 'human against a wall', 'putting a knee down', 'ripping a fence'], 'negative_texts': ['barbed wire', 'change of colorimetry', 'empty scene', 'grayscale picture of a fence', 'video with artefacts'], 'similarity_method': <SimilarityMethod.dot_product: 'dot_product'>, 'score_method': <ScoreMethod.mean: 'mean'>}. Best is trial 91 with value: 0.8577996399176954.
[I 2023-06-15 21:32:06,384] Trial 168 finished with value: 0.5 and parameters: {'positive_texts': ['a person running', 'a picture of a human climbing a ladder', 'human against a wall', 'putting a knee down', 'ripping a fence'], 'negative_texts': ['barbed wire', 'birds flying', 'black and white picture', 'black and white scene of horror movie', 'empty scene', 'field', 'plastic bag flying'], 'similarity_method': <SimilarityMethod.minus_human_similarity: 'minus_human_similarity'>, 'minus_similarity_weight': 0.3910637584535845, 'score_method': <TopClassificationMethod.any: 'any'>}. Best is trial 91 with value: 0.8577996399176954.
[I 2023-06-15 21:32:08,920] Trial 169 finished with value: 0.8361357596021948 and parameters: {'positive_texts': ['grayscale picture of a human', 'human bending down', 'human climbing a ladder', 'human holding a ladder', 'human making small steps', 'human unlocking a door', 'human wearing dark clothes'], 'negative_texts': ['bird flying around', 'birds flying', 'rabbits', 'video with artefacts'], 'similarity_method': <SimilarityMethod.minus_human_similarity: 'minus_human_similarity'>, 'minus_similarity_weight': 0.40900576580773684, 'score_method': <ScoreMethod.mean: 'mean'>}. Best is trial 91 with value: 0.8577996399176954.
[I 2023-06-15 21:32:11,481] Trial 170 finished with value: 0.8326474622770919 and parameters: {'positive_texts': ['grayscale picture of a human', 'human bending down', 'human climbing a ladder', 'human holding a ladder', 'human making small steps', 'human unlocking a door', 'human wearing dark clothes'], 'negative_texts': ['bird flying around', 'birds flying', 'rabbits', 'video with artefacts'], 'similarity_method': <SimilarityMethod.minus_human_similarity: 'minus_human_similarity'>, 'minus_similarity_weight': 0.36600298950557525, 'score_method': <ScoreMethod.mean: 'mean'>}. Best is trial 91 with value: 0.8577996399176954.
[I 2023-06-15 21:32:14,333] Trial 171 finished with value: 0.5623713991769548 and parameters: {'positive_texts': ['grayscale picture of a human', 'human bending down', 'human climbing a ladder', 'human holding a ladder', 'human making small steps', 'human unlocking a door', 'human wearing dark clothes'], 'negative_texts': ['bird flying around', 'cloudy field with a fence', 'field with green grass', 'field', 'insect flying', 'plastic bag laying on the floor'], 'similarity_method': <SimilarityMethod.minus_human_similarity: 'minus_human_similarity'>, 'minus_similarity_weight': 0.36795263251308424, 'score_method': <ScoreMethod.mean: 'mean'>}. Best is trial 91 with value: 0.8577996399176954.
[I 2023-06-15 21:32:16,868] Trial 172 finished with value: 0.8358785579561043 and parameters: {'positive_texts': ['grayscale picture of a human', 'human bending down', 'human climbing a ladder', 'human holding a ladder', 'human making small steps', 'human unlocking a door', 'human wearing dark clothes'], 'negative_texts': ['bird flying around', 'birds flying', 'rabbits', 'video with artefacts'], 'similarity_method': <SimilarityMethod.minus_human_similarity: 'minus_human_similarity'>, 'minus_similarity_weight': 0.40536212244909103, 'score_method': <ScoreMethod.mean: 'mean'>}. Best is trial 91 with value: 0.8577996399176954.
[I 2023-06-15 21:32:20,084] Trial 173 finished with value: 0.6526974022633745 and parameters: {'positive_texts': ['grayscale picture of a human', 'human bending down', 'human climbing a ladder', 'human holding a ladder', 'human making small steps', 'human unlocking a door', 'human wearing dark clothes'], 'negative_texts': ['animals', 'birds flying', 'cloudy field with a fence', 'empty scene', 'fence', 'grayscale picture of a fence', 'insect flying'], 'similarity_method': <SimilarityMethod.minus_human_similarity: 'minus_human_similarity'>, 'minus_similarity_weight': 0.3427048761804437, 'score_method': <ScoreMethod.mean: 'mean'>}. Best is trial 91 with value: 0.8577996399176954.
[I 2023-06-15 21:32:22,778] Trial 174 finished with value: 0.8354445301783264 and parameters: {'positive_texts': ['grayscale picture of a human', 'human bending down', 'human climbing a ladder', 'human holding a ladder', 'human making small steps', 'human unlocking a door', 'human wearing dark clothes'], 'negative_texts': ['bird flying around', 'birds flying', 'rabbits', 'video with artefacts'], 'similarity_method': <SimilarityMethod.minus_human_similarity: 'minus_human_similarity'>, 'minus_similarity_weight': 0.39755259741501764, 'score_method': <ScoreMethod.mean: 'mean'>}. Best is trial 91 with value: 0.8577996399176954.
[I 2023-06-15 21:32:25,693] Trial 175 finished with value: 0.7916291580932785 and parameters: {'positive_texts': ['a video of a human approaching a fence', 'going through a fence', 'human against a wall', 'human discretely moving towards a fence', 'human wearing light cloths', 'putting a knee down'], 'negative_texts': ['bird flying around', 'birds flying', 'rabbits', 'video with artefacts'], 'similarity_method': <SimilarityMethod.minus_human_similarity: 'minus_human_similarity'>, 'minus_similarity_weight': 0.39802952144983567, 'score_method': <ScoreMethod.mean: 'mean'>}. Best is trial 91 with value: 0.8577996399176954.
[I 2023-06-15 21:32:29,231] Trial 176 finished with value: 0.8343299897119342 and parameters: {'positive_texts': ['grayscale picture of a human', 'human bending down', 'human climbing a ladder', 'human holding a ladder', 'human making small steps', 'human unlocking a door', 'human wearing dark clothes'], 'negative_texts': ['bird flying around', 'birds flying', 'rabbits', 'video with artefacts'], 'similarity_method': <SimilarityMethod.minus_human_similarity: 'minus_human_similarity'>, 'minus_similarity_weight': 0.3835661816707033, 'score_method': <ScoreMethod.mean: 'mean'>}. Best is trial 91 with value: 0.8577996399176954.
[I 2023-06-15 21:32:32,396] Trial 177 finished with value: 0.8343407064471879 and parameters: {'positive_texts': ['grayscale picture of a human', 'human bending down', 'human climbing a ladder', 'human holding a ladder', 'human making small steps', 'human unlocking a door', 'human wearing dark clothes'], 'negative_texts': ['bird flying around', 'birds flying', 'rabbits', 'video with artefacts'], 'similarity_method': <SimilarityMethod.minus_human_similarity: 'minus_human_similarity'>, 'minus_similarity_weight': 0.38407069312102543, 'score_method': <ScoreMethod.mean: 'mean'>}. Best is trial 91 with value: 0.8577996399176954.
[I 2023-06-15 21:32:35,031] Trial 178 finished with value: 0.5036651234567902 and parameters: {'positive_texts': ['grayscale picture of a human', 'human bending down', 'human climbing a ladder', 'human holding a ladder', 'human making small steps', 'human unlocking a door', 'human wearing dark clothes'], 'negative_texts': ['empty scene', 'field at midnight', 'grayscale picture of a fence', 'insect flying', 'wall'], 'similarity_method': <SimilarityMethod.minus_human_similarity: 'minus_human_similarity'>, 'minus_similarity_weight': 0.37602960383722117, 'score_method': <ScoreMethod.mean: 'mean'>}. Best is trial 91 with value: 0.8577996399176954.
[I 2023-06-15 21:32:37,328] Trial 179 finished with value: 0.5 and parameters: {'positive_texts': ['grayscale picture of a human', 'human bending down', 'human climbing a ladder', 'human holding a ladder', 'human making small steps', 'human unlocking a door', 'human wearing dark clothes'], 'negative_texts': ['barbed wire', 'field at midnight', 'foxes', 'plastic bag flying'], 'similarity_method': <SimilarityMethod.minus_human_similarity: 'minus_human_similarity'>, 'minus_similarity_weight': 0.36226292355046313, 'score_method': <TopClassificationMethod.max_sum: 'max_sum'>}. Best is trial 91 with value: 0.8577996399176954.
[I 2023-06-15 21:32:39,534] Trial 180 finished with value: 0.8305148319615913 and parameters: {'positive_texts': ['grayscale picture of a human', 'human bending down', 'human climbing a ladder', 'human holding a ladder', 'human making small steps', 'human unlocking a door', 'human wearing dark clothes'], 'negative_texts': ['bird flying around', 'birds flying', 'rabbits', 'video with artefacts'], 'similarity_method': <SimilarityMethod.minus_human_similarity: 'minus_human_similarity'>, 'minus_similarity_weight': 0.34798362887348205, 'score_method': <ScoreMethod.mean: 'mean'>}. Best is trial 91 with value: 0.8577996399176954.
[I 2023-06-15 21:32:41,789] Trial 181 finished with value: 0.8348283179012346 and parameters: {'positive_texts': ['grayscale picture of a human', 'human bending down', 'human climbing a ladder', 'human holding a ladder', 'human making small steps', 'human unlocking a door', 'human wearing dark clothes'], 'negative_texts': ['bird flying around', 'birds flying', 'rabbits', 'video with artefacts'], 'similarity_method': <SimilarityMethod.minus_human_similarity: 'minus_human_similarity'>, 'minus_similarity_weight': 0.3876647227332414, 'score_method': <ScoreMethod.mean: 'mean'>}. Best is trial 91 with value: 0.8577996399176954.
[I 2023-06-15 21:32:44,641] Trial 182 finished with value: 0.8304130229766804 and parameters: {'positive_texts': ['grayscale picture of a human', 'human bending down', 'human climbing a ladder', 'human holding a ladder', 'human making small steps', 'human unlocking a door', 'human wearing dark clothes'], 'negative_texts': ['bird flying around', 'birds flying', 'rabbits', 'video with artefacts'], 'similarity_method': <SimilarityMethod.minus_human_similarity: 'minus_human_similarity'>, 'minus_similarity_weight': 0.34689777165073976, 'score_method': <ScoreMethod.mean: 'mean'>}. Best is trial 91 with value: 0.8577996399176954.
[I 2023-06-15 21:32:47,547] Trial 183 finished with value: 0.40432098765432095 and parameters: {'positive_texts': ['grayscale picture of a human', 'human bending down', 'human climbing a ladder', 'human holding a ladder', 'human making small steps', 'human unlocking a door', 'human wearing dark clothes'], 'negative_texts': ['black and white scene of horror movie', 'horror movie scene', 'insect flying', 'wall'], 'similarity_method': <SimilarityMethod.minus_human_similarity: 'minus_human_similarity'>, 'minus_similarity_weight': 0.34888030345468585, 'score_method': <ScoreMethod.mean: 'mean'>}. Best is trial 91 with value: 0.8577996399176954.
[I 2023-06-15 21:32:50,515] Trial 184 finished with value: 0.8296226637517148 and parameters: {'positive_texts': ['grayscale picture of a human', 'human bending down', 'human climbing a ladder', 'human holding a ladder', 'human making small steps', 'human unlocking a door', 'human wearing dark clothes'], 'negative_texts': ['bird flying around', 'birds flying', 'rabbits', 'video with artefacts'], 'similarity_method': <SimilarityMethod.minus_human_similarity: 'minus_human_similarity'>, 'minus_similarity_weight': 0.33944537590465623, 'score_method': <ScoreMethod.mean: 'mean'>}. Best is trial 91 with value: 0.8577996399176954.
[I 2023-06-15 21:32:54,535] Trial 185 finished with value: 0.6094982424554183 and parameters: {'positive_texts': ['grayscale picture of a human', 'human bending down', 'human climbing a ladder', 'human holding a ladder', 'human making small steps', 'human unlocking a door', 'human wearing dark clothes'], 'negative_texts': ['animals', 'barbed wire', 'black and white scene of horror movie', 'change of colorimetry', 'grayscale picture of a fence', 'insect flying', 'picture with artefacts'], 'similarity_method': <SimilarityMethod.minus_human_similarity: 'minus_human_similarity'>, 'minus_similarity_weight': 0.3274100939752418, 'score_method': <ScoreMethod.mean: 'mean'>}. Best is trial 91 with value: 0.8577996399176954.
[I 2023-06-15 21:32:58,451] Trial 186 finished with value: 0.5208065414951988 and parameters: {'positive_texts': ['grayscale picture of a human', 'human bending down', 'human climbing a ladder', 'human holding a ladder', 'human making small steps', 'human unlocking a door', 'human wearing dark clothes'], 'negative_texts': ['animals', 'field at midnight', 'field with green grass', 'foxes', 'horror movie scene', 'insect flying', 'wall'], 'similarity_method': <SimilarityMethod.minus_human_similarity: 'minus_human_similarity'>, 'minus_similarity_weight': 0.36463750480721036, 'score_method': <ScoreMethod.mean: 'mean'>}. Best is trial 91 with value: 0.8577996399176954.
