[I 2023-06-15 21:27:53,901] Trial 77 finished with value: 0.7888963906035665 and parameters: {'positive_texts': ['grayscale picture of a human', 'human bending down', 'human stepping down', 'ladder leaning against a fence', 'person crip walking', 'terrorist'], 'negative_texts': ['barbed wire', 'bird flying around', 'empty scene', 'foxes'], 'similarity_method': <SimilarityMethod.minus_human_similarity: 'minus_human_similarity'>, 'minus_similarity_weight': 0.34627343998794047, 'score_method': <ScoreMethod.mean: 'mean'>}. Best is trial 77 with value: 0.7888963906035665.
[I 2023-06-15 21:27:56,322] Trial 78 finished with value: 0.7882748199588477 and parameters: {'positive_texts': ['grayscale picture of a human', 'human bending down', 'human stepping down', 'ladder leaning against a fence', 'person crip walking', 'terrorist'], 'negative_texts': ['barbed wire', 'bird flying around', 'empty scene', 'foxes'], 'similarity_method': <SimilarityMethod.minus_human_similarity: 'minus_human_similarity'>, 'minus_similarity_weight': 0.34140220207350613, 'score_method': <ScoreMethod.mean: 'mean'>}. Best is trial 77 with value: 0.7888963906035665.
[I 2023-06-15 21:27:58,341] Trial 79 finished with value: 0.7900913065843622 and parameters: {'positive_texts': ['grayscale picture of a human', 'human bending down', 'human stepping down', 'ladder leaning against a fence', 'person crip walking', 'terrorist'], 'negative_texts': ['barbed wire', 'bird flying around', 'empty scene', 'foxes'], 'similarity_method': <SimilarityMethod.minus_human_similarity: 'minus_human_similarity'>, 'minus_similarity_weight': 0.35497205571019874, 'score_method': <ScoreMethod.mean: 'mean'>}. Best is trial 79 with value: 0.7900913065843622.
[I 2023-06-15 21:28:00,927] Trial 80 finished with value: 0.6452010459533608 and parameters: {'positive_texts': ['grayscale picture of a human', 'human bending down', 'human stepping down', 'ladder leaning against a fence', 'person crip walking', 'terrorist'], 'negative_texts': ['barbed wire', 'birds flying', 'black and white picture', 'black and white scene of horror movie', 'empty scene', 'field', 'plastic bag flying'], 'similarity_method': <SimilarityMethod.minus_human_similarity: 'minus_human_similarity'>, 'minus_similarity_weight': 0.35236895489460335, 'score_method': <ScoreMethod.mean: 'mean'>}. Best is trial 79 with value: 0.7900913065843622.
[I 2023-06-15 21:28:02,907] Trial 81 finished with value: 0.8005990655006858 and parameters: {'positive_texts': ['grayscale picture of a human', 'human bending down', 'human stepping down', 'ladder leaning against a fence', 'person crip walking', 'terrorist'], 'negative_texts': ['barbed wire', 'bird flying around', 'empty scene', 'foxes'], 'similarity_method': <SimilarityMethod.minus_human_similarity: 'minus_human_similarity'>, 'minus_similarity_weight': 0.42586728972981364, 'score_method': <ScoreMethod.mean: 'mean'>}. Best is trial 81 with value: 0.8005990655006858.
[I 2023-06-15 21:28:04,918] Trial 82 finished with value: 0.799082647462277 and parameters: {'positive_texts': ['grayscale picture of a human', 'human bending down', 'human stepping down', 'ladder leaning against a fence', 'person crip walking', 'terrorist'], 'negative_texts': ['barbed wire', 'bird flying around', 'empty scene', 'foxes'], 'similarity_method': <SimilarityMethod.minus_human_similarity: 'minus_human_similarity'>, 'minus_similarity_weight': 0.4152799015188599, 'score_method': <ScoreMethod.mean: 'mean'>}. Best is trial 81 with value: 0.8005990655006858.
[I 2023-06-15 21:28:07,168] Trial 83 finished with value: 0.4925733024691358 and parameters: {'positive_texts': ['grayscale picture of a human', 'human bending down', 'human stepping down', 'ladder leaning against a fence', 'person crip walking', 'terrorist'], 'negative_texts': ['empty scene', 'field at midnight', 'grayscale picture of a fence', 'insect flying', 'wall'], 'similarity_method': <SimilarityMethod.minus_human_similarity: 'minus_human_similarity'>, 'minus_similarity_weight': 0.43063864865146867, 'score_method': <ScoreMethod.mean: 'mean'>}. Best is trial 81 with value: 0.8005990655006858.
[I 2023-06-15 21:28:09,153] Trial 84 finished with value: 0.8005669152949245 and parameters: {'positive_texts': ['grayscale picture of a human', 'human bending down', 'human stepping down', 'ladder leaning against a fence', 'person crip walking', 'terrorist'], 'negative_texts': ['bird flying around', 'birds flying', 'rabbits', 'video with artefacts'], 'similarity_method': <SimilarityMethod.minus_human_similarity: 'minus_human_similarity'>, 'minus_similarity_weight': 0.32970730022894157, 'score_method': <ScoreMethod.mean: 'mean'>}. Best is trial 81 with value: 0.8005990655006858.
[I 2023-06-15 21:28:11,805] Trial 85 finished with value: 0.5034722222222222 and parameters: {'positive_texts': ['grayscale picture of a human', 'human bending down', 'human stepping down', 'ladder leaning against a fence', 'person crip walking', 'terrorist'], 'negative_texts': ['animals', 'birds flying', 'cloudy field with a fence', 'empty scene', 'fence', 'grayscale picture of a fence', 'insect flying'], 'similarity_method': <SimilarityMethod.minus_human_similarity: 'minus_human_similarity'>, 'minus_similarity_weight': 0.33583439590020786, 'score_method': <TopClassificationMethod.any: 'any'>}. Best is trial 81 with value: 0.8005990655006858.
[I 2023-06-15 21:28:14,040] Trial 86 finished with value: 0.8026191700960219 and parameters: {'positive_texts': ['grayscale picture of a human', 'human bending down', 'human stepping down', 'ladder leaning against a fence', 'person crip walking', 'terrorist'], 'negative_texts': ['bird flying around', 'birds flying', 'rabbits', 'video with artefacts'], 'similarity_method': <SimilarityMethod.minus_human_similarity: 'minus_human_similarity'>, 'minus_similarity_weight': 0.4230062472789027, 'score_method': <ScoreMethod.mean: 'mean'>}. Best is trial 86 with value: 0.8026191700960219.
[I 2023-06-15 21:28:16,706] Trial 87 finished with value: 0.802517361111111 and parameters: {'positive_texts': ['grayscale picture of a human', 'human bending down', 'human stepping down', 'ladder leaning against a fence', 'person crip walking', 'terrorist'], 'negative_texts': ['bird flying around', 'birds flying', 'rabbits', 'video with artefacts'], 'similarity_method': <SimilarityMethod.minus_human_similarity: 'minus_human_similarity'>, 'minus_similarity_weight': 0.41667435518872625, 'score_method': <ScoreMethod.mean: 'mean'>}. Best is trial 86 with value: 0.8026191700960219.
[I 2023-06-15 21:28:19,319] Trial 88 finished with value: 0.5 and parameters: {'positive_texts': ['grayscale picture of a human', 'human bending down', 'human stepping down', 'ladder leaning against a fence', 'person crip walking', 'terrorist'], 'negative_texts': ['bird flying around', 'birds flying', 'rabbits', 'video with artefacts'], 'similarity_method': <SimilarityMethod.minus_human_similarity: 'minus_human_similarity'>, 'minus_similarity_weight': 0.42668647584335945, 'score_method': <TopClassificationMethod.max_sum: 'max_sum'>}. Best is trial 86 with value: 0.8026191700960219.
[I 2023-06-15 21:28:21,957] Trial 89 finished with value: 0.801252786351166 and parameters: {'positive_texts': ['grayscale picture of a human', 'human bending down', 'human stepping down', 'ladder leaning against a fence', 'person crip walking', 'terrorist'], 'negative_texts': ['bird flying around', 'birds flying', 'rabbits', 'video with artefacts'], 'similarity_method': <SimilarityMethod.minus_human_similarity: 'minus_human_similarity'>, 'minus_similarity_weight': 0.36319125926223866, 'score_method': <ScoreMethod.mean: 'mean'>}. Best is trial 86 with value: 0.8026191700960219.
[I 2023-06-15 21:28:24,655] Trial 90 finished with value: 0.8017886231138547 and parameters: {'positive_texts': ['grayscale picture of a human', 'human bending down', 'human stepping down', 'ladder leaning against a fence', 'person crip walking', 'terrorist'], 'negative_texts': ['bird flying around', 'birds flying', 'rabbits', 'video with artefacts'], 'similarity_method': <SimilarityMethod.minus_human_similarity: 'minus_human_similarity'>, 'minus_similarity_weight': 0.37762097532840855, 'score_method': <ScoreMethod.mean: 'mean'>}. Best is trial 86 with value: 0.8026191700960219.
[I 2023-06-15 21:28:26,940] Trial 91 finished with value: 0.8577996399176954 and parameters: {'positive_texts': ['a picture of a human climbing a ladder', 'grayscale picture of a human', 'human wearing light cloths', 'one person'], 'negative_texts': ['bird flying around', 'birds flying', 'rabbits', 'video with artefacts'], 'similarity_method': <SimilarityMethod.minus_human_similarity: 'minus_human_similarity'>, 'minus_similarity_weight': 0.37193625916780537, 'score_method': <ScoreMethod.mean: 'mean'>}. Best is trial 91 with value: 0.8577996399176954.
[I 2023-06-15 21:28:29,134] Trial 92 finished with value: 0.6461441186556929 and parameters: {'positive_texts': ['grayscale picture of a human', 'human bending down', 'human stepping down', 'ladder leaning against a fence', 'person crip walking', 'terrorist'], 'negative_texts': ['barbed wire', 'field at midnight', 'foxes', 'plastic bag flying'], 'similarity_method': <SimilarityMethod.minus_human_similarity: 'minus_human_similarity'>, 'minus_similarity_weight': 0.3944015276348742, 'score_method': <ScoreMethod.mean: 'mean'>}. Best is trial 91 with value: 0.8577996399176954.
[I 2023-06-15 21:28:31,414] Trial 93 finished with value: 0.8020511831275721 and parameters: {'positive_texts': ['grayscale picture of a human', 'human bending down', 'human stepping down', 'ladder leaning against a fence', 'person crip walking', 'terrorist'], 'negative_texts': ['bird flying around', 'birds flying', 'rabbits', 'video with artefacts'], 'similarity_method': <SimilarityMethod.minus_human_similarity: 'minus_human_similarity'>, 'minus_similarity_weight': 0.38718944169742675, 'score_method': <ScoreMethod.mean: 'mean'>}. Best is trial 91 with value: 0.8577996399176954.
[I 2023-06-15 21:28:33,795] Trial 94 finished with value: 0.8269300840192044 and parameters: {'positive_texts': ['going through a fence', 'human against a wall', 'human climbing a ladder on a fence', 'human walking', 'person'], 'negative_texts': ['bird flying around', 'birds flying', 'rabbits', 'video with artefacts'], 'similarity_method': <SimilarityMethod.minus_human_similarity: 'minus_human_similarity'>, 'minus_similarity_weight': 0.4239158640645481, 'score_method': <ScoreMethod.mean: 'mean'>}. Best is trial 91 with value: 0.8577996399176954.
[I 2023-06-15 21:28:36,185] Trial 95 finished with value: 0.8267639746227711 and parameters: {'positive_texts': ['going through a fence', 'human against a wall', 'human climbing a ladder on a fence', 'human walking', 'person'], 'negative_texts': ['bird flying around', 'birds flying', 'rabbits', 'video with artefacts'], 'similarity_method': <SimilarityMethod.minus_human_similarity: 'minus_human_similarity'>, 'minus_similarity_weight': 0.43329595148803307, 'score_method': <ScoreMethod.mean: 'mean'>}. Best is trial 91 with value: 0.8577996399176954.
[I 2023-06-15 21:28:38,540] Trial 96 finished with value: 0.5 and parameters: {'positive_texts': ['a video of a human approaching a fence', 'going through a fence', 'human going through a fence', 'human wearing white cloths', 'one person'], 'negative_texts': ['bird flying around', 'birds flying', 'rabbits', 'video with artefacts'], 'similarity_method': <SimilarityMethod.minus_human_similarity: 'minus_human_similarity'>, 'minus_similarity_weight': 0.4433403658404479, 'score_method': <TopClassificationMethod.mode: 'mode'>}. Best is trial 91 with value: 0.8577996399176954.
[I 2023-06-15 21:28:40,806] Trial 97 finished with value: 0.25777499142661175 and parameters: {'positive_texts': ['going through a fence', 'human against a wall', 'human climbing a ladder on a fence', 'human walking', 'person'], 'negative_texts': ['bird flying around', 'birds flying', 'rabbits', 'video with artefacts'], 'similarity_method': <SimilarityMethod.minus_human_similarity: 'minus_human_similarity'>, 'minus_similarity_weight': 0.4702952196703422, 'score_method': <ScoreMethod.positive: 'positive'>}. Best is trial 91 with value: 0.8577996399176954.
[I 2023-06-15 21:28:43,141] Trial 98 finished with value: 0.8280606995884774 and parameters: {'positive_texts': ['going through a fence', 'human against a wall', 'human climbing a ladder on a fence', 'human walking', 'person'], 'negative_texts': ['bird flying around', 'birds flying', 'rabbits', 'video with artefacts'], 'similarity_method': <SimilarityMethod.minus_human_similarity: 'minus_human_similarity'>, 'minus_similarity_weight': 0.3892152632952318, 'score_method': <ScoreMethod.mean: 'mean'>}. Best is trial 91 with value: 0.8577996399176954.
[I 2023-06-15 21:28:45,533] Trial 99 finished with value: 0.8272649819958848 and parameters: {'positive_texts': ['going through a fence', 'human against a wall', 'human climbing a ladder on a fence', 'human walking', 'person'], 'negative_texts': ['bird flying around', 'birds flying', 'rabbits', 'video with artefacts'], 'similarity_method': <SimilarityMethod.minus_human_similarity: 'minus_human_similarity'>, 'minus_similarity_weight': 0.416127140367933, 'score_method': <ScoreMethod.mean: 'mean'>}. Best is trial 91 with value: 0.8577996399176954.
[I 2023-06-15 21:28:47,340] Trial 100 finished with value: 0.8563903892318244 and parameters: {'positive_texts': ['a picture of a human climbing a ladder', 'grayscale picture of a human', 'human wearing light cloths', 'one person'], 'negative_texts': ['bird flying around', 'birds flying', 'rabbits', 'video with artefacts'], 'similarity_method': <SimilarityMethod.minus_human_similarity: 'minus_human_similarity'>, 'minus_similarity_weight': 0.39115744160135846, 'score_method': <ScoreMethod.mean: 'mean'>}. Best is trial 91 with value: 0.8577996399176954.
[I 2023-06-15 21:28:49,502] Trial 101 finished with value: 0.8281410751028806 and parameters: {'positive_texts': ['going through a fence', 'human against a wall', 'human climbing a ladder on a fence', 'human walking', 'person'], 'negative_texts': ['bird flying around', 'birds flying', 'rabbits', 'video with artefacts'], 'similarity_method': <SimilarityMethod.minus_human_similarity: 'minus_human_similarity'>, 'minus_similarity_weight': 0.3873256076495242, 'score_method': <ScoreMethod.mean: 'mean'>}. Best is trial 91 with value: 0.8577996399176954.
[I 2023-06-15 21:28:51,725] Trial 102 finished with value: 0.8280499828532236 and parameters: {'positive_texts': ['going through a fence', 'human against a wall', 'human climbing a ladder on a fence', 'human walking', 'person'], 'negative_texts': ['bird flying around', 'birds flying', 'rabbits', 'video with artefacts'], 'similarity_method': <SimilarityMethod.minus_human_similarity: 'minus_human_similarity'>, 'minus_similarity_weight': 0.38973434133381024, 'score_method': <ScoreMethod.mean: 'mean'>}. Best is trial 91 with value: 0.8577996399176954.
[I 2023-06-15 21:28:54,291] Trial 103 finished with value: 0.8261531207133059 and parameters: {'positive_texts': ['going through a fence', 'human against a wall', 'human climbing a ladder on a fence', 'human walking', 'person'], 'negative_texts': ['bird flying around', 'birds flying', 'rabbits', 'video with artefacts'], 'similarity_method': <SimilarityMethod.minus_human_similarity: 'minus_human_similarity'>, 'minus_similarity_weight': 0.45433979385627, 'score_method': <ScoreMethod.mean: 'mean'>}. Best is trial 91 with value: 0.8577996399176954.
[I 2023-06-15 21:28:56,969] Trial 104 finished with value: 0.8251993312757202 and parameters: {'positive_texts': ['going through a fence', 'human against a wall', 'human climbing a ladder on a fence', 'human walking', 'person'], 'negative_texts': ['bird flying around', 'birds flying', 'rabbits', 'video with artefacts'], 'similarity_method': <SimilarityMethod.minus_human_similarity: 'minus_human_similarity'>, 'minus_similarity_weight': 0.4780783757593386, 'score_method': <ScoreMethod.mean: 'mean'>}. Best is trial 91 with value: 0.8577996399176954.
[I 2023-06-15 21:28:59,368] Trial 105 finished with value: 0.8250492969821672 and parameters: {'positive_texts': ['going through a fence', 'human against a wall', 'human climbing a ladder on a fence', 'human walking', 'person'], 'negative_texts': ['bird flying around', 'birds flying', 'rabbits', 'video with artefacts'], 'similarity_method': <SimilarityMethod.minus_human_similarity: 'minus_human_similarity'>, 'minus_similarity_weight': 0.4807483329341275, 'score_method': <ScoreMethod.mean: 'mean'>}. Best is trial 91 with value: 0.8577996399176954.
[I 2023-06-15 21:29:02,474] Trial 106 finished with value: 0.5585723165294925 and parameters: {'positive_texts': ['going through a fence', 'human against a wall', 'human climbing a ladder on a fence', 'human walking', 'person'], 'negative_texts': ['animals', 'bag', 'black and white picture', 'plastic bag flying', 'wall'], 'similarity_method': <SimilarityMethod.minus_human_similarity: 'minus_human_similarity'>, 'minus_similarity_weight': 0.48414251244880435, 'score_method': <ScoreMethod.mean: 'mean'>}. Best is trial 91 with value: 0.8577996399176954.
[I 2023-06-15 21:29:04,788] Trial 107 finished with value: 0.5 and parameters: {'positive_texts': ['going through a fence', 'human against a wall', 'human climbing a ladder on a fence', 'human walking', 'person'], 'negative_texts': ['bird flying around', 'birds flying', 'rabbits', 'video with artefacts'], 'similarity_method': <SimilarityMethod.minus_human_similarity: 'minus_human_similarity'>, 'minus_similarity_weight': 0.4685149015873687, 'score_method': <TopClassificationMethod.any: 'any'>}. Best is trial 91 with value: 0.8577996399176954.
[I 2023-06-15 21:29:07,089] Trial 108 finished with value: 0.40191508058984915 and parameters: {'positive_texts': ['a picture of a human climbing a ladder', 'grayscale picture of a human', 'human wearing light cloths', 'one person'], 'negative_texts': ['black and white scene of horror movie', 'horror movie scene', 'insect flying', 'wall'], 'similarity_method': <SimilarityMethod.minus_human_similarity: 'minus_human_similarity'>, 'minus_similarity_weight': 0.5334164928228676, 'score_method': <ScoreMethod.mean: 'mean'>}. Best is trial 91 with value: 0.8577996399176954.
[I 2023-06-15 21:29:10,418] Trial 109 finished with value: 0.5738061556927297 and parameters: {'positive_texts': ['going through a fence', 'human against a wall', 'human climbing a ladder on a fence', 'human walking', 'person'], 'negative_texts': ['animals', 'field at midnight', 'field with green grass', 'foxes', 'horror movie scene', 'insect flying', 'wall'], 'similarity_method': <SimilarityMethod.minus_human_similarity: 'minus_human_similarity'>, 'minus_similarity_weight': 0.46570991986919996, 'score_method': <ScoreMethod.mean: 'mean'>}. Best is trial 91 with value: 0.8577996399176954.
[I 2023-06-15 21:29:13,153] Trial 110 finished with value: 0.8261102537722909 and parameters: {'positive_texts': ['going through a fence', 'human against a wall', 'human climbing a ladder on a fence', 'human walking', 'person'], 'negative_texts': ['bird flying around', 'birds flying', 'rabbits', 'video with artefacts'], 'similarity_method': <SimilarityMethod.minus_human_similarity: 'minus_human_similarity'>, 'minus_similarity_weight': 0.45654170281598777, 'score_method': <ScoreMethod.mean: 'mean'>}. Best is trial 91 with value: 0.8577996399176954.
[I 2023-06-15 21:29:15,420] Trial 111 finished with value: 0.5476144547325104 and parameters: {'positive_texts': ['going through a fence', 'human against a wall', 'human climbing a ladder on a fence', 'human walking', 'person'], 'negative_texts': ['barbed wire', 'fence', 'field at midnight', 'wall'], 'similarity_method': <SimilarityMethod.minus_human_similarity: 'minus_human_similarity'>, 'minus_similarity_weight': 0.5104073273650382, 'score_method': <ScoreMethod.mean: 'mean'>}. Best is trial 91 with value: 0.8577996399176954.
[I 2023-06-15 21:29:18,683] Trial 112 finished with value: 0.6292706189986284 and parameters: {'positive_texts': ['a video of a human approaching a fence', 'grayscale picture of a human', 'human holding a ladder', 'human walking'], 'negative_texts': ['animals', 'barbed wire', 'black and white scene of horror movie', 'change of colorimetry', 'grayscale picture of a fence', 'insect flying', 'picture with artefacts'], 'similarity_method': <SimilarityMethod.minus_human_similarity: 'minus_human_similarity'>, 'minus_similarity_weight': 0.45583354291711653, 'score_method': <ScoreMethod.mean: 'mean'>}. Best is trial 91 with value: 0.8577996399176954.
[I 2023-06-15 21:29:20,959] Trial 113 finished with value: 0.8279588906035666 and parameters: {'positive_texts': ['going through a fence', 'human against a wall', 'human climbing a ladder on a fence', 'human walking', 'person'], 'negative_texts': ['bird flying around', 'birds flying', 'rabbits', 'video with artefacts'], 'similarity_method': <SimilarityMethod.minus_human_similarity: 'minus_human_similarity'>, 'minus_similarity_weight': 0.3918463277998093, 'score_method': <ScoreMethod.mean: 'mean'>}. Best is trial 91 with value: 0.8577996399176954.
[I 2023-06-15 21:29:23,412] Trial 114 finished with value: 0.5503686556927297 and parameters: {'positive_texts': ['going through a fence', 'human against a wall', 'human climbing a ladder on a fence', 'human walking', 'person'], 'negative_texts': ['bag', 'fence', 'field', 'wall'], 'similarity_method': <SimilarityMethod.minus_human_similarity: 'minus_human_similarity'>, 'minus_similarity_weight': 0.3923529862348838, 'score_method': <ScoreMethod.mean: 'mean'>}. Best is trial 91 with value: 0.8577996399176954.
