[I 2023-06-15 21:29:25,683] Trial 115 finished with value: 0.856599365569273 and parameters: {'positive_texts': ['a picture of a human climbing a ladder', 'grayscale picture of a human', 'human wearing light cloths', 'one person'], 'negative_texts': ['bird flying around', 'birds flying', 'rabbits', 'video with artefacts'], 'similarity_method': <SimilarityMethod.minus_human_similarity: 'minus_human_similarity'>, 'minus_similarity_weight': 0.38802199557303113, 'score_method': <ScoreMethod.mean: 'mean'>}. Best is trial 91 with value: 0.8577996399176954.
[I 2023-06-15 21:29:28,534] Trial 116 finished with value: 0.4988425925925926 and parameters: {'positive_texts': ['a picture of a human climbing a ladder', 'grayscale picture of a human', 'human wearing light cloths', 'one person'], 'negative_texts': ['animals', 'barbed wire', 'black and white picture', 'fence', 'grayscale picture of a fence', 'insect flying'], 'similarity_method': <SimilarityMethod.minus_human_similarity: 'minus_human_similarity'>, 'minus_similarity_weight': 0.3855738067587937, 'score_method': <TopClassificationMethod.max_sum: 'max_sum'>}. Best is trial 91 with value: 0.8577996399176954.
[I 2023-06-15 21:29:30,487] Trial 117 finished with value: 0.4873328189300411 and parameters: {'positive_texts': ['a picture of a human climbing a ladder', 'grayscale picture of a human', 'human wearing light cloths', 'one person'], 'negative_texts': ['cloudy field with a fence', 'empty scene', 'insects', 'plastic bag laying on the floor'], 'similarity_method': <SimilarityMethod.minus_human_similarity: 'minus_human_similarity'>, 'minus_similarity_weight': 0.40499398290713706, 'score_method': <ScoreMethod.mean: 'mean'>}. Best is trial 91 with value: 0.8577996399176954.
[I 2023-06-15 21:29:33,937] Trial 118 finished with value: 0.5 and parameters: {'positive_texts': ['human approaching a fence', 'human bending down', 'human climbing a ladder', 'human walking', 'ladder leaning against a fence', 'person'], 'negative_texts': ['barbed wire', 'field with green grass', 'field', 'picture with artefacts', 'plastic bag flying', 'plastic bag laying on the floor', 'rabbits'], 'similarity_method': <SimilarityMethod.minus_human_similarity: 'minus_human_similarity'>, 'minus_similarity_weight': 0.4445338540034366, 'score_method': <TopClassificationMethod.mode: 'mode'>}. Best is trial 91 with value: 0.8577996399176954.
[I 2023-06-15 21:29:36,866] Trial 119 finished with value: 0.7733142575445817 and parameters: {'positive_texts': ['going through a fence', 'human against a wall', 'human climbing a ladder on a fence', 'human walking', 'person'], 'negative_texts': ['bird flying around', 'empty scene', 'field at midnight', 'grayscale picture of a fence', 'insects', 'plastic bag flying'], 'similarity_method': <SimilarityMethod.minus_human_similarity: 'minus_human_similarity'>, 'minus_similarity_weight': 0.37567300440679313, 'score_method': <ScoreMethod.mean: 'mean'>}. Best is trial 91 with value: 0.8577996399176954.
[I 2023-06-15 21:29:39,213] Trial 120 finished with value: 0.22914523319615912 and parameters: {'positive_texts': ['a person running', 'black and white picture of a human', 'human climbing a ladder on a fence', 'human discretely moving towards a fence', 'human unlocking a door', 'putting a knee down'], 'negative_texts': ['bird flying around', 'birds flying', 'rabbits', 'video with artefacts'], 'similarity_method': <SimilarityMethod.minus_human_similarity: 'minus_human_similarity'>, 'minus_similarity_weight': 0.4003832480955282, 'score_method': <ScoreMethod.positive: 'positive'>}. Best is trial 91 with value: 0.8577996399176954.
[I 2023-06-15 21:29:41,980] Trial 121 finished with value: 0.8185656721536351 and parameters: {'positive_texts': ['a picture of a human climbing a ladder', 'a video of a human approaching a fence', 'adult', 'going through a fence', 'human against a wall', 'human cutting a fence', 'ripping a fence'], 'negative_texts': ['bird flying around', 'birds flying', 'rabbits', 'video with artefacts'], 'similarity_method': <SimilarityMethod.minus_human_similarity: 'minus_human_similarity'>, 'minus_similarity_weight': 0.439076107051136, 'score_method': <ScoreMethod.mean: 'mean'>}. Best is trial 91 with value: 0.8577996399176954.
[I 2023-06-15 21:29:44,968] Trial 122 finished with value: 0.6151513203017832 and parameters: {'positive_texts': ['going through a fence', 'human against a wall', 'human climbing a ladder on a fence', 'human walking', 'person'], 'negative_texts': ['bird flying around', 'cloudy field with a fence', 'field with green grass', 'insects', 'picture with artefacts', 'plastic bag laying on the floor'], 'similarity_method': <SimilarityMethod.minus_human_similarity: 'minus_human_similarity'>, 'minus_similarity_weight': 0.5043700011582201, 'score_method': <ScoreMethod.mean: 'mean'>}. Best is trial 91 with value: 0.8577996399176954.
[I 2023-06-15 21:29:48,124] Trial 123 finished with value: 0.6097608024691358 and parameters: {'positive_texts': ['a person running', 'human bending down', 'human unlocking a door', 'terrorist'], 'negative_texts': ['bag', 'black and white picture', 'black and white scene of horror movie', 'empty scene', 'foxes', 'plastic bag flying', 'rabbits'], 'similarity_method': <SimilarityMethod.minus_human_similarity: 'minus_human_similarity'>, 'minus_similarity_weight': 0.44536408133912686, 'score_method': <ScoreMethod.mean: 'mean'>}. Best is trial 91 with value: 0.8577996399176954.
[I 2023-06-15 21:29:51,776] Trial 124 finished with value: 0.6988115140603567 and parameters: {'positive_texts': ['going through a fence', 'human against a wall', 'human climbing a ladder on a fence', 'human walking', 'person'], 'negative_texts': ['animals', 'bird flying around', 'black and white scene of horror movie', 'empty scene', 'foxes', 'grayscale picture of a fence', 'wall'], 'similarity_method': <SimilarityMethod.minus_human_similarity: 'minus_human_similarity'>, 'minus_similarity_weight': 0.37574463953985754, 'score_method': <ScoreMethod.mean: 'mean'>}. Best is trial 91 with value: 0.8577996399176954.
[I 2023-06-15 21:29:55,185] Trial 125 finished with value: 0.7345437885802468 and parameters: {'positive_texts': ['a human running', 'a video of a human approaching', 'going through a fence', 'human unlocking a door', 'person creep walking', 'terrorist'], 'negative_texts': ['bag', 'bird flying around', 'birds flying', 'black and white scene of horror movie', 'fence', 'picture with artefacts'], 'similarity_method': <SimilarityMethod.minus_human_similarity: 'minus_human_similarity'>, 'minus_similarity_weight': 0.41300721847630917, 'score_method': <ScoreMethod.mean: 'mean'>}. Best is trial 91 with value: 0.8577996399176954.
[I 2023-06-15 21:29:58,700] Trial 126 finished with value: 0.7825520833333334 and parameters: {'positive_texts': ['a person running', 'a video of a human approaching', 'human cutting a fence', 'human going through a fence', 'human unlocking a door', 'ripping a fence', 'thief'], 'negative_texts': ['bird flying around', 'birds flying', 'rabbits', 'video with artefacts'], 'similarity_method': <SimilarityMethod.dot_product: 'dot_product'>, 'score_method': <ScoreMethod.mean: 'mean'>}. Best is trial 91 with value: 0.8577996399176954.
[I 2023-06-15 21:30:02,083] Trial 127 finished with value: 0.6776406035665294 and parameters: {'positive_texts': ['going through a fence', 'human against a wall', 'human climbing a ladder on a fence', 'human walking', 'person'], 'negative_texts': ['bag', 'barbed wire', 'black and white scene of horror movie', 'change of colorimetry', 'empty scene', 'fence', 'video with artefacts'], 'similarity_method': <SimilarityMethod.minus_human_similarity: 'minus_human_similarity'>, 'minus_similarity_weight': 0.31046534159174943, 'score_method': <ScoreMethod.mean: 'mean'>}. Best is trial 91 with value: 0.8577996399176954.
[I 2023-06-15 21:30:05,160] Trial 128 finished with value: 0.580852409122085 and parameters: {'positive_texts': ['black and white picture of a human', 'human climbing a ladder', 'human holding a ladder', 'human pick locking', 'human wearing a coat', 'human wearing white cloths', 'terrorist'], 'negative_texts': ['bag', 'black and white scene of horror movie', 'horror movie scene', 'insects', 'rabbits'], 'similarity_method': <SimilarityMethod.minus_human_similarity: 'minus_human_similarity'>, 'minus_similarity_weight': 0.36149527173326373, 'score_method': <ScoreMethod.mean: 'mean'>}. Best is trial 91 with value: 0.8577996399176954.
[I 2023-06-15 21:30:07,932] Trial 129 finished with value: 0.7487407836076818 and parameters: {'positive_texts': ['a video of a human approaching a fence', 'human discretely moving towards a fence', 'ripping a fence', 'thief'], 'negative_texts': ['bird flying around', 'cloudy field with a fence', 'fence', 'field', 'plastic bag flying'], 'similarity_method': <SimilarityMethod.minus_human_similarity: 'minus_human_similarity'>, 'minus_similarity_weight': 0.4045530650781544, 'score_method': <ScoreMethod.mean: 'mean'>}. Best is trial 91 with value: 0.8577996399176954.
[I 2023-06-15 21:30:11,225] Trial 130 finished with value: 0.5672743055555556 and parameters: {'positive_texts': ['human approaching a fence', 'human climbing a ladder', 'human stepping down', 'human unlocking a door', 'human wearing white cloths', 'putting a knee down'], 'negative_texts': ['black and white scene of horror movie', 'cloudy field with a fence', 'empty scene', 'picture with artefacts', 'plastic bag laying on the floor', 'rabbits'], 'similarity_method': <SimilarityMethod.minus_human_similarity: 'minus_human_similarity'>, 'minus_similarity_weight': 0.4429783089844325, 'score_method': <ScoreMethod.mean: 'mean'>}. Best is trial 91 with value: 0.8577996399176954.
[I 2023-06-15 21:30:13,433] Trial 131 finished with value: 0.8247706618655695 and parameters: {'positive_texts': ['going through a fence', 'human against a wall', 'human climbing a ladder on a fence', 'human walking', 'person'], 'negative_texts': ['bird flying around', 'birds flying', 'rabbits', 'video with artefacts'], 'similarity_method': <SimilarityMethod.minus_human_similarity: 'minus_human_similarity'>, 'minus_similarity_weight': 0.48944635165530137, 'score_method': <ScoreMethod.mean: 'mean'>}. Best is trial 91 with value: 0.8577996399176954.
[I 2023-06-15 21:30:16,707] Trial 132 finished with value: 0.8369448731138547 and parameters: {'positive_texts': ['a human running', 'a picture of a human climbing a ladder', 'human against a wall', 'human', 'person creep walking'], 'negative_texts': ['bird flying around', 'birds flying', 'rabbits', 'video with artefacts'], 'similarity_method': <SimilarityMethod.minus_human_similarity: 'minus_human_similarity'>, 'minus_similarity_weight': 0.4759817374538058, 'score_method': <ScoreMethod.mean: 'mean'>}. Best is trial 91 with value: 0.8577996399176954.
[I 2023-06-15 21:30:21,095] Trial 133 finished with value: 0.611255787037037 and parameters: {'positive_texts': ['a human running', 'a picture of a human climbing a ladder', 'human against a wall', 'human', 'person creep walking'], 'negative_texts': ['bag', 'black and white picture', 'change of colorimetry', 'field at midnight', 'wall'], 'similarity_method': <SimilarityMethod.minus_human_similarity: 'minus_human_similarity'>, 'minus_similarity_weight': 0.42100872085278235, 'score_method': <ScoreMethod.mean: 'mean'>}. Best is trial 91 with value: 0.8577996399176954.
[I 2023-06-15 21:30:25,065] Trial 134 finished with value: 0.6756580075445816 and parameters: {'positive_texts': ['a human running', 'a picture of a human climbing a ladder', 'human against a wall', 'human', 'person creep walking'], 'negative_texts': ['bird flying around', 'cloudy field with a fence', 'field with green grass', 'foxes', 'grayscale picture of a fence', 'plastic bag laying on the floor'], 'similarity_method': <SimilarityMethod.minus_human_similarity: 'minus_human_similarity'>, 'minus_similarity_weight': 0.3640802014352969, 'score_method': <ScoreMethod.mean: 'mean'>}. Best is trial 91 with value: 0.8577996399176954.
[I 2023-06-15 21:30:29,060] Trial 135 finished with value: 0.7943833590534979 and parameters: {'positive_texts': ['adult', 'human going through', 'human wearing light cloths', 'person creep walking', 'terrorist'], 'negative_texts': ['bird flying around', 'birds flying', 'rabbits', 'video with artefacts'], 'similarity_method': <SimilarityMethod.minus_human_similarity: 'minus_human_similarity'>, 'minus_similarity_weight': 0.44728035666067895, 'score_method': <ScoreMethod.mean: 'mean'>}. Best is trial 91 with value: 0.8577996399176954.
[I 2023-06-15 21:30:36,734] Trial 136 finished with value: 0.6818924682784637 and parameters: {'positive_texts': ['human bending down', 'human cutting a fence', 'ladder leaning against a fence', 'person creep walking'], 'negative_texts': ['animals', 'birds flying', 'black and white scene of horror movie', 'insects', 'plastic bag flying', 'plastic bag laying on the floor', 'rabbits'], 'similarity_method': <SimilarityMethod.minus_human_similarity: 'minus_human_similarity'>, 'minus_similarity_weight': 0.3928353095712284, 'score_method': <ScoreMethod.mean: 'mean'>}. Best is trial 91 with value: 0.8577996399176954.
[I 2023-06-15 21:30:40,736] Trial 137 finished with value: 0.5 and parameters: {'positive_texts': ['an adult running', 'human kneeling down', 'human wearing a coat', 'human wearing dark clothes', 'one person', 'person creep walking', 'person crip walking'], 'negative_texts': ['field at midnight', 'foxes', 'insect flying', 'picture with artefacts'], 'similarity_method': <SimilarityMethod.minus_human_similarity: 'minus_human_similarity'>, 'minus_similarity_weight': 0.42228640465099543, 'score_method': <TopClassificationMethod.any: 'any'>}. Best is trial 91 with value: 0.8577996399176954.
[I 2023-06-15 21:30:44,124] Trial 138 finished with value: 0.50122170781893 and parameters: {'positive_texts': ['a picture of a human climbing a ladder', 'grayscale picture of a human', 'human wearing light cloths', 'one person'], 'negative_texts': ['black and white scene of horror movie', 'grayscale picture of a fence', 'insects', 'picture with artefacts', 'plastic bag laying on the floor'], 'similarity_method': <SimilarityMethod.minus_human_similarity: 'minus_human_similarity'>, 'minus_similarity_weight': 0.33418634507529044, 'score_method': <ScoreMethod.mean: 'mean'>}. Best is trial 91 with value: 0.8577996399176954.
[I 2023-06-15 21:30:47,290] Trial 139 finished with value: 0.565843621399177 and parameters: {'positive_texts': ['black and white picture of a human', 'human cutting a fence', 'human cutting', 'human wearing light cloths', 'ripping a fence', 'thief'], 'negative_texts': ['animals', 'black and white picture', 'field', 'grayscale picture of a fence', 'plastic bag flying', 'wall'], 'similarity_method': <SimilarityMethod.minus_human_similarity: 'minus_human_similarity'>, 'minus_similarity_weight': 0.465826393619395, 'score_method': <ScoreMethod.mean: 'mean'>}. Best is trial 91 with value: 0.8577996399176954.
[I 2023-06-15 21:30:53,308] Trial 140 finished with value: 0.4671424897119342 and parameters: {'positive_texts': ['a person running', 'human going through a fence', 'human making small steps', 'human unlocking a door', 'human walking', 'one person', 'putting a knee down'], 'negative_texts': ['empty scene', 'field with green grass', 'foxes', 'grayscale picture of a fence', 'horror movie scene', 'insect flying', 'wall'], 'similarity_method': <SimilarityMethod.dot_product: 'dot_product'>, 'score_method': <ScoreMethod.mean: 'mean'>}. Best is trial 91 with value: 0.8577996399176954.
[I 2023-06-15 21:30:55,760] Trial 141 finished with value: 0.824877829218107 and parameters: {'positive_texts': ['going through a fence', 'human against a wall', 'human climbing a ladder on a fence', 'human walking', 'person'], 'negative_texts': ['bird flying around', 'birds flying', 'rabbits', 'video with artefacts'], 'similarity_method': <SimilarityMethod.minus_human_similarity: 'minus_human_similarity'>, 'minus_similarity_weight': 0.48431184540382793, 'score_method': <ScoreMethod.mean: 'mean'>}. Best is trial 91 with value: 0.8577996399176954.
[I 2023-06-15 21:30:58,350] Trial 142 finished with value: 0.8372610168038409 and parameters: {'positive_texts': ['grayscale picture of a human', 'human bending down', 'human climbing a ladder', 'human holding a ladder', 'human making small steps', 'human unlocking a door', 'human wearing dark clothes'], 'negative_texts': ['bird flying around', 'birds flying', 'rabbits', 'video with artefacts'], 'similarity_method': <SimilarityMethod.minus_human_similarity: 'minus_human_similarity'>, 'minus_similarity_weight': 0.4321917025710226, 'score_method': <ScoreMethod.mean: 'mean'>}. Best is trial 91 with value: 0.8577996399176954.
[I 2023-06-15 21:31:01,206] Trial 143 finished with value: 0.8366823131001371 and parameters: {'positive_texts': ['grayscale picture of a human', 'human bending down', 'human climbing a ladder', 'human holding a ladder', 'human making small steps', 'human unlocking a door', 'human wearing dark clothes'], 'negative_texts': ['bird flying around', 'birds flying', 'rabbits', 'video with artefacts'], 'similarity_method': <SimilarityMethod.minus_human_similarity: 'minus_human_similarity'>, 'minus_similarity_weight': 0.41953761188304606, 'score_method': <ScoreMethod.mean: 'mean'>}. Best is trial 91 with value: 0.8577996399176954.
[I 2023-06-15 21:31:03,863] Trial 144 finished with value: 0.438346622085048 and parameters: {'positive_texts': ['grayscale picture of a human', 'human bending down', 'human climbing a ladder', 'human holding a ladder', 'human making small steps', 'human unlocking a door', 'human wearing dark clothes'], 'negative_texts': ['animals', 'black and white scene of horror movie', 'plastic bag laying on the floor', 'video with artefacts'], 'similarity_method': <SimilarityMethod.minus_human_similarity: 'minus_human_similarity'>, 'minus_similarity_weight': 0.4092566451663186, 'score_method': <ScoreMethod.mean: 'mean'>}. Best is trial 91 with value: 0.8577996399176954.
[I 2023-06-15 21:31:06,784] Trial 145 finished with value: 0.514542609739369 and parameters: {'positive_texts': ['grayscale picture of a human', 'human bending down', 'human climbing a ladder', 'human holding a ladder', 'human making small steps', 'human unlocking a door', 'human wearing dark clothes'], 'negative_texts': ['bag', 'black and white scene of horror movie', 'insects', 'picture with artefacts', 'rabbits', 'wall'], 'similarity_method': <SimilarityMethod.minus_human_similarity: 'minus_human_similarity'>, 'minus_similarity_weight': 0.38033263363177977, 'score_method': <ScoreMethod.mean: 'mean'>}. Best is trial 91 with value: 0.8577996399176954.
[I 2023-06-15 21:31:09,570] Trial 146 finished with value: 0.5393518518518517 and parameters: {'positive_texts': ['a picture of a human climbing a ladder', 'a video of a human approaching a fence', 'human climbing a ladder', 'human kneeling down', 'human making small steps', 'human wearing dark clothes', 'human wearing white cloths'], 'negative_texts': ['bag', 'bird flying around', 'cloudy field with a fence', 'field with green grass', 'insect flying', 'insects'], 'similarity_method': <SimilarityMethod.minus_human_similarity: 'minus_human_similarity'>, 'minus_similarity_weight': 0.4271711071516019, 'score_method': <TopClassificationMethod.max_sum: 'max_sum'>}. Best is trial 91 with value: 0.8577996399176954.
[I 2023-06-15 21:31:11,590] Trial 147 finished with value: 0.5721343449931413 and parameters: {'positive_texts': ['black and white picture of a human', 'human climbing a ladder', 'human stepping down', 'human wearing light cloths'], 'negative_texts': ['black and white picture', 'fence', 'field with green grass', 'picture with artefacts', 'plastic bag flying'], 'similarity_method': <SimilarityMethod.minus_human_similarity: 'minus_human_similarity'>, 'minus_similarity_weight': 0.3549998313662106, 'score_method': <ScoreMethod.mean: 'mean'>}. Best is trial 91 with value: 0.8577996399176954.
[I 2023-06-15 21:31:13,922] Trial 148 finished with value: 0.5 and parameters: {'positive_texts': ['a picture of a human climbing a ladder', 'human cutting a fence', 'human discretely moving towards a fence', 'ladder leaning against a fence', 'terrorist'], 'negative_texts': ['animals', 'barbed wire', 'black and white scene of horror movie', 'insect flying', 'insects'], 'similarity_method': <SimilarityMethod.minus_human_similarity: 'minus_human_similarity'>, 'minus_similarity_weight': 0.4003271243702429, 'score_method': <TopClassificationMethod.mode: 'mode'>}. Best is trial 91 with value: 0.8577996399176954.
[I 2023-06-15 21:31:16,226] Trial 149 finished with value: 0.8141289437585734 and parameters: {'positive_texts': ['a human running', 'an adult running', 'human against a wall', 'human climbing a ladder', 'human cutting', 'terrorist'], 'negative_texts': ['bird flying around', 'birds flying', 'rabbits', 'video with artefacts'], 'similarity_method': <SimilarityMethod.minus_human_similarity: 'minus_human_similarity'>, 'minus_similarity_weight': 0.43040265416772466, 'score_method': <ScoreMethod.mean: 'mean'>}. Best is trial 91 with value: 0.8577996399176954.
[I 2023-06-15 21:31:18,971] Trial 150 finished with value: 0.605843835733882 and parameters: {'positive_texts': ['grayscale picture of a human', 'human bending down', 'human climbing a ladder', 'human holding a ladder', 'human making small steps', 'human unlocking a door', 'human wearing dark clothes'], 'negative_texts': ['animals', 'bag', 'black and white scene of horror movie', 'cloudy field with a fence', 'fence', 'foxes'], 'similarity_method': <SimilarityMethod.minus_human_similarity: 'minus_human_similarity'>, 'minus_similarity_weight': 0.4557995716347048, 'score_method': <ScoreMethod.mean: 'mean'>}. Best is trial 91 with value: 0.8577996399176954.
