[I 2023-08-27 14:10:22,980] Trial 118 finished with value: 0.509312967259603 and parameters: {'positive_texts': ['black and white picture of a human', 'human climbing a ladder', 'human stepping down', 'human wearing light cloths'], 'negative_texts': ['field at midnight', 'foxes', 'insect flying', 'picture with artefacts'], 'similarity_method': <SimilarityMethod.dot_product: 'dot_product'>, 'score_method': <ScoreMethod.mean: 'mean'>}. Best is trial 68 with value: 0.8628995875225574.
[I 2023-08-27 14:10:24,215] Trial 119 finished with value: 0.2973274899028959 and parameters: {'positive_texts': ['a human running', 'an adult running', 'human against a wall', 'human climbing a ladder', 'human cutting', 'terrorist'], 'negative_texts': ['bag', 'barbed wire', 'black and white scene of horror movie', 'change of colorimetry', 'empty scene', 'fence', 'video with artefacts'], 'similarity_method': <SimilarityMethod.dot_product: 'dot_product'>, 'score_method': <ScoreMethod.positive: 'positive'>}. Best is trial 68 with value: 0.8628995875225574.
[I 2023-08-27 14:10:25,094] Trial 120 finished with value: 0.7856352582280657 and parameters: {'positive_texts': ['human bending down', 'human climbing a ladder', 'human cutting a fence', 'human going through a fence', 'terrorist'], 'negative_texts': ['bird flying around', 'birds flying', 'change of colorimetry', 'picture with artefacts'], 'similarity_method': <SimilarityMethod.dot_product: 'dot_product'>, 'score_method': <ScoreMethod.mean: 'mean'>}. Best is trial 68 with value: 0.8628995875225574.
[I 2023-08-27 14:10:26,234] Trial 121 finished with value: 0.6257733952049498 and parameters: {'positive_texts': ['a picture of a human climbing a ladder', 'a video of a human approaching a fence', 'human climbing a ladder', 'human kneeling down', 'human making small steps', 'human wearing dark clothes', 'human wearing white cloths'], 'negative_texts': ['animals', 'birds flying', 'cloudy field with a fence', 'empty scene', 'fence', 'grayscale picture of a fence', 'insect flying'], 'similarity_method': <SimilarityMethod.dot_product: 'dot_product'>, 'score_method': <ScoreMethod.mean: 'mean'>}. Best is trial 68 with value: 0.8628995875225574.
[I 2023-08-27 14:10:27,328] Trial 122 finished with value: 0.4841507690985649 and parameters: {'positive_texts': ['an adult running', 'human kneeling down', 'human wearing a coat', 'human wearing dark clothes', 'one person', 'person creep walking', 'person crip walking'], 'negative_texts': ['bag', 'black and white scene of horror movie', 'horror movie scene', 'insects', 'rabbits'], 'similarity_method': <SimilarityMethod.dot_product: 'dot_product'>, 'score_method': <ScoreMethod.mean: 'mean'>}. Best is trial 68 with value: 0.8628995875225574.
[I 2023-08-27 14:10:28,597] Trial 123 finished with value: 0.4560077769184498 and parameters: {'positive_texts': ['black and white picture of a human', 'human cutting a fence', 'human cutting', 'human wearing light cloths', 'ripping a fence', 'thief'], 'negative_texts': ['empty scene', 'field with green grass', 'foxes', 'grayscale picture of a fence', 'horror movie scene', 'insect flying', 'wall'], 'similarity_method': <SimilarityMethod.dot_product: 'dot_product'>, 'score_method': <ScoreMethod.mean: 'mean'>}. Best is trial 68 with value: 0.8628995875225574.
[I 2023-08-27 14:10:29,893] Trial 124 finished with value: 0.45223747529431985 and parameters: {'positive_texts': ['grayscale picture of a human', 'human bending down', 'human climbing a ladder', 'human holding a ladder', 'human making small steps', 'human unlocking a door', 'human wearing dark clothes'], 'negative_texts': ['black and white scene of horror movie', 'cloudy field with a fence', 'empty scene', 'picture with artefacts', 'plastic bag laying on the floor', 'rabbits'], 'similarity_method': <SimilarityMethod.dot_product: 'dot_product'>, 'score_method': <ScoreMethod.mean: 'mean'>}. Best is trial 68 with value: 0.8628995875225574.
[I 2023-08-27 14:10:30,798] Trial 125 finished with value: 0.40392175818509923 and parameters: {'positive_texts': ['an adult running', 'human approaching a fence', 'human making small steps', 'human walking', 'person crip walking'], 'negative_texts': ['black and white scene of horror movie', 'grayscale picture of a fence', 'insects', 'picture with artefacts', 'plastic bag laying on the floor'], 'similarity_method': <SimilarityMethod.dot_product: 'dot_product'>, 'score_method': <ScoreMethod.mean: 'mean'>}. Best is trial 68 with value: 0.8628995875225574.
[I 2023-08-27 14:10:31,747] Trial 126 finished with value: 0.6979139812666495 and parameters: {'positive_texts': ['going through a fence', 'human against a wall', 'human climbing a ladder on a fence', 'human walking', 'person'], 'negative_texts': ['bird flying around', 'cloudy field with a fence', 'field with green grass', 'foxes', 'grayscale picture of a fence', 'plastic bag laying on the floor'], 'similarity_method': <SimilarityMethod.dot_product: 'dot_product'>, 'score_method': <ScoreMethod.mean: 'mean'>}. Best is trial 68 with value: 0.8628995875225574.
[I 2023-08-27 14:10:32,806] Trial 127 finished with value: 0.5256455701641317 and parameters: {'positive_texts': ['a video of a human approaching', 'grayscale picture of a human', 'human going through', 'human stepping down', 'human unlocking a door', 'thief'], 'negative_texts': ['animals', 'black and white picture', 'field', 'grayscale picture of a fence', 'plastic bag flying', 'wall'], 'similarity_method': <SimilarityMethod.dot_product: 'dot_product'>, 'score_method': <ScoreMethod.mean: 'mean'>}. Best is trial 68 with value: 0.8628995875225574.
[I 2023-08-27 14:10:33,695] Trial 128 finished with value: 0.8680985219558305 and parameters: {'positive_texts': ['going through a fence', 'human against a wall', 'human climbing a ladder on a fence', 'human walking', 'person'], 'negative_texts': ['bird flying around', 'birds flying', 'rabbits', 'video with artefacts'], 'similarity_method': <SimilarityMethod.minus_human_similarity: 'minus_human_similarity'>, 'minus_similarity_weight': 0.2833579862917827, 'score_method': <ScoreMethod.mean: 'mean'>}. Best is trial 128 with value: 0.8680985219558305.
[I 2023-08-27 14:10:34,489] Trial 129 finished with value: 0.7439578499613303 and parameters: {'positive_texts': ['a person running', 'human making small steps', 'putting a knee down', 'thief'], 'negative_texts': ['bird flying around', 'birds flying', 'rabbits', 'video with artefacts'], 'similarity_method': <SimilarityMethod.minus_human_similarity: 'minus_human_similarity'>, 'minus_similarity_weight': 0.2728195170736822, 'score_method': <ScoreMethod.mean: 'mean'>}. Best is trial 128 with value: 0.8680985219558305.
[I 2023-08-27 14:10:35,495] Trial 130 finished with value: 0.8549776574718569 and parameters: {'positive_texts': ['going through a fence', 'human against a wall', 'human unlocking a door', 'human wearing light cloths', 'person creep walking', 'putting a knee down', 'thief'], 'negative_texts': ['bird flying around', 'birds flying', 'change of colorimetry', 'picture with artefacts'], 'similarity_method': <SimilarityMethod.minus_human_similarity: 'minus_human_similarity'>, 'minus_similarity_weight': 0.4602203426662724, 'score_method': <ScoreMethod.mean: 'mean'>}. Best is trial 128 with value: 0.8680985219558305.
[I 2023-08-27 14:10:36,540] Trial 131 finished with value: 0.8576899114892155 and parameters: {'positive_texts': ['going through a fence', 'human against a wall', 'human unlocking a door', 'human wearing light cloths', 'person creep walking', 'putting a knee down', 'thief'], 'negative_texts': ['bird flying around', 'birds flying', 'change of colorimetry', 'picture with artefacts'], 'similarity_method': <SimilarityMethod.minus_human_similarity: 'minus_human_similarity'>, 'minus_similarity_weight': 0.42616107266408015, 'score_method': <ScoreMethod.mean: 'mean'>}. Best is trial 128 with value: 0.8680985219558305.
[I 2023-08-27 14:10:37,566] Trial 132 finished with value: 0.8574160006874623 and parameters: {'positive_texts': ['going through a fence', 'human against a wall', 'human unlocking a door', 'human wearing light cloths', 'person creep walking', 'putting a knee down', 'thief'], 'negative_texts': ['bird flying around', 'birds flying', 'change of colorimetry', 'picture with artefacts'], 'similarity_method': <SimilarityMethod.minus_human_similarity: 'minus_human_similarity'>, 'minus_similarity_weight': 0.4295854264894539, 'score_method': <ScoreMethod.mean: 'mean'>}. Best is trial 128 with value: 0.8680985219558305.
[I 2023-08-27 14:10:38,525] Trial 133 finished with value: 0.8570024490848158 and parameters: {'positive_texts': ['going through a fence', 'human against a wall', 'human unlocking a door', 'human wearing light cloths', 'person creep walking', 'putting a knee down', 'thief'], 'negative_texts': ['bird flying around', 'birds flying', 'change of colorimetry', 'picture with artefacts'], 'similarity_method': <SimilarityMethod.minus_human_similarity: 'minus_human_similarity'>, 'minus_similarity_weight': 0.43451237549105415, 'score_method': <ScoreMethod.mean: 'mean'>}. Best is trial 128 with value: 0.8680985219558305.
[I 2023-08-27 14:10:39,442] Trial 134 finished with value: 0.8570722694852625 and parameters: {'positive_texts': ['going through a fence', 'human against a wall', 'human unlocking a door', 'human wearing light cloths', 'person creep walking', 'putting a knee down', 'thief'], 'negative_texts': ['bird flying around', 'birds flying', 'change of colorimetry', 'picture with artefacts'], 'similarity_method': <SimilarityMethod.minus_human_similarity: 'minus_human_similarity'>, 'minus_similarity_weight': 0.4337115600004698, 'score_method': <ScoreMethod.mean: 'mean'>}. Best is trial 128 with value: 0.8680985219558305.
[I 2023-08-27 14:10:40,485] Trial 135 finished with value: 0.8569755950846438 and parameters: {'positive_texts': ['going through a fence', 'human against a wall', 'human unlocking a door', 'human wearing light cloths', 'person creep walking', 'putting a knee down', 'thief'], 'negative_texts': ['bird flying around', 'birds flying', 'change of colorimetry', 'picture with artefacts'], 'similarity_method': <SimilarityMethod.minus_human_similarity: 'minus_human_similarity'>, 'minus_similarity_weight': 0.43498683586483433, 'score_method': <ScoreMethod.mean: 'mean'>}. Best is trial 128 with value: 0.8680985219558305.
[I 2023-08-27 14:10:41,503] Trial 136 finished with value: 0.5 and parameters: {'positive_texts': ['going through a fence', 'human against a wall', 'human unlocking a door', 'human wearing light cloths', 'person creep walking', 'putting a knee down', 'thief'], 'negative_texts': ['bird flying around', 'birds flying', 'change of colorimetry', 'picture with artefacts'], 'similarity_method': <SimilarityMethod.minus_human_similarity: 'minus_human_similarity'>, 'minus_similarity_weight': 0.4349007732734503, 'score_method': <TopClassificationMethod.any: 'any'>}. Best is trial 128 with value: 0.8680985219558305.
[I 2023-08-27 14:10:42,410] Trial 137 finished with value: 0.8550958150726131 and parameters: {'positive_texts': ['going through a fence', 'human against a wall', 'human unlocking a door', 'human wearing light cloths', 'person creep walking', 'putting a knee down', 'thief'], 'negative_texts': ['bird flying around', 'birds flying', 'change of colorimetry', 'picture with artefacts'], 'similarity_method': <SimilarityMethod.minus_human_similarity: 'minus_human_similarity'>, 'minus_similarity_weight': 0.4587376354260734, 'score_method': <ScoreMethod.mean: 'mean'>}. Best is trial 128 with value: 0.8680985219558305.
[I 2023-08-27 14:10:43,353] Trial 138 finished with value: 0.8582216206926183 and parameters: {'positive_texts': ['going through a fence', 'human against a wall', 'human unlocking a door', 'human wearing light cloths', 'person creep walking', 'putting a knee down', 'thief'], 'negative_texts': ['bird flying around', 'birds flying', 'change of colorimetry', 'picture with artefacts'], 'similarity_method': <SimilarityMethod.minus_human_similarity: 'minus_human_similarity'>, 'minus_similarity_weight': 0.4187754510224406, 'score_method': <ScoreMethod.mean: 'mean'>}. Best is trial 128 with value: 0.8680985219558305.
[I 2023-08-27 14:10:44,225] Trial 139 finished with value: 0.591835309787746 and parameters: {'positive_texts': ['grayscale picture of a human', 'human approaching a fence', 'human going through a fence', 'human wearing a coat', 'putting a knee down', 'thief'], 'negative_texts': ['black and white picture', 'fence', 'field at midnight', 'picture with artefacts'], 'similarity_method': <SimilarityMethod.minus_human_similarity: 'minus_human_similarity'>, 'minus_similarity_weight': 0.37921719223596856, 'score_method': <ScoreMethod.mean: 'mean'>}. Best is trial 128 with value: 0.8680985219558305.
[I 2023-08-27 14:10:45,094] Trial 140 finished with value: 0.5 and parameters: {'positive_texts': ['going through a fence', 'human against a wall', 'human unlocking a door', 'human wearing light cloths', 'person creep walking', 'putting a knee down', 'thief'], 'negative_texts': ['bird flying around', 'birds flying', 'rabbits', 'video with artefacts'], 'similarity_method': <SimilarityMethod.minus_human_similarity: 'minus_human_similarity'>, 'minus_similarity_weight': 0.406345042471085, 'score_method': <TopClassificationMethod.max_sum: 'max_sum'>}. Best is trial 128 with value: 0.8680985219558305.
[I 2023-08-27 14:10:46,091] Trial 141 finished with value: 0.8549078370714102 and parameters: {'positive_texts': ['going through a fence', 'human against a wall', 'human unlocking a door', 'human wearing light cloths', 'person creep walking', 'putting a knee down', 'thief'], 'negative_texts': ['bird flying around', 'birds flying', 'change of colorimetry', 'picture with artefacts'], 'similarity_method': <SimilarityMethod.minus_human_similarity: 'minus_human_similarity'>, 'minus_similarity_weight': 0.46087677215541595, 'score_method': <ScoreMethod.mean: 'mean'>}. Best is trial 128 with value: 0.8680985219558305.
[I 2023-08-27 14:10:47,017] Trial 142 finished with value: 0.8564116610810346 and parameters: {'positive_texts': ['going through a fence', 'human against a wall', 'human unlocking a door', 'human wearing light cloths', 'person creep walking', 'putting a knee down', 'thief'], 'negative_texts': ['bird flying around', 'birds flying', 'change of colorimetry', 'picture with artefacts'], 'similarity_method': <SimilarityMethod.minus_human_similarity: 'minus_human_similarity'>, 'minus_similarity_weight': 0.44334562249882403, 'score_method': <ScoreMethod.mean: 'mean'>}. Best is trial 128 with value: 0.8680985219558305.
[I 2023-08-27 14:10:48,168] Trial 143 finished with value: 0.5829144109306523 and parameters: {'positive_texts': ['going through a fence', 'human against a wall', 'human unlocking a door', 'human wearing light cloths', 'person creep walking', 'putting a knee down', 'thief'], 'negative_texts': ['barbed wire', 'birds flying', 'cloudy field with a fence', 'field', 'wall'], 'similarity_method': <SimilarityMethod.minus_human_similarity: 'minus_human_similarity'>, 'minus_similarity_weight': 0.40379501709249543, 'score_method': <ScoreMethod.mean: 'mean'>}. Best is trial 128 with value: 0.8680985219558305.
[I 2023-08-27 14:10:49,094] Trial 144 finished with value: 0.8503104322419868 and parameters: {'positive_texts': ['going through a fence', 'human against a wall', 'human unlocking a door', 'human wearing light cloths', 'person creep walking', 'putting a knee down', 'thief'], 'negative_texts': ['bird flying around', 'birds flying', 'change of colorimetry', 'picture with artefacts'], 'similarity_method': <SimilarityMethod.minus_human_similarity: 'minus_human_similarity'>, 'minus_similarity_weight': 0.5077940467386703, 'score_method': <ScoreMethod.mean: 'mean'>}. Best is trial 128 with value: 0.8680985219558305.
[I 2023-08-27 14:10:50,230] Trial 145 finished with value: 0.7110187333505199 and parameters: {'positive_texts': ['going through a fence', 'human against a wall', 'human unlocking a door', 'human wearing light cloths', 'person creep walking', 'putting a knee down', 'thief'], 'negative_texts': ['change of colorimetry', 'horror movie scene', 'insect flying', 'picture with artefacts', 'plastic bag flying'], 'similarity_method': <SimilarityMethod.minus_human_similarity: 'minus_human_similarity'>, 'minus_similarity_weight': 0.3368724321331543, 'score_method': <ScoreMethod.mean: 'mean'>}. Best is trial 128 with value: 0.8680985219558305.
[I 2023-08-27 14:10:51,135] Trial 146 finished with value: 0.4815244478817565 and parameters: {'positive_texts': ['a person running', 'a picture of a human climbing a ladder', 'human against a wall', 'putting a knee down', 'ripping a fence'], 'negative_texts': ['animals', 'black and white scene of horror movie', 'plastic bag laying on the floor', 'video with artefacts'], 'similarity_method': <SimilarityMethod.minus_human_similarity: 'minus_human_similarity'>, 'minus_similarity_weight': 0.4351402160582757, 'score_method': <ScoreMethod.mean: 'mean'>}. Best is trial 128 with value: 0.8680985219558305.
[I 2023-08-27 14:10:51,877] Trial 147 finished with value: 0.5 and parameters: {'positive_texts': ['human discretely moving towards a fence', 'ladder leaning against a fence', 'person', 'putting a knee down'], 'negative_texts': ['barbed wire', 'bird flying around', 'empty scene', 'foxes'], 'similarity_method': <SimilarityMethod.minus_human_similarity: 'minus_human_similarity'>, 'minus_similarity_weight': 0.3296374224116335, 'score_method': <TopClassificationMethod.mode: 'mode'>}. Best is trial 128 with value: 0.8680985219558305.
[I 2023-08-27 14:10:52,825] Trial 148 finished with value: 0.8167160780269829 and parameters: {'positive_texts': ['adult', 'human holding a ladder', 'human pick locking', 'human wearing a coat', 'person', 'putting a knee down'], 'negative_texts': ['bird flying around', 'birds flying', 'change of colorimetry', 'picture with artefacts'], 'similarity_method': <SimilarityMethod.minus_human_similarity: 'minus_human_similarity'>, 'minus_similarity_weight': 0.5044351672276208, 'score_method': <ScoreMethod.mean: 'mean'>}. Best is trial 128 with value: 0.8680985219558305.
[I 2023-08-27 14:10:53,966] Trial 149 finished with value: 0.48224950588639687 and parameters: {'positive_texts': ['going through a fence', 'human against a wall', 'human unlocking a door', 'human wearing light cloths', 'person creep walking', 'putting a knee down', 'thief'], 'negative_texts': ['empty scene', 'field with green grass', 'horror movie scene', 'rabbits', 'wall'], 'similarity_method': <SimilarityMethod.minus_human_similarity: 'minus_human_similarity'>, 'minus_similarity_weight': 0.41836861891181043, 'score_method': <ScoreMethod.mean: 'mean'>}. Best is trial 128 with value: 0.8680985219558305.
[I 2023-08-27 14:10:54,707] Trial 150 finished with value: 0.32705755349316834 and parameters: {'positive_texts': ['a video of a human approaching', 'human unlocking a door', 'human wearing white cloths', 'human'], 'negative_texts': ['animals', 'barbed wire', 'black and white scene of horror movie', 'insect flying', 'insects'], 'similarity_method': <SimilarityMethod.minus_human_similarity: 'minus_human_similarity'>, 'minus_similarity_weight': 0.5210343009312749, 'score_method': <ScoreMethod.positive: 'positive'>}. Best is trial 128 with value: 0.8680985219558305.
[I 2023-08-27 14:10:55,605] Trial 151 finished with value: 0.855611411875913 and parameters: {'positive_texts': ['going through a fence', 'human against a wall', 'human unlocking a door', 'human wearing light cloths', 'person creep walking', 'putting a knee down', 'thief'], 'negative_texts': ['bird flying around', 'birds flying', 'change of colorimetry', 'picture with artefacts'], 'similarity_method': <SimilarityMethod.minus_human_similarity: 'minus_human_similarity'>, 'minus_similarity_weight': 0.4542395917338168, 'score_method': <ScoreMethod.mean: 'mean'>}. Best is trial 128 with value: 0.8680985219558305.
[I 2023-08-27 14:10:57,007] Trial 152 finished with value: 0.6471169545415485 and parameters: {'positive_texts': ['going through a fence', 'human against a wall', 'human unlocking a door', 'human wearing light cloths', 'person creep walking', 'putting a knee down', 'thief'], 'negative_texts': ['animals', 'bag', 'black and white scene of horror movie', 'cloudy field with a fence', 'fence', 'foxes'], 'similarity_method': <SimilarityMethod.minus_human_similarity: 'minus_human_similarity'>, 'minus_similarity_weight': 0.4632385534124699, 'score_method': <ScoreMethod.mean: 'mean'>}. Best is trial 128 with value: 0.8680985219558305.
[I 2023-08-27 14:10:57,948] Trial 153 finished with value: 0.8667235971470311 and parameters: {'positive_texts': ['human against a wall', 'human cutting', 'human wearing a coat', 'one person'], 'negative_texts': ['bird flying around', 'birds flying', 'change of colorimetry', 'picture with artefacts'], 'similarity_method': <SimilarityMethod.minus_human_similarity: 'minus_human_similarity'>, 'minus_similarity_weight': 0.4213783390166557, 'score_method': <ScoreMethod.mean: 'mean'>}. Best is trial 128 with value: 0.8680985219558305.
[I 2023-08-27 14:10:58,831] Trial 154 finished with value: 0.7000945260806049 and parameters: {'positive_texts': ['human against a wall', 'human cutting', 'human wearing a coat', 'one person'], 'negative_texts': ['barbed wire', 'empty scene', 'foxes', 'insect flying', 'rabbits', 'video with artefacts'], 'similarity_method': <SimilarityMethod.minus_human_similarity: 'minus_human_similarity'>, 'minus_similarity_weight': 0.41495318283117316, 'score_method': <ScoreMethod.mean: 'mean'>}. Best is trial 128 with value: 0.8680985219558305.
