[I 2023-08-27 14:09:11,372] Trial 37 finished with value: 0.32672187849102 and parameters: {'positive_texts': ['grayscale picture of a human', 'human bending down', 'human climbing a ladder', 'human holding a ladder', 'human making small steps', 'human unlocking a door', 'human wearing dark clothes'], 'negative_texts': ['bag', 'black and white picture', 'change of colorimetry', 'field at midnight', 'wall'], 'similarity_method': <SimilarityMethod.minus_human_similarity: 'minus_human_similarity'>, 'minus_similarity_weight': 0.13437859017209514, 'score_method': <ScoreMethod.positive: 'positive'>}. Best is trial 18 with value: 0.7801301881928332.
[I 2023-08-27 14:09:12,410] Trial 38 finished with value: 0.6711110036951105 and parameters: {'positive_texts': ['a human running', 'an adult running', 'human against a wall', 'human climbing a ladder', 'human cutting', 'terrorist'], 'negative_texts': ['bag', 'barbed wire', 'black and white scene of horror movie', 'change of colorimetry', 'empty scene', 'fence', 'video with artefacts'], 'similarity_method': <SimilarityMethod.dot_product: 'dot_product'>, 'score_method': <TopClassificationMethod.max_sum: 'max_sum'>}. Best is trial 18 with value: 0.7801301881928332.
[I 2023-08-27 14:09:13,250] Trial 39 finished with value: 0.6216002835782418 and parameters: {'positive_texts': ['black and white picture of a human', 'human cutting a fence', 'human cutting', 'human wearing light cloths', 'ripping a fence', 'thief'], 'negative_texts': ['field at midnight', 'foxes', 'insect flying', 'picture with artefacts'], 'similarity_method': <SimilarityMethod.minus_human_features: 'minus_human_features'>, 'score_method': <ScoreMethod.mean: 'mean'>}. Best is trial 18 with value: 0.7801301881928332.
[I 2023-08-27 14:09:14,170] Trial 40 finished with value: 0.5 and parameters: {'positive_texts': ['an adult running', 'human approaching a fence', 'human making small steps', 'human walking', 'person crip walking'], 'negative_texts': ['black and white scene of horror movie', 'cloudy field with a fence', 'empty scene', 'picture with artefacts', 'plastic bag laying on the floor', 'rabbits'], 'similarity_method': <SimilarityMethod.minus_human_similarity: 'minus_human_similarity'>, 'minus_similarity_weight': 0.8811556802803293, 'score_method': <TopClassificationMethod.mode: 'mode'>}. Best is trial 18 with value: 0.7801301881928332.
[I 2023-08-27 14:09:15,175] Trial 41 finished with value: 0.7801301881928332 and parameters: {'positive_texts': ['adult', 'human bending down', 'human wearing white cloths', 'human', 'ripping a fence'], 'negative_texts': ['bird flying around', 'birds flying', 'black and white picture', 'empty scene', 'field at midnight', 'foxes', 'video with artefacts'], 'similarity_method': <SimilarityMethod.minus_human_features: 'minus_human_features'>, 'score_method': <ScoreMethod.mean: 'mean'>}. Best is trial 18 with value: 0.7801301881928332.
[I 2023-08-27 14:09:16,089] Trial 42 finished with value: 0.7801301881928332 and parameters: {'positive_texts': ['adult', 'human bending down', 'human wearing white cloths', 'human', 'ripping a fence'], 'negative_texts': ['bird flying around', 'birds flying', 'black and white picture', 'empty scene', 'field at midnight', 'foxes', 'video with artefacts'], 'similarity_method': <SimilarityMethod.minus_human_features: 'minus_human_features'>, 'score_method': <ScoreMethod.mean: 'mean'>}. Best is trial 18 with value: 0.7801301881928332.
[I 2023-08-27 14:09:17,120] Trial 43 finished with value: 0.631794062043482 and parameters: {'positive_texts': ['going through a fence', 'human against a wall', 'human unlocking a door', 'human wearing light cloths', 'person creep walking', 'putting a knee down', 'thief'], 'negative_texts': ['bird flying around', 'cloudy field with a fence', 'field with green grass', 'foxes', 'grayscale picture of a fence', 'plastic bag laying on the floor'], 'similarity_method': <SimilarityMethod.minus_human_features: 'minus_human_features'>, 'score_method': <ScoreMethod.mean: 'mean'>}. Best is trial 18 with value: 0.7801301881928332.
[I 2023-08-27 14:09:17,933] Trial 44 finished with value: 0.5762438772879608 and parameters: {'positive_texts': ['human bending down', 'human climbing a ladder', 'human cutting a fence', 'human going through a fence', 'terrorist'], 'negative_texts': ['black and white scene of horror movie', 'grayscale picture of a fence', 'insects', 'picture with artefacts', 'plastic bag laying on the floor'], 'similarity_method': <SimilarityMethod.minus_human_features: 'minus_human_features'>, 'score_method': <ScoreMethod.mean: 'mean'>}. Best is trial 18 with value: 0.7801301881928332.
[I 2023-08-27 14:09:19,158] Trial 45 finished with value: 0.5647825900146086 and parameters: {'positive_texts': ['a person running', 'human going through a fence', 'human making small steps', 'human unlocking a door', 'human walking', 'one person', 'putting a knee down'], 'negative_texts': ['empty scene', 'field with green grass', 'foxes', 'grayscale picture of a fence', 'horror movie scene', 'insect flying', 'wall'], 'similarity_method': <SimilarityMethod.minus_human_features: 'minus_human_features'>, 'score_method': <ScoreMethod.mean: 'mean'>}. Best is trial 18 with value: 0.7801301881928332.
[I 2023-08-27 14:09:20,252] Trial 46 finished with value: 0.5 and parameters: {'positive_texts': ['adult', 'human holding a ladder', 'human pick locking', 'human wearing a coat', 'person', 'putting a knee down'], 'negative_texts': ['animals', 'black and white picture', 'field', 'grayscale picture of a fence', 'plastic bag flying', 'wall'], 'similarity_method': <SimilarityMethod.minus_human_features: 'minus_human_features'>, 'score_method': <TopClassificationMethod.any: 'any'>}. Best is trial 18 with value: 0.7801301881928332.
[I 2023-08-27 14:09:20,910] Trial 47 finished with value: 0.7493608747959096 and parameters: {'positive_texts': ['human discretely moving towards a fence', 'ladder leaning against a fence', 'person', 'putting a knee down'], 'negative_texts': ['bird flying around', 'birds flying', 'rabbits', 'video with artefacts'], 'similarity_method': <SimilarityMethod.minus_human_similarity: 'minus_human_similarity'>, 'minus_similarity_weight': 0.1334982889307274, 'score_method': <ScoreMethod.mean: 'mean'>}. Best is trial 18 with value: 0.7801301881928332.
[I 2023-08-27 14:09:21,963] Trial 48 finished with value: 0.5 and parameters: {'positive_texts': ['grayscale picture of a human', 'human approaching a fence', 'human going through a fence', 'human wearing a coat', 'putting a knee down', 'thief'], 'negative_texts': ['barbed wire', 'birds flying', 'cloudy field with a fence', 'field', 'wall'], 'similarity_method': <SimilarityMethod.minus_human_features: 'minus_human_features'>, 'score_method': <TopClassificationMethod.mode: 'mode'>}. Best is trial 18 with value: 0.7801301881928332.
[I 2023-08-27 14:09:22,822] Trial 49 finished with value: 0.6666022170662542 and parameters: {'positive_texts': ['a video of a human approaching', 'human unlocking a door', 'human wearing white cloths', 'human'], 'negative_texts': ['black and white picture', 'fence', 'field at midnight', 'picture with artefacts'], 'similarity_method': <SimilarityMethod.minus_human_features: 'minus_human_features'>, 'score_method': <ScoreMethod.mean: 'mean'>}. Best is trial 18 with value: 0.7801301881928332.
[I 2023-08-27 14:09:23,554] Trial 50 finished with value: 0.5 and parameters: {'positive_texts': ['human against a wall', 'human cutting', 'human wearing a coat', 'one person'], 'negative_texts': ['change of colorimetry', 'horror movie scene', 'insect flying', 'picture with artefacts', 'plastic bag flying'], 'similarity_method': <SimilarityMethod.minus_human_features: 'minus_human_features'>, 'score_method': <TopClassificationMethod.max_sum: 'max_sum'>}. Best is trial 18 with value: 0.7801301881928332.
[I 2023-08-27 14:09:24,512] Trial 51 finished with value: 0.7801301881928332 and parameters: {'positive_texts': ['adult', 'human bending down', 'human wearing white cloths', 'human', 'ripping a fence'], 'negative_texts': ['bird flying around', 'birds flying', 'black and white picture', 'empty scene', 'field at midnight', 'foxes', 'video with artefacts'], 'similarity_method': <SimilarityMethod.minus_human_features: 'minus_human_features'>, 'score_method': <ScoreMethod.mean: 'mean'>}. Best is trial 18 with value: 0.7801301881928332.
[I 2023-08-27 14:09:25,387] Trial 52 finished with value: 0.7757583569648534 and parameters: {'positive_texts': ['a person running', 'human making small steps', 'putting a knee down', 'thief'], 'negative_texts': ['bird flying around', 'birds flying', 'black and white picture', 'empty scene', 'field at midnight', 'foxes', 'video with artefacts'], 'similarity_method': <SimilarityMethod.minus_human_features: 'minus_human_features'>, 'score_method': <ScoreMethod.mean: 'mean'>}. Best is trial 18 with value: 0.7801301881928332.
[I 2023-08-27 14:09:26,165] Trial 53 finished with value: 0.5273749677751998 and parameters: {'positive_texts': ['a picture of a human climbing a ladder', 'human cutting a fence', 'human discretely moving towards a fence', 'ladder leaning against a fence', 'terrorist'], 'negative_texts': ['animals', 'black and white scene of horror movie', 'plastic bag laying on the floor', 'video with artefacts'], 'similarity_method': <SimilarityMethod.minus_human_features: 'minus_human_features'>, 'score_method': <ScoreMethod.mean: 'mean'>}. Best is trial 18 with value: 0.7801301881928332.
[I 2023-08-27 14:09:26,994] Trial 54 finished with value: 0.6253974392025436 and parameters: {'positive_texts': ['a person running', 'a picture of a human climbing a ladder', 'human against a wall', 'putting a knee down', 'ripping a fence'], 'negative_texts': ['animals', 'bag', 'black and white scene of horror movie', 'cloudy field with a fence', 'fence', 'foxes'], 'similarity_method': <SimilarityMethod.minus_human_features: 'minus_human_features'>, 'score_method': <ScoreMethod.mean: 'mean'>}. Best is trial 18 with value: 0.7801301881928332.
[I 2023-08-27 14:09:27,779] Trial 55 finished with value: 0.3676366331528744 and parameters: {'positive_texts': ['grayscale picture of a human', 'human stepping down', 'one person', 'putting a knee down'], 'negative_texts': ['animals', 'barbed wire', 'black and white scene of horror movie', 'insect flying', 'insects'], 'similarity_method': <SimilarityMethod.dot_product: 'dot_product'>, 'score_method': <ScoreMethod.mean: 'mean'>}. Best is trial 18 with value: 0.7801301881928332.
[I 2023-08-27 14:09:28,576] Trial 56 finished with value: 0.259270000859328 and parameters: {'positive_texts': ['going through a fence', 'human cutting a fence', 'human wearing light cloths', 'human wearing white cloths', 'putting a knee down'], 'negative_texts': ['barbed wire', 'bird flying around', 'empty scene', 'foxes'], 'similarity_method': <SimilarityMethod.minus_human_features: 'minus_human_features'>, 'score_method': <ScoreMethod.positive: 'positive'>}. Best is trial 18 with value: 0.7801301881928332.
[I 2023-08-27 14:09:29,458] Trial 57 finished with value: 0.648491879350348 and parameters: {'positive_texts': ['adult', 'human bending down', 'human wearing white cloths', 'human', 'ripping a fence'], 'negative_texts': ['bag', 'bird flying around', 'cloudy field with a fence', 'field with green grass', 'insect flying', 'insects'], 'similarity_method': <SimilarityMethod.minus_human_features: 'minus_human_features'>, 'score_method': <ScoreMethod.mean: 'mean'>}. Best is trial 18 with value: 0.7801301881928332.
[I 2023-08-27 14:09:30,481] Trial 58 finished with value: 0.4051301881928332 and parameters: {'positive_texts': ['a person running', 'adult', 'an adult running', 'human climbing a ladder on a fence', 'human cutting', 'human stepping down', 'one person'], 'negative_texts': ['empty scene', 'field with green grass', 'horror movie scene', 'rabbits', 'wall'], 'similarity_method': <SimilarityMethod.minus_human_similarity: 'minus_human_similarity'>, 'minus_similarity_weight': 0.3782925257591209, 'score_method': <ScoreMethod.mean: 'mean'>}. Best is trial 18 with value: 0.7801301881928332.
[I 2023-08-27 14:09:31,365] Trial 59 finished with value: 0.7186882357996047 and parameters: {'positive_texts': ['adult', 'human wearing a coat', 'terrorist', 'thief'], 'negative_texts': ['bird flying around', 'birds flying', 'black and white picture', 'empty scene', 'field at midnight', 'foxes', 'video with artefacts'], 'similarity_method': <SimilarityMethod.minus_human_features: 'minus_human_features'>, 'score_method': <ScoreMethod.mean: 'mean'>}. Best is trial 18 with value: 0.7801301881928332.
[I 2023-08-27 14:09:32,276] Trial 60 finished with value: 0.5 and parameters: {'positive_texts': ['an adult running', 'human kneeling down', 'human wearing a coat', 'human wearing dark clothes', 'ladder leaning against a fence'], 'negative_texts': ['barbed wire', 'empty scene', 'foxes', 'insect flying', 'rabbits', 'video with artefacts'], 'similarity_method': <SimilarityMethod.minus_human_features: 'minus_human_features'>, 'score_method': <TopClassificationMethod.any: 'any'>}. Best is trial 18 with value: 0.7801301881928332.
[I 2023-08-27 14:09:33,281] Trial 61 finished with value: 0.7801301881928332 and parameters: {'positive_texts': ['adult', 'human bending down', 'human wearing white cloths', 'human', 'ripping a fence'], 'negative_texts': ['bird flying around', 'birds flying', 'black and white picture', 'empty scene', 'field at midnight', 'foxes', 'video with artefacts'], 'similarity_method': <SimilarityMethod.minus_human_features: 'minus_human_features'>, 'score_method': <ScoreMethod.mean: 'mean'>}. Best is trial 18 with value: 0.7801301881928332.
[I 2023-08-27 14:09:34,219] Trial 62 finished with value: 0.7882454670447709 and parameters: {'positive_texts': ['a video of a human approaching', 'grayscale picture of a human', 'human approaching a fence', 'human going through', 'human stepping down', 'human', 'ripping a fence'], 'negative_texts': ['bird flying around', 'birds flying', 'change of colorimetry', 'picture with artefacts'], 'similarity_method': <SimilarityMethod.minus_human_features: 'minus_human_features'>, 'score_method': <ScoreMethod.mean: 'mean'>}. Best is trial 62 with value: 0.7882454670447709.
[I 2023-08-27 14:09:34,959] Trial 63 finished with value: 0.7616546360745897 and parameters: {'positive_texts': ['adult', 'grayscale picture of a human', 'human cutting a fence', 'human unlocking a door', 'putting a knee down'], 'negative_texts': ['bird flying around', 'birds flying', 'change of colorimetry', 'picture with artefacts'], 'similarity_method': <SimilarityMethod.minus_human_features: 'minus_human_features'>, 'score_method': <ScoreMethod.mean: 'mean'>}. Best is trial 62 with value: 0.7882454670447709.
[I 2023-08-27 14:09:35,912] Trial 64 finished with value: 0.5379124774426399 and parameters: {'positive_texts': ['a video of a human approaching a fence', 'going through a fence', 'human against a wall', 'human discretely moving towards a fence', 'human wearing light cloths', 'putting a knee down'], 'negative_texts': ['bag', 'black and white scene of horror movie', 'insects', 'picture with artefacts', 'rabbits', 'wall'], 'similarity_method': <SimilarityMethod.minus_human_features: 'minus_human_features'>, 'score_method': <ScoreMethod.mean: 'mean'>}. Best is trial 62 with value: 0.7882454670447709.
[I 2023-08-27 14:09:36,823] Trial 65 finished with value: 0.6906580304202113 and parameters: {'positive_texts': ['a human running', 'a video of a human approaching a fence', 'adult', 'human kneeling down', 'human stepping down', 'putting a knee down', 'ripping a fence'], 'negative_texts': ['black and white picture', 'fence', 'field with green grass', 'picture with artefacts', 'plastic bag flying'], 'similarity_method': <SimilarityMethod.minus_human_features: 'minus_human_features'>, 'score_method': <ScoreMethod.mean: 'mean'>}. Best is trial 62 with value: 0.7882454670447709.
[I 2023-08-27 14:09:37,651] Trial 66 finished with value: 0.8276778808971385 and parameters: {'positive_texts': ['a video of a human approaching', 'grayscale picture of a human', 'human going through', 'human stepping down', 'human unlocking a door', 'thief'], 'negative_texts': ['bird flying around', 'birds flying', 'change of colorimetry', 'picture with artefacts'], 'similarity_method': <SimilarityMethod.dot_product: 'dot_product'>, 'score_method': <ScoreMethod.mean: 'mean'>}. Best is trial 66 with value: 0.8276778808971385.
[I 2023-08-27 14:09:38,583] Trial 67 finished with value: 0.5104757454670448 and parameters: {'positive_texts': ['a video of a human approaching', 'grayscale picture of a human', 'human approaching a fence', 'human going through', 'human stepping down', 'human', 'ripping a fence'], 'negative_texts': ['barbed wire', 'field at midnight', 'foxes', 'plastic bag flying'], 'similarity_method': <SimilarityMethod.dot_product: 'dot_product'>, 'score_method': <TopClassificationMethod.max_sum: 'max_sum'>}. Best is trial 66 with value: 0.8276778808971385.
[I 2023-08-27 14:09:39,283] Trial 68 finished with value: 0.8628995875225574 and parameters: {'positive_texts': ['going through a fence', 'human against a wall', 'human climbing a ladder on a fence', 'human walking', 'person'], 'negative_texts': ['bird flying around', 'birds flying', 'change of colorimetry', 'picture with artefacts'], 'similarity_method': <SimilarityMethod.dot_product: 'dot_product'>, 'score_method': <ScoreMethod.mean: 'mean'>}. Best is trial 68 with value: 0.8628995875225574.
[I 2023-08-27 14:09:40,144] Trial 69 finished with value: 0.22577769184497726 and parameters: {'positive_texts': ['a video of a human approaching', 'grayscale picture of a human', 'human going through', 'human stepping down', 'human unlocking a door', 'thief'], 'negative_texts': ['bird flying around', 'birds flying', 'change of colorimetry', 'picture with artefacts'], 'similarity_method': <SimilarityMethod.dot_product: 'dot_product'>, 'score_method': <ScoreMethod.positive: 'positive'>}. Best is trial 68 with value: 0.8628995875225574.
[I 2023-08-27 14:09:41,089] Trial 70 finished with value: 0.5208924121337114 and parameters: {'positive_texts': ['a video of a human approaching', 'grayscale picture of a human', 'human approaching a fence', 'human going through', 'human stepping down', 'human', 'ripping a fence'], 'negative_texts': ['bird flying around', 'birds flying', 'change of colorimetry', 'picture with artefacts'], 'similarity_method': <SimilarityMethod.dot_product: 'dot_product'>, 'score_method': <TopClassificationMethod.mode: 'mode'>}. Best is trial 68 with value: 0.8628995875225574.
[I 2023-08-27 14:09:41,878] Trial 71 finished with value: 0.36122389791183296 and parameters: {'positive_texts': ['grayscale picture of a human', 'human bending down', 'human stepping down', 'ladder leaning against a fence', 'person crip walking', 'terrorist'], 'negative_texts': ['bird flying around', 'black and white picture', 'field at midnight', 'wall'], 'similarity_method': <SimilarityMethod.dot_product: 'dot_product'>, 'score_method': <ScoreMethod.mean: 'mean'>}. Best is trial 68 with value: 0.8628995875225574.
[I 2023-08-27 14:09:42,736] Trial 72 finished with value: 0.628281558821002 and parameters: {'positive_texts': ['going through a fence', 'human against a wall', 'human climbing a ladder on a fence', 'human walking', 'person'], 'negative_texts': ['bird flying around', 'cloudy field with a fence', 'field with green grass', 'field', 'insect flying', 'plastic bag laying on the floor'], 'similarity_method': <SimilarityMethod.dot_product: 'dot_product'>, 'score_method': <ScoreMethod.mean: 'mean'>}. Best is trial 68 with value: 0.8628995875225574.
[I 2023-08-27 14:09:43,781] Trial 73 finished with value: 0.5376761622411274 and parameters: {'positive_texts': ['a video of a human approaching', 'grayscale picture of a human', 'human going through', 'human stepping down', 'human unlocking a door', 'thief'], 'negative_texts': ['empty scene', 'field', 'foxes', 'grayscale picture of a fence', 'insect flying', 'insects', 'video with artefacts'], 'similarity_method': <SimilarityMethod.dot_product: 'dot_product'>, 'score_method': <ScoreMethod.mean: 'mean'>}. Best is trial 68 with value: 0.8628995875225574.
[I 2023-08-27 14:09:44,873] Trial 74 finished with value: 0.5403454498582109 and parameters: {'positive_texts': ['a video of a human approaching', 'an adult running', 'black and white picture of a human', 'human going through', 'human unlocking a door', 'human wearing a coat', 'terrorist'], 'negative_texts': ['barbed wire', 'birds flying', 'black and white picture', 'black and white scene of horror movie', 'empty scene', 'field', 'plastic bag flying'], 'similarity_method': <SimilarityMethod.dot_product: 'dot_product'>, 'score_method': <ScoreMethod.mean: 'mean'>}. Best is trial 68 with value: 0.8628995875225574.
[I 2023-08-27 14:09:45,569] Trial 75 finished with value: 0.8628995875225574 and parameters: {'positive_texts': ['going through a fence', 'human against a wall', 'human climbing a ladder on a fence', 'human walking', 'person'], 'negative_texts': ['bird flying around', 'birds flying', 'change of colorimetry', 'picture with artefacts'], 'similarity_method': <SimilarityMethod.dot_product: 'dot_product'>, 'score_method': <ScoreMethod.mean: 'mean'>}. Best is trial 68 with value: 0.8628995875225574.
[I 2023-08-27 14:09:46,266] Trial 76 finished with value: 0.8070647503652144 and parameters: {'positive_texts': ['a video of a human approaching a fence', 'going through a fence', 'human going through a fence', 'human wearing white cloths', 'one person'], 'negative_texts': ['bird flying around', 'birds flying', 'change of colorimetry', 'picture with artefacts'], 'similarity_method': <SimilarityMethod.dot_product: 'dot_product'>, 'score_method': <ScoreMethod.mean: 'mean'>}. Best is trial 68 with value: 0.8628995875225574.
