[I 2023-08-27 14:10:59,910] Trial 155 finished with value: 0.6502159061613818 and parameters: {'positive_texts': ['a picture of a human climbing a ladder', 'human cutting a fence', 'human discretely moving towards a fence', 'ladder leaning against a fence', 'terrorist'], 'negative_texts': ['bag', 'bird flying around', 'cloudy field with a fence', 'field with green grass', 'insect flying', 'insects'], 'similarity_method': <SimilarityMethod.minus_human_similarity: 'minus_human_similarity'>, 'minus_similarity_weight': 0.5502270760047596, 'score_method': <ScoreMethod.mean: 'mean'>}. Best is trial 128 with value: 0.8680985219558305.
[I 2023-08-27 14:11:01,011] Trial 156 finished with value: 0.7882830626450116 and parameters: {'positive_texts': ['a person running', 'human going through a fence', 'human making small steps', 'human unlocking a door', 'human walking', 'one person', 'putting a knee down'], 'negative_texts': ['bird flying around', 'birds flying', 'change of colorimetry', 'picture with artefacts'], 'similarity_method': <SimilarityMethod.minus_human_similarity: 'minus_human_similarity'>, 'minus_similarity_weight': 0.3731800424214803, 'score_method': <ScoreMethod.mean: 'mean'>}. Best is trial 128 with value: 0.8680985219558305.
[I 2023-08-27 14:11:01,944] Trial 157 finished with value: 0.7974187935034803 and parameters: {'positive_texts': ['a person running', 'adult', 'an adult running', 'human climbing a ladder on a fence', 'human cutting', 'human stepping down', 'one person'], 'negative_texts': ['bird flying around', 'birds flying', 'change of colorimetry', 'picture with artefacts'], 'similarity_method': <SimilarityMethod.minus_human_similarity: 'minus_human_similarity'>, 'minus_similarity_weight': 0.48967026701326255, 'score_method': <ScoreMethod.mean: 'mean'>}. Best is trial 128 with value: 0.8680985219558305.
[I 2023-08-27 14:11:02,828] Trial 158 finished with value: 0.43517981438515085 and parameters: {'positive_texts': ['going through a fence', 'human cutting a fence', 'human wearing light cloths', 'human wearing white cloths', 'putting a knee down'], 'negative_texts': ['bag', 'black and white scene of horror movie', 'insects', 'picture with artefacts', 'rabbits', 'wall'], 'similarity_method': <SimilarityMethod.minus_human_similarity: 'minus_human_similarity'>, 'minus_similarity_weight': 0.41052762577566676, 'score_method': <ScoreMethod.mean: 'mean'>}. Best is trial 128 with value: 0.8680985219558305.
[I 2023-08-27 14:11:03,723] Trial 159 finished with value: 0.6296135172295265 and parameters: {'positive_texts': ['human against a wall', 'human cutting', 'human wearing a coat', 'one person'], 'negative_texts': ['bird flying around', 'cloudy field with a fence', 'field with green grass', 'field', 'insect flying', 'plastic bag laying on the floor'], 'similarity_method': <SimilarityMethod.minus_human_similarity: 'minus_human_similarity'>, 'minus_similarity_weight': 0.341748375556624, 'score_method': <ScoreMethod.mean: 'mean'>}. Best is trial 128 with value: 0.8680985219558305.
[I 2023-08-27 14:11:05,053] Trial 160 finished with value: 0.5008754404056027 and parameters: {'positive_texts': ['a human running', 'a video of a human approaching a fence', 'adult', 'human kneeling down', 'human stepping down', 'putting a knee down', 'ripping a fence'], 'negative_texts': ['empty scene', 'field', 'foxes', 'grayscale picture of a fence', 'insect flying', 'insects', 'video with artefacts'], 'similarity_method': <SimilarityMethod.minus_human_similarity: 'minus_human_similarity'>, 'minus_similarity_weight': 0.4744856439690694, 'score_method': <ScoreMethod.mean: 'mean'>}. Best is trial 128 with value: 0.8680985219558305.
[I 2023-08-27 14:11:05,962] Trial 161 finished with value: 0.8305995961158374 and parameters: {'positive_texts': ['an adult running', 'human kneeling down', 'human wearing a coat', 'human wearing dark clothes', 'ladder leaning against a fence'], 'negative_texts': ['bird flying around', 'birds flying', 'change of colorimetry', 'picture with artefacts'], 'similarity_method': <SimilarityMethod.minus_human_similarity: 'minus_human_similarity'>, 'minus_similarity_weight': 0.4363259100859662, 'score_method': <ScoreMethod.mean: 'mean'>}. Best is trial 128 with value: 0.8680985219558305.
[I 2023-08-27 14:11:06,725] Trial 162 finished with value: 0.8482587866288562 and parameters: {'positive_texts': ['adult', 'human wearing a coat', 'terrorist', 'thief'], 'negative_texts': ['bird flying around', 'birds flying', 'change of colorimetry', 'picture with artefacts'], 'similarity_method': <SimilarityMethod.minus_human_similarity: 'minus_human_similarity'>, 'minus_similarity_weight': 0.45380478824268666, 'score_method': <ScoreMethod.mean: 'mean'>}. Best is trial 128 with value: 0.8680985219558305.
[I 2023-08-27 14:11:07,572] Trial 163 finished with value: 0.5621186731975595 and parameters: {'positive_texts': ['adult', 'grayscale picture of a human', 'human cutting a fence', 'human unlocking a door', 'putting a knee down'], 'negative_texts': ['black and white picture', 'fence', 'field with green grass', 'picture with artefacts', 'plastic bag flying'], 'similarity_method': <SimilarityMethod.minus_human_similarity: 'minus_human_similarity'>, 'minus_similarity_weight': 0.3977340045552028, 'score_method': <ScoreMethod.mean: 'mean'>}. Best is trial 128 with value: 0.8680985219558305.
[I 2023-08-27 14:11:08,522] Trial 164 finished with value: 0.5447065394861218 and parameters: {'positive_texts': ['grayscale picture of a human', 'human approaching a fence', 'human pick locking', 'human walking', 'human wearing white cloths', 'human'], 'negative_texts': ['barbed wire', 'field at midnight', 'foxes', 'plastic bag flying'], 'similarity_method': <SimilarityMethod.minus_human_similarity: 'minus_human_similarity'>, 'minus_similarity_weight': 0.4337414636826669, 'score_method': <ScoreMethod.mean: 'mean'>}. Best is trial 128 with value: 0.8680985219558305.
[I 2023-08-27 14:11:09,506] Trial 165 finished with value: 0.8531301022600328 and parameters: {'positive_texts': ['going through a fence', 'human against a wall', 'human unlocking a door', 'human wearing light cloths', 'person creep walking', 'putting a knee down', 'thief'], 'negative_texts': ['bird flying around', 'birds flying', 'change of colorimetry', 'picture with artefacts'], 'similarity_method': <SimilarityMethod.minus_human_similarity: 'minus_human_similarity'>, 'minus_similarity_weight': 0.4814473444079123, 'score_method': <ScoreMethod.mean: 'mean'>}. Best is trial 128 with value: 0.8680985219558305.
[I 2023-08-27 14:11:10,578] Trial 166 finished with value: 0.8612131563117642 and parameters: {'positive_texts': ['going through a fence', 'human against a wall', 'human unlocking a door', 'human wearing light cloths', 'person creep walking', 'putting a knee down', 'thief'], 'negative_texts': ['bird flying around', 'birds flying', 'change of colorimetry', 'picture with artefacts'], 'similarity_method': <SimilarityMethod.minus_human_similarity: 'minus_human_similarity'>, 'minus_similarity_weight': 0.3598135417484764, 'score_method': <ScoreMethod.mean: 'mean'>}. Best is trial 128 with value: 0.8680985219558305.
[I 2023-08-27 14:11:11,303] Trial 167 finished with value: 0.5 and parameters: {'positive_texts': ['grayscale picture of a human', 'human stepping down', 'one person', 'putting a knee down'], 'negative_texts': ['bird flying around', 'birds flying', 'change of colorimetry', 'picture with artefacts'], 'similarity_method': <SimilarityMethod.minus_human_similarity: 'minus_human_similarity'>, 'minus_similarity_weight': 0.36218877268295563, 'score_method': <TopClassificationMethod.any: 'any'>}. Best is trial 128 with value: 0.8680985219558305.
[I 2023-08-27 14:11:12,653] Trial 168 finished with value: 0.65695626020452 and parameters: {'positive_texts': ['human approaching a fence', 'human bending down', 'human climbing a ladder', 'human walking', 'ladder leaning against a fence', 'person'], 'negative_texts': ['barbed wire', 'birds flying', 'black and white picture', 'black and white scene of horror movie', 'empty scene', 'field', 'plastic bag flying'], 'similarity_method': <SimilarityMethod.minus_human_similarity: 'minus_human_similarity'>, 'minus_similarity_weight': 0.3820288657375929, 'score_method': <ScoreMethod.mean: 'mean'>}. Best is trial 128 with value: 0.8680985219558305.
[I 2023-08-27 14:11:13,777] Trial 169 finished with value: 0.8627653175216979 and parameters: {'positive_texts': ['going through a fence', 'human against a wall', 'human unlocking a door', 'human wearing light cloths', 'person creep walking', 'putting a knee down', 'thief'], 'negative_texts': ['bird flying around', 'birds flying', 'change of colorimetry', 'picture with artefacts'], 'similarity_method': <SimilarityMethod.minus_human_similarity: 'minus_human_similarity'>, 'minus_similarity_weight': 0.3053492669921857, 'score_method': <ScoreMethod.mean: 'mean'>}. Best is trial 128 with value: 0.8680985219558305.
[I 2023-08-27 14:11:14,880] Trial 170 finished with value: 0.5701587608490161 and parameters: {'positive_texts': ['a video of a human approaching a fence', 'going through a fence', 'human against a wall', 'human discretely moving towards a fence', 'human wearing light cloths', 'putting a knee down'], 'negative_texts': ['bird flying around', 'black and white picture', 'field at midnight', 'wall'], 'similarity_method': <SimilarityMethod.minus_human_similarity: 'minus_human_similarity'>, 'minus_similarity_weight': 0.2674103399175942, 'score_method': <ScoreMethod.mean: 'mean'>}. Best is trial 128 with value: 0.8680985219558305.
[I 2023-08-27 14:11:16,072] Trial 171 finished with value: 0.8024727163358254 and parameters: {'positive_texts': ['a video of a human approaching', 'an adult running', 'black and white picture of a human', 'human going through', 'human unlocking a door', 'human wearing a coat', 'terrorist'], 'negative_texts': ['bird flying around', 'birds flying', 'change of colorimetry', 'picture with artefacts'], 'similarity_method': <SimilarityMethod.minus_human_similarity: 'minus_human_similarity'>, 'minus_similarity_weight': 0.3070985423012135, 'score_method': <ScoreMethod.mean: 'mean'>}. Best is trial 128 with value: 0.8680985219558305.
[I 2023-08-27 14:11:17,067] Trial 172 finished with value: 0.8612024147116955 and parameters: {'positive_texts': ['going through a fence', 'human against a wall', 'human unlocking a door', 'human wearing light cloths', 'person creep walking', 'putting a knee down', 'thief'], 'negative_texts': ['bird flying around', 'birds flying', 'change of colorimetry', 'picture with artefacts'], 'similarity_method': <SimilarityMethod.minus_human_similarity: 'minus_human_similarity'>, 'minus_similarity_weight': 0.35990738616949186, 'score_method': <ScoreMethod.mean: 'mean'>}. Best is trial 128 with value: 0.8680985219558305.
[I 2023-08-27 14:11:18,020] Trial 173 finished with value: 0.3725160049841024 and parameters: {'positive_texts': ['grayscale picture of a human', 'human bending down', 'human stepping down', 'ladder leaning against a fence', 'person crip walking', 'terrorist'], 'negative_texts': ['empty scene', 'field at midnight', 'grayscale picture of a fence', 'insect flying', 'wall'], 'similarity_method': <SimilarityMethod.minus_human_similarity: 'minus_human_similarity'>, 'minus_similarity_weight': 0.31402873232759115, 'score_method': <ScoreMethod.mean: 'mean'>}. Best is trial 128 with value: 0.8680985219558305.
[I 2023-08-27 14:11:19,145] Trial 174 finished with value: 0.7164271289851336 and parameters: {'positive_texts': ['going through a fence', 'human against a wall', 'human unlocking a door', 'human wearing light cloths', 'person creep walking', 'putting a knee down', 'thief'], 'negative_texts': ['barbed wire', 'change of colorimetry', 'empty scene', 'grayscale picture of a fence', 'video with artefacts'], 'similarity_method': <SimilarityMethod.minus_human_similarity: 'minus_human_similarity'>, 'minus_similarity_weight': 0.36289277966799866, 'score_method': <ScoreMethod.mean: 'mean'>}. Best is trial 128 with value: 0.8680985219558305.
[I 2023-08-27 14:11:20,010] Trial 175 finished with value: 0.8203198848500473 and parameters: {'positive_texts': ['a person running', 'black and white picture of a human', 'human climbing a ladder on a fence', 'human discretely moving towards a fence', 'human unlocking a door', 'putting a knee down'], 'negative_texts': ['bird flying around', 'birds flying', 'change of colorimetry', 'picture with artefacts'], 'similarity_method': <SimilarityMethod.minus_human_similarity: 'minus_human_similarity'>, 'minus_similarity_weight': 0.3835343732703161, 'score_method': <ScoreMethod.mean: 'mean'>}. Best is trial 128 with value: 0.8680985219558305.
[I 2023-08-27 14:11:21,054] Trial 176 finished with value: 0.5449911918879435 and parameters: {'positive_texts': ['going through a fence', 'human against a wall', 'human climbing a ladder on a fence', 'human walking', 'person'], 'negative_texts': ['animals', 'field at midnight', 'field with green grass', 'foxes', 'horror movie scene', 'insect flying', 'wall'], 'similarity_method': <SimilarityMethod.minus_human_similarity: 'minus_human_similarity'>, 'minus_similarity_weight': 0.2876993292755683, 'score_method': <ScoreMethod.mean: 'mean'>}. Best is trial 128 with value: 0.8680985219558305.
[I 2023-08-27 14:11:22,197] Trial 177 finished with value: 0.5 and parameters: {'positive_texts': ['going through a fence', 'human against a wall', 'human unlocking a door', 'human wearing light cloths', 'person creep walking', 'putting a knee down', 'thief'], 'negative_texts': ['animals', 'bag', 'black and white picture', 'plastic bag flying', 'wall'], 'similarity_method': <SimilarityMethod.minus_human_similarity: 'minus_human_similarity'>, 'minus_similarity_weight': 0.23992148105954197, 'score_method': <TopClassificationMethod.max_sum: 'max_sum'>}. Best is trial 128 with value: 0.8680985219558305.
[I 2023-08-27 14:11:22,926] Trial 178 finished with value: 0.4687526854000172 and parameters: {'positive_texts': ['human against a wall', 'human cutting', 'human wearing a coat', 'one person'], 'negative_texts': ['black and white scene of horror movie', 'horror movie scene', 'insect flying', 'wall'], 'similarity_method': <SimilarityMethod.minus_human_similarity: 'minus_human_similarity'>, 'minus_similarity_weight': 0.3522344569018314, 'score_method': <ScoreMethod.mean: 'mean'>}. Best is trial 128 with value: 0.8680985219558305.
[I 2023-08-27 14:11:23,927] Trial 179 finished with value: 0.5 and parameters: {'positive_texts': ['a picture of a human climbing a ladder', 'a video of a human approaching a fence', 'adult', 'going through a fence', 'human against a wall', 'human cutting a fence', 'ripping a fence'], 'negative_texts': ['barbed wire', 'fence', 'field at midnight', 'wall'], 'similarity_method': <SimilarityMethod.minus_human_similarity: 'minus_human_similarity'>, 'minus_similarity_weight': 0.4077989222824506, 'score_method': <TopClassificationMethod.mode: 'mode'>}. Best is trial 128 with value: 0.8680985219558305.
[I 2023-08-27 14:11:24,912] Trial 180 finished with value: 0.8085685743748389 and parameters: {'positive_texts': ['human approaching a fence', 'human climbing a ladder', 'human stepping down', 'human unlocking a door', 'human wearing white cloths', 'putting a knee down'], 'negative_texts': ['bird flying around', 'birds flying', 'rabbits', 'video with artefacts'], 'similarity_method': <SimilarityMethod.minus_human_similarity: 'minus_human_similarity'>, 'minus_similarity_weight': 0.39076123335601853, 'score_method': <ScoreMethod.mean: 'mean'>}. Best is trial 128 with value: 0.8680985219558305.
[I 2023-08-27 14:11:25,874] Trial 181 finished with value: 0.8573998882873592 and parameters: {'positive_texts': ['going through a fence', 'human against a wall', 'human unlocking a door', 'human wearing light cloths', 'person creep walking', 'putting a knee down', 'thief'], 'negative_texts': ['bird flying around', 'birds flying', 'change of colorimetry', 'picture with artefacts'], 'similarity_method': <SimilarityMethod.minus_human_similarity: 'minus_human_similarity'>, 'minus_similarity_weight': 0.42985214873107436, 'score_method': <ScoreMethod.mean: 'mean'>}. Best is trial 128 with value: 0.8680985219558305.
[I 2023-08-27 14:11:26,808] Trial 182 finished with value: 0.8585384978946463 and parameters: {'positive_texts': ['going through a fence', 'human against a wall', 'human unlocking a door', 'human wearing light cloths', 'person creep walking', 'putting a knee down', 'thief'], 'negative_texts': ['bird flying around', 'birds flying', 'change of colorimetry', 'picture with artefacts'], 'similarity_method': <SimilarityMethod.minus_human_similarity: 'minus_human_similarity'>, 'minus_similarity_weight': 0.41421803717684846, 'score_method': <ScoreMethod.mean: 'mean'>}. Best is trial 128 with value: 0.8680985219558305.
[I 2023-08-27 14:11:27,501] Trial 183 finished with value: 0.8431726389963048 and parameters: {'positive_texts': ['a picture of a human climbing a ladder', 'grayscale picture of a human', 'human wearing light cloths', 'one person'], 'negative_texts': ['bird flying around', 'birds flying', 'change of colorimetry', 'picture with artefacts'], 'similarity_method': <SimilarityMethod.minus_human_similarity: 'minus_human_similarity'>, 'minus_similarity_weight': 0.42264578570233363, 'score_method': <ScoreMethod.mean: 'mean'>}. Best is trial 128 with value: 0.8680985219558305.
[I 2023-08-27 14:11:28,203] Trial 184 finished with value: 0.7681157085159405 and parameters: {'positive_texts': ['a person running', 'human bending down', 'human unlocking a door', 'terrorist'], 'negative_texts': ['bird flying around', 'birds flying', 'change of colorimetry', 'picture with artefacts'], 'similarity_method': <SimilarityMethod.minus_human_similarity: 'minus_human_similarity'>, 'minus_similarity_weight': 0.3511739731401592, 'score_method': <ScoreMethod.mean: 'mean'>}. Best is trial 128 with value: 0.8680985219558305.
[I 2023-08-27 14:11:29,473] Trial 185 finished with value: 0.7117276789550572 and parameters: {'positive_texts': ['going through a fence', 'human against a wall', 'human unlocking a door', 'human wearing light cloths', 'person creep walking', 'putting a knee down', 'thief'], 'negative_texts': ['bag', 'black and white picture', 'black and white scene of horror movie', 'empty scene', 'foxes', 'plastic bag flying', 'rabbits'], 'similarity_method': <SimilarityMethod.minus_human_similarity: 'minus_human_similarity'>, 'minus_similarity_weight': 0.39517648931046495, 'score_method': <ScoreMethod.mean: 'mean'>}. Best is trial 128 with value: 0.8680985219558305.
[I 2023-08-27 14:11:30,574] Trial 186 finished with value: 0.7538669760247487 and parameters: {'positive_texts': ['going through a fence', 'human against a wall', 'human climbing a ladder on a fence', 'human walking', 'person'], 'negative_texts': ['animals', 'barbed wire', 'black and white scene of horror movie', 'change of colorimetry', 'grayscale picture of a fence', 'insect flying', 'picture with artefacts'], 'similarity_method': <SimilarityMethod.minus_human_similarity: 'minus_human_similarity'>, 'minus_similarity_weight': 0.43584730136567057, 'score_method': <ScoreMethod.mean: 'mean'>}. Best is trial 128 with value: 0.8680985219558305.
[I 2023-08-27 14:11:31,325] Trial 187 finished with value: 0.21326372776488783 and parameters: {'positive_texts': ['a video of a human approaching a fence', 'grayscale picture of a human', 'human holding a ladder', 'human walking'], 'negative_texts': ['bird flying around', 'birds flying', 'change of colorimetry', 'picture with artefacts'], 'similarity_method': <SimilarityMethod.minus_human_similarity: 'minus_human_similarity'>, 'minus_similarity_weight': 0.32317703992982766, 'score_method': <ScoreMethod.positive: 'positive'>}. Best is trial 128 with value: 0.8680985219558305.
[I 2023-08-27 14:11:31,975] Trial 188 finished with value: 0.44846717367018984 and parameters: {'positive_texts': ['a video of a human approaching a fence', 'human discretely moving towards a fence', 'ripping a fence', 'thief'], 'negative_texts': ['cloudy field with a fence', 'empty scene', 'insects', 'plastic bag laying on the floor'], 'similarity_method': <SimilarityMethod.minus_human_similarity: 'minus_human_similarity'>, 'minus_similarity_weight': 0.37157698737198774, 'score_method': <ScoreMethod.mean: 'mean'>}. Best is trial 128 with value: 0.8680985219558305.
[I 2023-08-27 14:11:32,883] Trial 189 finished with value: 0.4451157944487411 and parameters: {'positive_texts': ['adult', 'human going through', 'human wearing light cloths', 'person creep walking', 'terrorist'], 'negative_texts': ['bag', 'fence', 'field', 'wall'], 'similarity_method': <SimilarityMethod.minus_human_similarity: 'minus_human_similarity'>, 'minus_similarity_weight': 0.4183951833093177, 'score_method': <ScoreMethod.mean: 'mean'>}. Best is trial 128 with value: 0.8680985219558305.
[I 2023-08-27 14:11:33,997] Trial 190 finished with value: 0.6592657042193004 and parameters: {'positive_texts': ['a person running', 'a video of a human approaching', 'human cutting a fence', 'human going through a fence', 'human unlocking a door', 'ripping a fence', 'thief'], 'negative_texts': ['animals', 'barbed wire', 'black and white picture', 'fence', 'grayscale picture of a fence', 'insect flying'], 'similarity_method': <SimilarityMethod.minus_human_similarity: 'minus_human_similarity'>, 'minus_similarity_weight': 0.4743654580954107, 'score_method': <ScoreMethod.mean: 'mean'>}. Best is trial 128 with value: 0.8680985219558305.
