[I 2023-08-27 14:11:34,970] Trial 191 finished with value: 0.8558208730772535 and parameters: {'positive_texts': ['going through a fence', 'human against a wall', 'human unlocking a door', 'human wearing light cloths', 'person creep walking', 'putting a knee down', 'thief'], 'negative_texts': ['bird flying around', 'birds flying', 'change of colorimetry', 'picture with artefacts'], 'similarity_method': <SimilarityMethod.minus_human_similarity: 'minus_human_similarity'>, 'minus_similarity_weight': 0.4498082491849152, 'score_method': <ScoreMethod.mean: 'mean'>}. Best is trial 128 with value: 0.8680985219558305.
[I 2023-08-27 14:11:35,940] Trial 192 finished with value: 0.8577919566898684 and parameters: {'positive_texts': ['going through a fence', 'human against a wall', 'human unlocking a door', 'human wearing light cloths', 'person creep walking', 'putting a knee down', 'thief'], 'negative_texts': ['bird flying around', 'birds flying', 'change of colorimetry', 'picture with artefacts'], 'similarity_method': <SimilarityMethod.minus_human_similarity: 'minus_human_similarity'>, 'minus_similarity_weight': 0.4245810026659476, 'score_method': <ScoreMethod.mean: 'mean'>}. Best is trial 128 with value: 0.8680985219558305.
[I 2023-08-27 14:11:37,076] Trial 193 finished with value: 0.6729558735069177 and parameters: {'positive_texts': ['going through a fence', 'human against a wall', 'human unlocking a door', 'human wearing light cloths', 'person creep walking', 'putting a knee down', 'thief'], 'negative_texts': ['bird flying around', 'cloudy field with a fence', 'fence', 'field', 'plastic bag flying'], 'similarity_method': <SimilarityMethod.minus_human_similarity: 'minus_human_similarity'>, 'minus_similarity_weight': 0.39864865272800754, 'score_method': <ScoreMethod.mean: 'mean'>}. Best is trial 128 with value: 0.8680985219558305.
[I 2023-08-27 14:11:38,106] Trial 194 finished with value: 0.8580175302913122 and parameters: {'positive_texts': ['going through a fence', 'human against a wall', 'human unlocking a door', 'human wearing light cloths', 'person creep walking', 'putting a knee down', 'thief'], 'negative_texts': ['bird flying around', 'birds flying', 'change of colorimetry', 'picture with artefacts'], 'similarity_method': <SimilarityMethod.minus_human_similarity: 'minus_human_similarity'>, 'minus_similarity_weight': 0.42250542146602516, 'score_method': <ScoreMethod.mean: 'mean'>}. Best is trial 128 with value: 0.8680985219558305.
[I 2023-08-27 14:11:39,143] Trial 195 finished with value: 0.8529528658588983 and parameters: {'positive_texts': ['going through a fence', 'human against a wall', 'human climbing a ladder on a fence', 'human walking', 'person'], 'negative_texts': ['bird flying around', 'birds flying', 'change of colorimetry', 'picture with artefacts'], 'similarity_method': <SimilarityMethod.minus_human_similarity: 'minus_human_similarity'>, 'minus_similarity_weight': 0.4292004954526663, 'score_method': <ScoreMethod.mean: 'mean'>}. Best is trial 128 with value: 0.8680985219558305.
[I 2023-08-27 14:11:40,119] Trial 196 finished with value: 0.541124215863195 and parameters: {'positive_texts': ['black and white picture of a human', 'human climbing a ladder', 'human stepping down', 'human wearing light cloths'], 'negative_texts': ['bird flying around', 'cloudy field with a fence', 'field with green grass', 'insects', 'picture with artefacts', 'plastic bag laying on the floor'], 'similarity_method': <SimilarityMethod.minus_human_similarity: 'minus_human_similarity'>, 'minus_similarity_weight': 0.3810310537810653, 'score_method': <ScoreMethod.mean: 'mean'>}. Best is trial 128 with value: 0.8680985219558305.
[I 2023-08-27 14:11:41,258] Trial 197 finished with value: 0.8037509667440061 and parameters: {'positive_texts': ['a human running', 'a video of a human approaching', 'going through a fence', 'human unlocking a door', 'person creep walking', 'terrorist'], 'negative_texts': ['bird flying around', 'birds flying', 'change of colorimetry', 'picture with artefacts'], 'similarity_method': <SimilarityMethod.minus_human_similarity: 'minus_human_similarity'>, 'minus_similarity_weight': 0.46231878285713107, 'score_method': <ScoreMethod.mean: 'mean'>}. Best is trial 128 with value: 0.8680985219558305.
[I 2023-08-27 14:11:42,306] Trial 198 finished with value: 0.6881391252040905 and parameters: {'positive_texts': ['human bending down', 'human cutting a fence', 'ladder leaning against a fence', 'person creep walking'], 'negative_texts': ['bird flying around', 'empty scene', 'field at midnight', 'grayscale picture of a fence', 'insects', 'plastic bag flying'], 'similarity_method': <SimilarityMethod.minus_human_similarity: 'minus_human_similarity'>, 'minus_similarity_weight': 0.4143613708022774, 'score_method': <ScoreMethod.mean: 'mean'>}. Best is trial 128 with value: 0.8680985219558305.
[I 2023-08-27 14:11:43,580] Trial 199 finished with value: 0.5646644324138524 and parameters: {'positive_texts': ['going through a fence', 'human against a wall', 'human unlocking a door', 'human wearing light cloths', 'person creep walking', 'putting a knee down', 'thief'], 'negative_texts': ['barbed wire', 'field with green grass', 'field', 'picture with artefacts', 'plastic bag flying', 'plastic bag laying on the floor', 'rabbits'], 'similarity_method': <SimilarityMethod.minus_human_similarity: 'minus_human_similarity'>, 'minus_similarity_weight': 0.3414646549989969, 'score_method': <ScoreMethod.mean: 'mean'>}. Best is trial 128 with value: 0.8680985219558305.
/Users/schaller/development/unifr/master/0_datasets/ilids/results/actionclip/hparam.py:324: ExperimentalWarning:

plot_rank is experimental (supported from v3.2.0). The interface can change in the future.

