objc[7317]: Class AVFFrameReceiver is implemented in both /Users/schaller/development/unifr/master/0_datasets/ilids/.venv/lib/python3.10/site-packages/av/.dylibs/libavdevice.58.13.100.dylib (0x128f70f98) and /usr/local/Cellar/ffmpeg@5/5.1.3/lib/libavdevice.59.7.100.dylib (0x16894f378). One of the two will be used. Which one is undefined.
objc[7317]: Class AVFAudioReceiver is implemented in both /Users/schaller/development/unifr/master/0_datasets/ilids/.venv/lib/python3.10/site-packages/av/.dylibs/libavdevice.58.13.100.dylib (0x128f70fe8) and /usr/local/Cellar/ffmpeg@5/5.1.3/lib/libavdevice.59.7.100.dylib (0x16894f3c8). One of the two will be used. Which one is undefined.
[I 2023-08-27 14:34:58,260] A new study created in memory with name: no-name-ac567fdc-7852-4999-9e06-45e4a821d7b2
[I 2023-08-27 14:34:59,942] Trial 0 finished with value: 0.29744298696844995 and parameters: {'positive_texts': ['grayscale picture of a human', 'human bending down', 'human stepping down', 'ladder leaning against a fence', 'person crip walking', 'terrorist'], 'negative_texts': ['empty scene', 'field', 'foxes', 'grayscale picture of a fence', 'insect flying', 'insects', 'video with artefacts'], 'similarity_method': <SimilarityMethod.minus_human_similarity: 'minus_human_similarity'>, 'minus_similarity_weight': 0.5509691980984022, 'score_method': <ScoreMethod.positive: 'positive'>}. Best is trial 0 with value: 0.29744298696844995.
[I 2023-08-27 14:35:00,841] Trial 1 finished with value: 0.5 and parameters: {'positive_texts': ['going through a fence', 'human against a wall', 'human climbing a ladder on a fence', 'human walking', 'person'], 'negative_texts': ['empty scene', 'field with green grass', 'horror movie scene', 'rabbits', 'wall'], 'similarity_method': <SimilarityMethod.minus_human_similarity: 'minus_human_similarity'>, 'minus_similarity_weight': 0.7005133071335812, 'score_method': <TopClassificationMethod.mode: 'mode'>}. Best is trial 1 with value: 0.5.
[I 2023-08-27 14:35:01,640] Trial 2 finished with value: 0.36816808127572015 and parameters: {'positive_texts': ['a video of a human approaching a fence', 'going through a fence', 'human going through a fence', 'human wearing white cloths', 'one person'], 'negative_texts': ['bag', 'black and white scene of horror movie', 'horror movie scene', 'insects', 'rabbits'], 'similarity_method': <SimilarityMethod.minus_human_similarity: 'minus_human_similarity'>, 'minus_similarity_weight': 0.6061904043192812, 'score_method': <ScoreMethod.mean: 'mean'>}. Best is trial 1 with value: 0.5.
[I 2023-08-27 14:35:02,372] Trial 3 finished with value: 0.4814814814814815 and parameters: {'positive_texts': ['a video of a human approaching a fence', 'going through a fence', 'human going through a fence', 'human wearing white cloths', 'one person'], 'negative_texts': ['barbed wire', 'field at midnight', 'foxes', 'plastic bag flying'], 'similarity_method': <SimilarityMethod.dot_product: 'dot_product'>, 'score_method': <TopClassificationMethod.mode: 'mode'>}. Best is trial 1 with value: 0.5.
[I 2023-08-27 14:35:03,654] Trial 4 finished with value: 0.5 and parameters: {'positive_texts': ['a video of a human approaching', 'an adult running', 'black and white picture of a human', 'human going through', 'human unlocking a door', 'human wearing a coat', 'terrorist'], 'negative_texts': ['bird flying around', 'cloudy field with a fence', 'field with green grass', 'field', 'insect flying', 'plastic bag laying on the floor'], 'similarity_method': <SimilarityMethod.minus_human_features: 'minus_human_features'>, 'score_method': <TopClassificationMethod.mode: 'mode'>}. Best is trial 1 with value: 0.5.
[I 2023-08-27 14:35:05,137] Trial 5 finished with value: 0.5358796296296295 and parameters: {'positive_texts': ['a person running', 'human bending down', 'human unlocking a door', 'terrorist'], 'negative_texts': ['barbed wire', 'change of colorimetry', 'empty scene', 'grayscale picture of a fence', 'video with artefacts'], 'similarity_method': <SimilarityMethod.minus_human_similarity: 'minus_human_similarity'>, 'minus_similarity_weight': 0.3716249586151301, 'score_method': <TopClassificationMethod.any: 'any'>}. Best is trial 5 with value: 0.5358796296296295.
[I 2023-08-27 14:35:06,437] Trial 6 finished with value: 0.24815136316872427 and parameters: {'positive_texts': ['human approaching a fence', 'human bending down', 'human climbing a ladder', 'human walking', 'ladder leaning against a fence', 'person'], 'negative_texts': ['barbed wire', 'birds flying', 'black and white picture', 'black and white scene of horror movie', 'empty scene', 'field', 'plastic bag flying'], 'similarity_method': <SimilarityMethod.dot_product: 'dot_product'>, 'score_method': <ScoreMethod.positive: 'positive'>}. Best is trial 5 with value: 0.5358796296296295.
[I 2023-08-27 14:35:07,519] Trial 7 finished with value: 0.5 and parameters: {'positive_texts': ['a person running', 'black and white picture of a human', 'human climbing a ladder on a fence', 'human discretely moving towards a fence', 'human unlocking a door', 'putting a knee down'], 'negative_texts': ['empty scene', 'field at midnight', 'grayscale picture of a fence', 'insect flying', 'wall'], 'similarity_method': <SimilarityMethod.minus_human_similarity: 'minus_human_similarity'>, 'minus_similarity_weight': 0.49307667281261347, 'score_method': <TopClassificationMethod.max_sum: 'max_sum'>}. Best is trial 5 with value: 0.5358796296296295.
[I 2023-08-27 14:35:08,495] Trial 8 finished with value: 0.5 and parameters: {'positive_texts': ['a person running', 'human bending down', 'human unlocking a door', 'terrorist'], 'negative_texts': ['animals', 'birds flying', 'cloudy field with a fence', 'empty scene', 'fence', 'grayscale picture of a fence', 'insect flying'], 'similarity_method': <SimilarityMethod.minus_human_similarity: 'minus_human_similarity'>, 'minus_similarity_weight': 0.8777366939634123, 'score_method': <TopClassificationMethod.any: 'any'>}. Best is trial 5 with value: 0.5358796296296295.
[I 2023-08-27 14:35:09,578] Trial 9 finished with value: 0.5 and parameters: {'positive_texts': ['a picture of a human climbing a ladder', 'a video of a human approaching a fence', 'adult', 'going through a fence', 'human against a wall', 'human cutting a fence', 'ripping a fence'], 'negative_texts': ['animals', 'bag', 'black and white picture', 'plastic bag flying', 'wall'], 'similarity_method': <SimilarityMethod.minus_human_similarity: 'minus_human_similarity'>, 'minus_similarity_weight': 0.26045056298421426, 'score_method': <TopClassificationMethod.mode: 'mode'>}. Best is trial 5 with value: 0.5358796296296295.
[I 2023-08-27 14:35:10,605] Trial 10 finished with value: 0.5 and parameters: {'positive_texts': ['a picture of a human climbing a ladder', 'grayscale picture of a human', 'human wearing light cloths', 'one person'], 'negative_texts': ['bag', 'bird flying around', 'cloudy field with a fence', 'field with green grass', 'insect flying', 'insects'], 'similarity_method': <SimilarityMethod.minus_human_features: 'minus_human_features'>, 'score_method': <TopClassificationMethod.any: 'any'>}. Best is trial 5 with value: 0.5358796296296295.
[I 2023-08-27 14:35:11,406] Trial 11 finished with value: 0.5 and parameters: {'positive_texts': ['going through a fence', 'human against a wall', 'human climbing a ladder on a fence', 'human walking', 'person'], 'negative_texts': ['barbed wire', 'change of colorimetry', 'empty scene', 'grayscale picture of a fence', 'video with artefacts'], 'similarity_method': <SimilarityMethod.minus_human_similarity: 'minus_human_similarity'>, 'minus_similarity_weight': 0.1653752555921853, 'score_method': <TopClassificationMethod.any: 'any'>}. Best is trial 5 with value: 0.5358796296296295.
[I 2023-08-27 14:35:12,508] Trial 12 finished with value: 0.6751918295610424 and parameters: {'positive_texts': ['a picture of a human climbing a ladder', 'a video of a human approaching a fence', 'human climbing a ladder', 'human kneeling down', 'human making small steps', 'human wearing dark clothes', 'human wearing white cloths'], 'negative_texts': ['black and white picture', 'fence', 'field with green grass', 'picture with artefacts', 'plastic bag flying'], 'similarity_method': <SimilarityMethod.minus_human_similarity: 'minus_human_similarity'>, 'minus_similarity_weight': 0.3811016886956352, 'score_method': <ScoreMethod.mean: 'mean'>}. Best is trial 12 with value: 0.6751918295610424.
[I 2023-08-27 14:35:13,900] Trial 13 finished with value: 0.5641932441700961 and parameters: {'positive_texts': ['a human running', 'an adult running', 'human against a wall', 'human climbing a ladder', 'human cutting', 'terrorist'], 'negative_texts': ['field at midnight', 'foxes', 'insect flying', 'picture with artefacts'], 'similarity_method': <SimilarityMethod.minus_human_features: 'minus_human_features'>, 'score_method': <ScoreMethod.mean: 'mean'>}. Best is trial 12 with value: 0.6751918295610424.
[I 2023-08-27 14:35:14,953] Trial 14 finished with value: 0.5871431327160493 and parameters: {'positive_texts': ['a human running', 'an adult running', 'human against a wall', 'human climbing a ladder', 'human cutting', 'terrorist'], 'negative_texts': ['black and white picture', 'fence', 'field with green grass', 'picture with artefacts', 'plastic bag flying'], 'similarity_method': <SimilarityMethod.minus_human_features: 'minus_human_features'>, 'score_method': <ScoreMethod.mean: 'mean'>}. Best is trial 12 with value: 0.6751918295610424.
[I 2023-08-27 14:35:16,075] Trial 15 finished with value: 0.6057259516460906 and parameters: {'positive_texts': ['a picture of a human climbing a ladder', 'a video of a human approaching a fence', 'human climbing a ladder', 'human kneeling down', 'human making small steps', 'human wearing dark clothes', 'human wearing white cloths'], 'negative_texts': ['bird flying around', 'cloudy field with a fence', 'field with green grass', 'foxes', 'grayscale picture of a fence', 'plastic bag laying on the floor'], 'similarity_method': <SimilarityMethod.minus_human_features: 'minus_human_features'>, 'score_method': <ScoreMethod.mean: 'mean'>}. Best is trial 12 with value: 0.6751918295610424.
[I 2023-08-27 14:35:17,319] Trial 16 finished with value: 0.6297314386145404 and parameters: {'positive_texts': ['grayscale picture of a human', 'human approaching a fence', 'human going through a fence', 'human wearing a coat', 'putting a knee down', 'thief'], 'negative_texts': ['animals', 'barbed wire', 'black and white scene of horror movie', 'change of colorimetry', 'grayscale picture of a fence', 'insect flying', 'picture with artefacts'], 'similarity_method': <SimilarityMethod.minus_human_features: 'minus_human_features'>, 'score_method': <ScoreMethod.mean: 'mean'>}. Best is trial 12 with value: 0.6751918295610424.
[I 2023-08-27 14:35:18,530] Trial 17 finished with value: 0.6225351508916324 and parameters: {'positive_texts': ['grayscale picture of a human', 'human approaching a fence', 'human going through a fence', 'human wearing a coat', 'putting a knee down', 'thief'], 'negative_texts': ['bag', 'fence', 'field', 'wall'], 'similarity_method': <SimilarityMethod.dot_product: 'dot_product'>, 'score_method': <ScoreMethod.mean: 'mean'>}. Best is trial 12 with value: 0.6751918295610424.
[I 2023-08-27 14:35:19,834] Trial 18 finished with value: 0.5 and parameters: {'positive_texts': ['adult', 'grayscale picture of a human', 'human cutting a fence', 'human unlocking a door', 'putting a knee down'], 'negative_texts': ['animals', 'barbed wire', 'black and white scene of horror movie', 'change of colorimetry', 'grayscale picture of a fence', 'insect flying', 'picture with artefacts'], 'similarity_method': <SimilarityMethod.minus_human_features: 'minus_human_features'>, 'score_method': <TopClassificationMethod.max_sum: 'max_sum'>}. Best is trial 12 with value: 0.6751918295610424.
[I 2023-08-27 14:35:21,143] Trial 19 finished with value: 0.6675668724279835 and parameters: {'positive_texts': ['human discretely moving towards a fence', 'ladder leaning against a fence', 'person', 'putting a knee down'], 'negative_texts': ['bird flying around', 'empty scene', 'field at midnight', 'grayscale picture of a fence', 'insects', 'plastic bag flying'], 'similarity_method': <SimilarityMethod.minus_human_features: 'minus_human_features'>, 'score_method': <ScoreMethod.mean: 'mean'>}. Best is trial 12 with value: 0.6751918295610424.
[I 2023-08-27 14:35:22,352] Trial 20 finished with value: 0.6393818587105624 and parameters: {'positive_texts': ['human discretely moving towards a fence', 'ladder leaning against a fence', 'person', 'putting a knee down'], 'negative_texts': ['bird flying around', 'empty scene', 'field at midnight', 'grayscale picture of a fence', 'insects', 'plastic bag flying'], 'similarity_method': <SimilarityMethod.dot_product: 'dot_product'>, 'score_method': <ScoreMethod.mean: 'mean'>}. Best is trial 12 with value: 0.6751918295610424.
[I 2023-08-27 14:35:23,649] Trial 21 finished with value: 0.6774209104938271 and parameters: {'positive_texts': ['a picture of a human climbing a ladder', 'a video of a human approaching a fence', 'human climbing a ladder', 'human kneeling down', 'human making small steps', 'human wearing dark clothes', 'human wearing white cloths'], 'negative_texts': ['black and white picture', 'fence', 'field with green grass', 'picture with artefacts', 'plastic bag flying'], 'similarity_method': <SimilarityMethod.dot_product: 'dot_product'>, 'score_method': <ScoreMethod.mean: 'mean'>}. Best is trial 21 with value: 0.6774209104938271.
[I 2023-08-27 14:35:24,966] Trial 22 finished with value: 0.6774209104938271 and parameters: {'positive_texts': ['a picture of a human climbing a ladder', 'a video of a human approaching a fence', 'human climbing a ladder', 'human kneeling down', 'human making small steps', 'human wearing dark clothes', 'human wearing white cloths'], 'negative_texts': ['black and white picture', 'fence', 'field with green grass', 'picture with artefacts', 'plastic bag flying'], 'similarity_method': <SimilarityMethod.dot_product: 'dot_product'>, 'score_method': <ScoreMethod.mean: 'mean'>}. Best is trial 21 with value: 0.6774209104938271.
[I 2023-08-27 14:35:26,405] Trial 23 finished with value: 0.5981652949245542 and parameters: {'positive_texts': ['a picture of a human climbing a ladder', 'a video of a human approaching a fence', 'human climbing a ladder', 'human kneeling down', 'human making small steps', 'human wearing dark clothes', 'human wearing white cloths'], 'negative_texts': ['animals', 'field at midnight', 'field with green grass', 'foxes', 'horror movie scene', 'insect flying', 'wall'], 'similarity_method': <SimilarityMethod.dot_product: 'dot_product'>, 'score_method': <ScoreMethod.mean: 'mean'>}. Best is trial 21 with value: 0.6774209104938271.
[I 2023-08-27 14:35:27,663] Trial 24 finished with value: 0.6774209104938271 and parameters: {'positive_texts': ['a picture of a human climbing a ladder', 'a video of a human approaching a fence', 'human climbing a ladder', 'human kneeling down', 'human making small steps', 'human wearing dark clothes', 'human wearing white cloths'], 'negative_texts': ['black and white picture', 'fence', 'field with green grass', 'picture with artefacts', 'plastic bag flying'], 'similarity_method': <SimilarityMethod.dot_product: 'dot_product'>, 'score_method': <ScoreMethod.mean: 'mean'>}. Best is trial 21 with value: 0.6774209104938271.
[I 2023-08-27 14:35:29,054] Trial 25 finished with value: 0.3918574245541838 and parameters: {'positive_texts': ['a picture of a human climbing a ladder', 'a video of a human approaching a fence', 'human climbing a ladder', 'human kneeling down', 'human making small steps', 'human wearing dark clothes', 'human wearing white cloths'], 'negative_texts': ['black and white picture', 'fence', 'field with green grass', 'picture with artefacts', 'plastic bag flying'], 'similarity_method': <SimilarityMethod.dot_product: 'dot_product'>, 'score_method': <ScoreMethod.positive: 'positive'>}. Best is trial 21 with value: 0.6774209104938271.
[I 2023-08-27 14:35:30,420] Trial 26 finished with value: 0.5537283521947873 and parameters: {'positive_texts': ['a person running', 'adult', 'an adult running', 'human climbing a ladder on a fence', 'human cutting', 'human stepping down', 'one person'], 'negative_texts': ['black and white picture', 'fence', 'field with green grass', 'picture with artefacts', 'plastic bag flying'], 'similarity_method': <SimilarityMethod.dot_product: 'dot_product'>, 'score_method': <ScoreMethod.mean: 'mean'>}. Best is trial 21 with value: 0.6774209104938271.
[I 2023-08-27 14:35:31,625] Trial 27 finished with value: 0.49074074074074076 and parameters: {'positive_texts': ['a person running', 'human going through a fence', 'human making small steps', 'human unlocking a door', 'human walking', 'one person', 'putting a knee down'], 'negative_texts': ['animals', 'black and white scene of horror movie', 'plastic bag laying on the floor', 'video with artefacts'], 'similarity_method': <SimilarityMethod.dot_product: 'dot_product'>, 'score_method': <TopClassificationMethod.max_sum: 'max_sum'>}. Best is trial 21 with value: 0.6774209104938271.
[I 2023-08-27 14:35:32,994] Trial 28 finished with value: 0.592196073388203 and parameters: {'positive_texts': ['a video of a human approaching', 'grayscale picture of a human', 'human approaching a fence', 'human going through', 'human stepping down', 'human', 'ripping a fence'], 'negative_texts': ['bird flying around', 'cloudy field with a fence', 'field with green grass', 'insects', 'picture with artefacts', 'plastic bag laying on the floor'], 'similarity_method': <SimilarityMethod.dot_product: 'dot_product'>, 'score_method': <ScoreMethod.mean: 'mean'>}. Best is trial 21 with value: 0.6774209104938271.
[I 2023-08-27 14:35:33,936] Trial 29 finished with value: 0.20599172668038407 and parameters: {'positive_texts': ['a video of a human approaching a fence', 'grayscale picture of a human', 'human holding a ladder', 'human walking'], 'negative_texts': ['bird flying around', 'birds flying', 'change of colorimetry', 'picture with artefacts'], 'similarity_method': <SimilarityMethod.dot_product: 'dot_product'>, 'score_method': <ScoreMethod.positive: 'positive'>}. Best is trial 21 with value: 0.6774209104938271.
[I 2023-08-27 14:35:35,172] Trial 30 finished with value: 0.5159786522633745 and parameters: {'positive_texts': ['black and white picture of a human', 'human cutting a fence', 'human cutting', 'human wearing light cloths', 'ripping a fence', 'thief'], 'negative_texts': ['animals', 'barbed wire', 'black and white scene of horror movie', 'insect flying', 'insects'], 'similarity_method': <SimilarityMethod.dot_product: 'dot_product'>, 'score_method': <ScoreMethod.mean: 'mean'>}. Best is trial 21 with value: 0.6774209104938271.
[I 2023-08-27 14:35:36,676] Trial 31 finished with value: 0.6774209104938271 and parameters: {'positive_texts': ['a picture of a human climbing a ladder', 'a video of a human approaching a fence', 'human climbing a ladder', 'human kneeling down', 'human making small steps', 'human wearing dark clothes', 'human wearing white cloths'], 'negative_texts': ['black and white picture', 'fence', 'field with green grass', 'picture with artefacts', 'plastic bag flying'], 'similarity_method': <SimilarityMethod.dot_product: 'dot_product'>, 'score_method': <ScoreMethod.mean: 'mean'>}. Best is trial 21 with value: 0.6774209104938271.
[I 2023-08-27 14:35:37,744] Trial 32 finished with value: 0.6321748542524006 and parameters: {'positive_texts': ['an adult running', 'human approaching a fence', 'human making small steps', 'human walking', 'person crip walking'], 'negative_texts': ['barbed wire', 'fence', 'field at midnight', 'wall'], 'similarity_method': <SimilarityMethod.dot_product: 'dot_product'>, 'score_method': <ScoreMethod.mean: 'mean'>}. Best is trial 21 with value: 0.6774209104938271.
[I 2023-08-27 14:35:39,037] Trial 33 finished with value: 0.806750471536351 and parameters: {'positive_texts': ['going through a fence', 'human against a wall', 'human unlocking a door', 'human wearing light cloths', 'person creep walking', 'putting a knee down', 'thief'], 'negative_texts': ['bird flying around', 'cloudy field with a fence', 'fence', 'field', 'plastic bag flying'], 'similarity_method': <SimilarityMethod.dot_product: 'dot_product'>, 'score_method': <ScoreMethod.mean: 'mean'>}. Best is trial 33 with value: 0.806750471536351.
[I 2023-08-27 14:35:40,613] Trial 34 finished with value: 0.586414394718793 and parameters: {'positive_texts': ['going through a fence', 'human against a wall', 'human unlocking a door', 'human wearing light cloths', 'person creep walking', 'putting a knee down', 'thief'], 'negative_texts': ['animals', 'birds flying', 'black and white scene of horror movie', 'insects', 'plastic bag flying', 'plastic bag laying on the floor', 'rabbits'], 'similarity_method': <SimilarityMethod.dot_product: 'dot_product'>, 'score_method': <ScoreMethod.mean: 'mean'>}. Best is trial 33 with value: 0.806750471536351.
[I 2023-08-27 14:35:41,589] Trial 35 finished with value: 0.5844907407407408 and parameters: {'positive_texts': ['a video of a human approaching', 'human unlocking a door', 'human wearing white cloths', 'human'], 'negative_texts': ['bird flying around', 'cloudy field with a fence', 'fence', 'field', 'plastic bag flying'], 'similarity_method': <SimilarityMethod.dot_product: 'dot_product'>, 'score_method': <TopClassificationMethod.mode: 'mode'>}. Best is trial 33 with value: 0.806750471536351.
