[I 2023-08-27 14:36:25,211] Trial 76 finished with value: 0.5691658093278464 and parameters: {'positive_texts': ['a person running', 'a video of a human approaching', 'human cutting a fence', 'human going through a fence', 'human unlocking a door', 'ripping a fence', 'thief'], 'negative_texts': ['bird flying around', 'birds flying', 'rabbits', 'video with artefacts'], 'similarity_method': <SimilarityMethod.dot_product: 'dot_product'>, 'score_method': <ScoreMethod.mean: 'mean'>}. Best is trial 53 with value: 0.8242455418381345.
[I 2023-08-27 14:36:26,291] Trial 77 finished with value: 0.2701260288065844 and parameters: {'positive_texts': ['grayscale picture of a human', 'human stepping down', 'one person', 'putting a knee down'], 'negative_texts': ['bag', 'bird flying around', 'cloudy field with a fence', 'field with green grass', 'insect flying', 'insects'], 'similarity_method': <SimilarityMethod.dot_product: 'dot_product'>, 'score_method': <ScoreMethod.positive: 'positive'>}. Best is trial 53 with value: 0.8242455418381345.
[I 2023-08-27 14:36:27,518] Trial 78 finished with value: 0.7039609053497943 and parameters: {'positive_texts': ['a video of a human approaching a fence', 'going through a fence', 'human going through a fence', 'human wearing white cloths', 'one person'], 'negative_texts': ['bag', 'bird flying around', 'birds flying', 'black and white scene of horror movie', 'fence', 'picture with artefacts'], 'similarity_method': <SimilarityMethod.minus_human_features: 'minus_human_features'>, 'score_method': <ScoreMethod.mean: 'mean'>}. Best is trial 53 with value: 0.8242455418381345.
[I 2023-08-27 14:36:28,841] Trial 79 finished with value: 0.5104916838134431 and parameters: {'positive_texts': ['human approaching a fence', 'human bending down', 'human climbing a ladder', 'human walking', 'ladder leaning against a fence', 'person'], 'negative_texts': ['barbed wire', 'birds flying', 'black and white picture', 'black and white scene of horror movie', 'empty scene', 'field', 'plastic bag flying'], 'similarity_method': <SimilarityMethod.dot_product: 'dot_product'>, 'score_method': <ScoreMethod.mean: 'mean'>}. Best is trial 53 with value: 0.8242455418381345.
[I 2023-08-27 14:36:30,024] Trial 80 finished with value: 0.679832175925926 and parameters: {'positive_texts': ['a person running', 'black and white picture of a human', 'human climbing a ladder on a fence', 'human discretely moving towards a fence', 'human unlocking a door', 'putting a knee down'], 'negative_texts': ['empty scene', 'field at midnight', 'grayscale picture of a fence', 'insect flying', 'wall'], 'similarity_method': <SimilarityMethod.minus_human_similarity: 'minus_human_similarity'>, 'minus_similarity_weight': 0.8043939294164848, 'score_method': <ScoreMethod.mean: 'mean'>}. Best is trial 53 with value: 0.8242455418381345.
[I 2023-08-27 14:36:31,066] Trial 81 finished with value: 0.7600951646090535 and parameters: {'positive_texts': ['adult', 'human wearing a coat', 'terrorist', 'thief'], 'negative_texts': ['barbed wire', 'birds flying', 'cloudy field with a fence', 'field', 'wall'], 'similarity_method': <SimilarityMethod.minus_human_similarity: 'minus_human_similarity'>, 'minus_similarity_weight': 0.7089460181248816, 'score_method': <ScoreMethod.mean: 'mean'>}. Best is trial 53 with value: 0.8242455418381345.
[I 2023-08-27 14:36:32,144] Trial 82 finished with value: 0.7580804183813442 and parameters: {'positive_texts': ['adult', 'human wearing a coat', 'terrorist', 'thief'], 'negative_texts': ['barbed wire', 'birds flying', 'cloudy field with a fence', 'field', 'wall'], 'similarity_method': <SimilarityMethod.minus_human_similarity: 'minus_human_similarity'>, 'minus_similarity_weight': 0.7247151450603665, 'score_method': <ScoreMethod.mean: 'mean'>}. Best is trial 53 with value: 0.8242455418381345.
[I 2023-08-27 14:36:33,152] Trial 83 finished with value: 0.7585358796296295 and parameters: {'positive_texts': ['adult', 'human wearing a coat', 'terrorist', 'thief'], 'negative_texts': ['barbed wire', 'birds flying', 'cloudy field with a fence', 'field', 'wall'], 'similarity_method': <SimilarityMethod.minus_human_similarity: 'minus_human_similarity'>, 'minus_similarity_weight': 0.7205489061341956, 'score_method': <ScoreMethod.mean: 'mean'>}. Best is trial 53 with value: 0.8242455418381345.
[I 2023-08-27 14:36:34,183] Trial 84 finished with value: 0.7598165294924555 and parameters: {'positive_texts': ['adult', 'human wearing a coat', 'terrorist', 'thief'], 'negative_texts': ['barbed wire', 'birds flying', 'cloudy field with a fence', 'field', 'wall'], 'similarity_method': <SimilarityMethod.minus_human_similarity: 'minus_human_similarity'>, 'minus_similarity_weight': 0.7112226984201748, 'score_method': <ScoreMethod.mean: 'mean'>}. Best is trial 53 with value: 0.8242455418381345.
[I 2023-08-27 14:36:35,532] Trial 85 finished with value: 0.748965835048011 and parameters: {'positive_texts': ['adult', 'human wearing a coat', 'terrorist', 'thief'], 'negative_texts': ['animals', 'birds flying', 'cloudy field with a fence', 'empty scene', 'fence', 'grayscale picture of a fence', 'insect flying'], 'similarity_method': <SimilarityMethod.minus_human_similarity: 'minus_human_similarity'>, 'minus_similarity_weight': 0.6877832892066267, 'score_method': <ScoreMethod.mean: 'mean'>}. Best is trial 53 with value: 0.8242455418381345.
[I 2023-08-27 14:36:36,878] Trial 86 finished with value: 0.5 and parameters: {'positive_texts': ['a picture of a human climbing a ladder', 'a video of a human approaching a fence', 'adult', 'going through a fence', 'human against a wall', 'human cutting a fence', 'ripping a fence'], 'negative_texts': ['animals', 'bag', 'black and white picture', 'plastic bag flying', 'wall'], 'similarity_method': <SimilarityMethod.minus_human_similarity: 'minus_human_similarity'>, 'minus_similarity_weight': 0.603779913019106, 'score_method': <TopClassificationMethod.any: 'any'>}. Best is trial 53 with value: 0.8242455418381345.
[I 2023-08-27 14:36:37,935] Trial 87 finished with value: 0.5370531121399177 and parameters: {'positive_texts': ['going through a fence', 'human against a wall', 'human climbing a ladder on a fence', 'human walking', 'person'], 'negative_texts': ['field at midnight', 'foxes', 'insect flying', 'picture with artefacts'], 'similarity_method': <SimilarityMethod.minus_human_similarity: 'minus_human_similarity'>, 'minus_similarity_weight': 0.6616591459592496, 'score_method': <ScoreMethod.mean: 'mean'>}. Best is trial 53 with value: 0.8242455418381345.
[I 2023-08-27 14:36:38,980] Trial 88 finished with value: 0.7610168038408779 and parameters: {'positive_texts': ['a picture of a human climbing a ladder', 'grayscale picture of a human', 'human wearing light cloths', 'one person'], 'negative_texts': ['barbed wire', 'birds flying', 'cloudy field with a fence', 'field', 'wall'], 'similarity_method': <SimilarityMethod.minus_human_similarity: 'minus_human_similarity'>, 'minus_similarity_weight': 0.569040563880581, 'score_method': <ScoreMethod.mean: 'mean'>}. Best is trial 53 with value: 0.8242455418381345.
[I 2023-08-27 14:36:39,950] Trial 89 finished with value: 0.5347222222222222 and parameters: {'positive_texts': ['a picture of a human climbing a ladder', 'grayscale picture of a human', 'human wearing light cloths', 'one person'], 'negative_texts': ['bag', 'fence', 'field', 'wall'], 'similarity_method': <SimilarityMethod.minus_human_similarity: 'minus_human_similarity'>, 'minus_similarity_weight': 0.5466526245797151, 'score_method': <TopClassificationMethod.mode: 'mode'>}. Best is trial 53 with value: 0.8242455418381345.
[I 2023-08-27 14:36:41,245] Trial 90 finished with value: 0.5300925925925926 and parameters: {'positive_texts': ['a picture of a human climbing a ladder', 'grayscale picture of a human', 'human wearing light cloths', 'one person'], 'negative_texts': ['bird flying around', 'cloudy field with a fence', 'field with green grass', 'foxes', 'grayscale picture of a fence', 'plastic bag laying on the floor'], 'similarity_method': <SimilarityMethod.minus_human_similarity: 'minus_human_similarity'>, 'minus_similarity_weight': 0.5706897100261872, 'score_method': <TopClassificationMethod.max_sum: 'max_sum'>}. Best is trial 53 with value: 0.8242455418381345.
[I 2023-08-27 14:36:42,387] Trial 91 finished with value: 0.7607649605624142 and parameters: {'positive_texts': ['adult', 'human wearing a coat', 'terrorist', 'thief'], 'negative_texts': ['barbed wire', 'birds flying', 'cloudy field with a fence', 'field', 'wall'], 'similarity_method': <SimilarityMethod.minus_human_similarity: 'minus_human_similarity'>, 'minus_similarity_weight': 0.7025456708717374, 'score_method': <ScoreMethod.mean: 'mean'>}. Best is trial 53 with value: 0.8242455418381345.
[I 2023-08-27 14:36:43,555] Trial 92 finished with value: 0.769386574074074 and parameters: {'positive_texts': ['adult', 'human wearing a coat', 'terrorist', 'thief'], 'negative_texts': ['barbed wire', 'birds flying', 'cloudy field with a fence', 'field', 'wall'], 'similarity_method': <SimilarityMethod.minus_human_similarity: 'minus_human_similarity'>, 'minus_similarity_weight': 0.63861471503976, 'score_method': <ScoreMethod.mean: 'mean'>}. Best is trial 53 with value: 0.8242455418381345.
[I 2023-08-27 14:36:44,925] Trial 93 finished with value: 0.6827792781207133 and parameters: {'positive_texts': ['a person running', 'human going through a fence', 'human making small steps', 'human unlocking a door', 'human walking', 'one person', 'putting a knee down'], 'negative_texts': ['barbed wire', 'change of colorimetry', 'empty scene', 'grayscale picture of a fence', 'video with artefacts'], 'similarity_method': <SimilarityMethod.minus_human_similarity: 'minus_human_similarity'>, 'minus_similarity_weight': 0.6076278529747564, 'score_method': <ScoreMethod.mean: 'mean'>}. Best is trial 53 with value: 0.8242455418381345.
[I 2023-08-27 14:36:46,328] Trial 94 finished with value: 0.7180694873113855 and parameters: {'positive_texts': ['a person running', 'adult', 'an adult running', 'human climbing a ladder on a fence', 'human cutting', 'human stepping down', 'one person'], 'negative_texts': ['barbed wire', 'birds flying', 'cloudy field with a fence', 'field', 'wall'], 'similarity_method': <SimilarityMethod.minus_human_similarity: 'minus_human_similarity'>, 'minus_similarity_weight': 0.6590955418204265, 'score_method': <ScoreMethod.mean: 'mean'>}. Best is trial 53 with value: 0.8242455418381345.
[I 2023-08-27 14:36:47,971] Trial 95 finished with value: 0.5378622256515775 and parameters: {'positive_texts': ['going through a fence', 'human against a wall', 'human unlocking a door', 'human wearing light cloths', 'person creep walking', 'putting a knee down', 'thief'], 'negative_texts': ['animals', 'field at midnight', 'field with green grass', 'foxes', 'horror movie scene', 'insect flying', 'wall'], 'similarity_method': <SimilarityMethod.minus_human_similarity: 'minus_human_similarity'>, 'minus_similarity_weight': 0.6342050395417572, 'score_method': <ScoreMethod.mean: 'mean'>}. Best is trial 53 with value: 0.8242455418381345.
[I 2023-08-27 14:36:49,054] Trial 96 finished with value: 0.7137345679012347 and parameters: {'positive_texts': ['a person running', 'human bending down', 'human unlocking a door', 'terrorist'], 'negative_texts': ['bird flying around', 'cloudy field with a fence', 'fence', 'field', 'plastic bag flying'], 'similarity_method': <SimilarityMethod.minus_human_similarity: 'minus_human_similarity'>, 'minus_similarity_weight': 0.5884885101660248, 'score_method': <ScoreMethod.mean: 'mean'>}. Best is trial 53 with value: 0.8242455418381345.
[I 2023-08-27 14:36:50,362] Trial 97 finished with value: 0.29534786522633744 and parameters: {'positive_texts': ['a video of a human approaching', 'grayscale picture of a human', 'human approaching a fence', 'human going through', 'human stepping down', 'human', 'ripping a fence'], 'negative_texts': ['animals', 'black and white scene of horror movie', 'plastic bag laying on the floor', 'video with artefacts'], 'similarity_method': <SimilarityMethod.minus_human_similarity: 'minus_human_similarity'>, 'minus_similarity_weight': 0.5372919937717046, 'score_method': <ScoreMethod.positive: 'positive'>}. Best is trial 53 with value: 0.8242455418381345.
[I 2023-08-27 14:36:51,591] Trial 98 finished with value: 0.7463000471536351 and parameters: {'positive_texts': ['adult', 'grayscale picture of a human', 'human cutting a fence', 'human unlocking a door', 'putting a knee down'], 'negative_texts': ['barbed wire', 'birds flying', 'cloudy field with a fence', 'field', 'wall'], 'similarity_method': <SimilarityMethod.dot_product: 'dot_product'>, 'score_method': <ScoreMethod.mean: 'mean'>}. Best is trial 53 with value: 0.8242455418381345.
[I 2023-08-27 14:36:52,604] Trial 99 finished with value: 0.6228566529492455 and parameters: {'positive_texts': ['an adult running', 'human approaching a fence', 'human making small steps', 'human walking', 'person crip walking'], 'negative_texts': ['bird flying around', 'cloudy field with a fence', 'field with green grass', 'insects', 'picture with artefacts', 'plastic bag laying on the floor'], 'similarity_method': <SimilarityMethod.minus_human_similarity: 'minus_human_similarity'>, 'minus_similarity_weight': 0.4824378417472692, 'score_method': <ScoreMethod.mean: 'mean'>}. Best is trial 53 with value: 0.8242455418381345.
[I 2023-08-27 14:36:53,589] Trial 100 finished with value: 0.5159786522633745 and parameters: {'positive_texts': ['black and white picture of a human', 'human cutting a fence', 'human cutting', 'human wearing light cloths', 'ripping a fence', 'thief'], 'negative_texts': ['animals', 'barbed wire', 'black and white scene of horror movie', 'insect flying', 'insects'], 'similarity_method': <SimilarityMethod.dot_product: 'dot_product'>, 'score_method': <ScoreMethod.mean: 'mean'>}. Best is trial 53 with value: 0.8242455418381345.
[I 2023-08-27 14:36:54,417] Trial 101 finished with value: 0.7618312757201646 and parameters: {'positive_texts': ['adult', 'human wearing a coat', 'terrorist', 'thief'], 'negative_texts': ['barbed wire', 'birds flying', 'cloudy field with a fence', 'field', 'wall'], 'similarity_method': <SimilarityMethod.minus_human_similarity: 'minus_human_similarity'>, 'minus_similarity_weight': 0.6947934915511469, 'score_method': <ScoreMethod.mean: 'mean'>}. Best is trial 53 with value: 0.8242455418381345.
[I 2023-08-27 14:36:55,138] Trial 102 finished with value: 0.7231545781893003 and parameters: {'positive_texts': ['adult', 'human wearing a coat', 'terrorist', 'thief'], 'negative_texts': ['bird flying around', 'birds flying', 'change of colorimetry', 'picture with artefacts'], 'similarity_method': <SimilarityMethod.minus_human_similarity: 'minus_human_similarity'>, 'minus_similarity_weight': 0.6883417716165227, 'score_method': <ScoreMethod.mean: 'mean'>}. Best is trial 53 with value: 0.8242455418381345.
[I 2023-08-27 14:36:56,102] Trial 103 finished with value: 0.7495606138545954 and parameters: {'positive_texts': ['human bending down', 'human climbing a ladder', 'human cutting a fence', 'human going through a fence', 'terrorist'], 'negative_texts': ['barbed wire', 'birds flying', 'cloudy field with a fence', 'field', 'wall'], 'similarity_method': <SimilarityMethod.minus_human_similarity: 'minus_human_similarity'>, 'minus_similarity_weight': 0.6427203320245004, 'score_method': <ScoreMethod.mean: 'mean'>}. Best is trial 53 with value: 0.8242455418381345.
[I 2023-08-27 14:36:57,489] Trial 104 finished with value: 0.6046649948559671 and parameters: {'positive_texts': ['a human running', 'an adult running', 'human against a wall', 'human climbing a ladder', 'human cutting', 'terrorist'], 'negative_texts': ['animals', 'birds flying', 'black and white scene of horror movie', 'insects', 'plastic bag flying', 'plastic bag laying on the floor', 'rabbits'], 'similarity_method': <SimilarityMethod.minus_human_similarity: 'minus_human_similarity'>, 'minus_similarity_weight': 0.7622221488453264, 'score_method': <ScoreMethod.mean: 'mean'>}. Best is trial 53 with value: 0.8242455418381345.
[I 2023-08-27 14:36:58,952] Trial 105 finished with value: 0.5306927297668038 and parameters: {'positive_texts': ['human bending down', 'human cutting a fence', 'ladder leaning against a fence', 'person creep walking'], 'negative_texts': ['black and white scene of horror movie', 'cloudy field with a fence', 'empty scene', 'picture with artefacts', 'plastic bag laying on the floor', 'rabbits'], 'similarity_method': <SimilarityMethod.minus_human_similarity: 'minus_human_similarity'>, 'minus_similarity_weight': 0.6900011182841016, 'score_method': <ScoreMethod.mean: 'mean'>}. Best is trial 53 with value: 0.8242455418381345.
[I 2023-08-27 14:37:00,344] Trial 106 finished with value: 0.5 and parameters: {'positive_texts': ['a video of a human approaching a fence', 'grayscale picture of a human', 'human holding a ladder', 'human walking'], 'negative_texts': ['bag', 'bird flying around', 'birds flying', 'black and white scene of horror movie', 'fence', 'picture with artefacts'], 'similarity_method': <SimilarityMethod.minus_human_features: 'minus_human_features'>, 'score_method': <TopClassificationMethod.any: 'any'>}. Best is trial 53 with value: 0.8242455418381345.
[I 2023-08-27 14:37:01,418] Trial 107 finished with value: 0.763085133744856 and parameters: {'positive_texts': ['a person running', 'human making small steps', 'putting a knee down', 'thief'], 'negative_texts': ['barbed wire', 'birds flying', 'cloudy field with a fence', 'field', 'wall'], 'similarity_method': <SimilarityMethod.dot_product: 'dot_product'>, 'score_method': <ScoreMethod.mean: 'mean'>}. Best is trial 53 with value: 0.8242455418381345.
[I 2023-08-27 14:37:02,630] Trial 108 finished with value: 0.6821255572702332 and parameters: {'positive_texts': ['a person running', 'human making small steps', 'putting a knee down', 'thief'], 'negative_texts': ['animals', 'bag', 'black and white scene of horror movie', 'cloudy field with a fence', 'fence', 'foxes'], 'similarity_method': <SimilarityMethod.dot_product: 'dot_product'>, 'score_method': <ScoreMethod.mean: 'mean'>}. Best is trial 53 with value: 0.8242455418381345.
[I 2023-08-27 14:37:03,869] Trial 109 finished with value: 0.7032536008230453 and parameters: {'positive_texts': ['grayscale picture of a human', 'human stepping down', 'one person', 'putting a knee down'], 'negative_texts': ['animals', 'barbed wire', 'black and white scene of horror movie', 'change of colorimetry', 'grayscale picture of a fence', 'insect flying', 'picture with artefacts'], 'similarity_method': <SimilarityMethod.dot_product: 'dot_product'>, 'score_method': <ScoreMethod.mean: 'mean'>}. Best is trial 53 with value: 0.8242455418381345.
[I 2023-08-27 14:37:04,805] Trial 110 finished with value: 0.5509259259259259 and parameters: {'positive_texts': ['a video of a human approaching', 'human unlocking a door', 'human wearing white cloths', 'human'], 'negative_texts': ['barbed wire', 'fence', 'field at midnight', 'wall'], 'similarity_method': <SimilarityMethod.dot_product: 'dot_product'>, 'score_method': <TopClassificationMethod.mode: 'mode'>}. Best is trial 53 with value: 0.8242455418381345.
[I 2023-08-27 14:37:06,097] Trial 111 finished with value: 0.7571480624142661 and parameters: {'positive_texts': ['grayscale picture of a human', 'human approaching a fence', 'human going through a fence', 'human wearing a coat', 'putting a knee down', 'thief'], 'negative_texts': ['barbed wire', 'birds flying', 'cloudy field with a fence', 'field', 'wall'], 'similarity_method': <SimilarityMethod.dot_product: 'dot_product'>, 'score_method': <ScoreMethod.mean: 'mean'>}. Best is trial 53 with value: 0.8242455418381345.
[I 2023-08-27 14:37:07,407] Trial 112 finished with value: 0.7173085991083676 and parameters: {'positive_texts': ['an adult running', 'human kneeling down', 'human wearing a coat', 'human wearing dark clothes', 'one person', 'person creep walking', 'person crip walking'], 'negative_texts': ['barbed wire', 'birds flying', 'cloudy field with a fence', 'field', 'wall'], 'similarity_method': <SimilarityMethod.dot_product: 'dot_product'>, 'score_method': <ScoreMethod.mean: 'mean'>}. Best is trial 53 with value: 0.8242455418381345.
[I 2023-08-27 14:37:08,417] Trial 113 finished with value: 0.7508091135116598 and parameters: {'positive_texts': ['a person running', 'human making small steps', 'putting a knee down', 'thief'], 'negative_texts': ['bird flying around', 'empty scene', 'field at midnight', 'grayscale picture of a fence', 'insects', 'plastic bag flying'], 'similarity_method': <SimilarityMethod.minus_human_similarity: 'minus_human_similarity'>, 'minus_similarity_weight': 0.5906158616036141, 'score_method': <ScoreMethod.mean: 'mean'>}. Best is trial 53 with value: 0.8242455418381345.
[I 2023-08-27 14:37:09,376] Trial 114 finished with value: 0.7635513117283952 and parameters: {'positive_texts': ['adult', 'human holding a ladder', 'human pick locking', 'human wearing a coat', 'person', 'putting a knee down'], 'negative_texts': ['barbed wire', 'bird flying around', 'empty scene', 'foxes'], 'similarity_method': <SimilarityMethod.dot_product: 'dot_product'>, 'score_method': <ScoreMethod.mean: 'mean'>}. Best is trial 53 with value: 0.8242455418381345.
[I 2023-08-27 14:37:10,337] Trial 115 finished with value: 0.7633075060013718 and parameters: {'positive_texts': ['adult', 'human holding a ladder', 'human pick locking', 'human wearing a coat', 'person', 'putting a knee down'], 'negative_texts': ['bird flying around', 'birds flying', 'rabbits', 'video with artefacts'], 'similarity_method': <SimilarityMethod.dot_product: 'dot_product'>, 'score_method': <ScoreMethod.mean: 'mean'>}. Best is trial 53 with value: 0.8242455418381345.
