[I 2023-08-27 14:37:11,191] Trial 116 finished with value: 0.7635513117283952 and parameters: {'positive_texts': ['adult', 'human holding a ladder', 'human pick locking', 'human wearing a coat', 'person', 'putting a knee down'], 'negative_texts': ['barbed wire', 'bird flying around', 'empty scene', 'foxes'], 'similarity_method': <SimilarityMethod.dot_product: 'dot_product'>, 'score_method': <ScoreMethod.mean: 'mean'>}. Best is trial 53 with value: 0.8242455418381345.
[I 2023-08-27 14:37:12,152] Trial 117 finished with value: 0.6226851851851853 and parameters: {'positive_texts': ['adult', 'human holding a ladder', 'human pick locking', 'human wearing a coat', 'person', 'putting a knee down'], 'negative_texts': ['bird flying around', 'birds flying', 'rabbits', 'video with artefacts'], 'similarity_method': <SimilarityMethod.dot_product: 'dot_product'>, 'score_method': <TopClassificationMethod.max_sum: 'max_sum'>}. Best is trial 53 with value: 0.8242455418381345.
[I 2023-08-27 14:37:13,101] Trial 118 finished with value: 0.7635513117283952 and parameters: {'positive_texts': ['adult', 'human holding a ladder', 'human pick locking', 'human wearing a coat', 'person', 'putting a knee down'], 'negative_texts': ['barbed wire', 'bird flying around', 'empty scene', 'foxes'], 'similarity_method': <SimilarityMethod.dot_product: 'dot_product'>, 'score_method': <ScoreMethod.mean: 'mean'>}. Best is trial 53 with value: 0.8242455418381345.
[I 2023-08-27 14:37:14,051] Trial 119 finished with value: 0.7633075060013718 and parameters: {'positive_texts': ['adult', 'human holding a ladder', 'human pick locking', 'human wearing a coat', 'person', 'putting a knee down'], 'negative_texts': ['bird flying around', 'birds flying', 'rabbits', 'video with artefacts'], 'similarity_method': <SimilarityMethod.dot_product: 'dot_product'>, 'score_method': <ScoreMethod.mean: 'mean'>}. Best is trial 53 with value: 0.8242455418381345.
[I 2023-08-27 14:37:14,880] Trial 120 finished with value: 0.7635513117283952 and parameters: {'positive_texts': ['adult', 'human holding a ladder', 'human pick locking', 'human wearing a coat', 'person', 'putting a knee down'], 'negative_texts': ['barbed wire', 'bird flying around', 'empty scene', 'foxes'], 'similarity_method': <SimilarityMethod.dot_product: 'dot_product'>, 'score_method': <ScoreMethod.mean: 'mean'>}. Best is trial 53 with value: 0.8242455418381345.
[I 2023-08-27 14:37:15,877] Trial 121 finished with value: 0.7633075060013718 and parameters: {'positive_texts': ['adult', 'human holding a ladder', 'human pick locking', 'human wearing a coat', 'person', 'putting a knee down'], 'negative_texts': ['bird flying around', 'birds flying', 'rabbits', 'video with artefacts'], 'similarity_method': <SimilarityMethod.dot_product: 'dot_product'>, 'score_method': <ScoreMethod.mean: 'mean'>}. Best is trial 53 with value: 0.8242455418381345.
[I 2023-08-27 14:37:17,196] Trial 122 finished with value: 0.7635513117283952 and parameters: {'positive_texts': ['adult', 'human holding a ladder', 'human pick locking', 'human wearing a coat', 'person', 'putting a knee down'], 'negative_texts': ['barbed wire', 'bird flying around', 'empty scene', 'foxes'], 'similarity_method': <SimilarityMethod.dot_product: 'dot_product'>, 'score_method': <ScoreMethod.mean: 'mean'>}. Best is trial 53 with value: 0.8242455418381345.
[I 2023-08-27 14:37:18,439] Trial 123 finished with value: 0.7635513117283952 and parameters: {'positive_texts': ['adult', 'human holding a ladder', 'human pick locking', 'human wearing a coat', 'person', 'putting a knee down'], 'negative_texts': ['barbed wire', 'bird flying around', 'empty scene', 'foxes'], 'similarity_method': <SimilarityMethod.dot_product: 'dot_product'>, 'score_method': <ScoreMethod.mean: 'mean'>}. Best is trial 53 with value: 0.8242455418381345.
[I 2023-08-27 14:37:19,693] Trial 124 finished with value: 0.7635513117283952 and parameters: {'positive_texts': ['adult', 'human holding a ladder', 'human pick locking', 'human wearing a coat', 'person', 'putting a knee down'], 'negative_texts': ['barbed wire', 'bird flying around', 'empty scene', 'foxes'], 'similarity_method': <SimilarityMethod.dot_product: 'dot_product'>, 'score_method': <ScoreMethod.mean: 'mean'>}. Best is trial 53 with value: 0.8242455418381345.
[I 2023-08-27 14:37:20,985] Trial 125 finished with value: 0.332315243484225 and parameters: {'positive_texts': ['adult', 'human holding a ladder', 'human pick locking', 'human wearing a coat', 'person', 'putting a knee down'], 'negative_texts': ['barbed wire', 'bird flying around', 'empty scene', 'foxes'], 'similarity_method': <SimilarityMethod.dot_product: 'dot_product'>, 'score_method': <ScoreMethod.positive: 'positive'>}. Best is trial 53 with value: 0.8242455418381345.
[I 2023-08-27 14:37:22,264] Trial 126 finished with value: 0.7635513117283952 and parameters: {'positive_texts': ['adult', 'human holding a ladder', 'human pick locking', 'human wearing a coat', 'person', 'putting a knee down'], 'negative_texts': ['barbed wire', 'bird flying around', 'empty scene', 'foxes'], 'similarity_method': <SimilarityMethod.dot_product: 'dot_product'>, 'score_method': <ScoreMethod.mean: 'mean'>}. Best is trial 53 with value: 0.8242455418381345.
[I 2023-08-27 14:37:23,197] Trial 127 finished with value: 0.7635513117283952 and parameters: {'positive_texts': ['adult', 'human holding a ladder', 'human pick locking', 'human wearing a coat', 'person', 'putting a knee down'], 'negative_texts': ['barbed wire', 'bird flying around', 'empty scene', 'foxes'], 'similarity_method': <SimilarityMethod.dot_product: 'dot_product'>, 'score_method': <ScoreMethod.mean: 'mean'>}. Best is trial 53 with value: 0.8242455418381345.
[I 2023-08-27 14:37:24,434] Trial 128 finished with value: 0.7635513117283952 and parameters: {'positive_texts': ['adult', 'human holding a ladder', 'human pick locking', 'human wearing a coat', 'person', 'putting a knee down'], 'negative_texts': ['barbed wire', 'bird flying around', 'empty scene', 'foxes'], 'similarity_method': <SimilarityMethod.dot_product: 'dot_product'>, 'score_method': <ScoreMethod.mean: 'mean'>}. Best is trial 53 with value: 0.8242455418381345.
[I 2023-08-27 14:37:25,771] Trial 129 finished with value: 0.5498328189300412 and parameters: {'positive_texts': ['a picture of a human climbing a ladder', 'human cutting a fence', 'human discretely moving towards a fence', 'ladder leaning against a fence', 'terrorist'], 'negative_texts': ['barbed wire', 'bird flying around', 'empty scene', 'foxes'], 'similarity_method': <SimilarityMethod.dot_product: 'dot_product'>, 'score_method': <ScoreMethod.mean: 'mean'>}. Best is trial 53 with value: 0.8242455418381345.
[I 2023-08-27 14:37:26,878] Trial 130 finished with value: 0.5999174811385459 and parameters: {'positive_texts': ['human discretely moving towards a fence', 'ladder leaning against a fence', 'person', 'putting a knee down'], 'negative_texts': ['barbed wire', 'bird flying around', 'empty scene', 'foxes'], 'similarity_method': <SimilarityMethod.dot_product: 'dot_product'>, 'score_method': <ScoreMethod.mean: 'mean'>}. Best is trial 53 with value: 0.8242455418381345.
[I 2023-08-27 14:37:28,164] Trial 131 finished with value: 0.7635513117283952 and parameters: {'positive_texts': ['adult', 'human holding a ladder', 'human pick locking', 'human wearing a coat', 'person', 'putting a knee down'], 'negative_texts': ['barbed wire', 'bird flying around', 'empty scene', 'foxes'], 'similarity_method': <SimilarityMethod.dot_product: 'dot_product'>, 'score_method': <ScoreMethod.mean: 'mean'>}. Best is trial 53 with value: 0.8242455418381345.
[I 2023-08-27 14:37:29,552] Trial 132 finished with value: 0.7635513117283952 and parameters: {'positive_texts': ['adult', 'human holding a ladder', 'human pick locking', 'human wearing a coat', 'person', 'putting a knee down'], 'negative_texts': ['barbed wire', 'bird flying around', 'empty scene', 'foxes'], 'similarity_method': <SimilarityMethod.dot_product: 'dot_product'>, 'score_method': <ScoreMethod.mean: 'mean'>}. Best is trial 53 with value: 0.8242455418381345.
[I 2023-08-27 14:37:30,570] Trial 133 finished with value: 0.7133058984910836 and parameters: {'positive_texts': ['black and white picture of a human', 'human climbing a ladder', 'human stepping down', 'human wearing light cloths'], 'negative_texts': ['barbed wire', 'bird flying around', 'empty scene', 'foxes'], 'similarity_method': <SimilarityMethod.dot_product: 'dot_product'>, 'score_method': <ScoreMethod.mean: 'mean'>}. Best is trial 53 with value: 0.8242455418381345.
[I 2023-08-27 14:37:31,937] Trial 134 finished with value: 0.6968878600823045 and parameters: {'positive_texts': ['grayscale picture of a human', 'human approaching a fence', 'human pick locking', 'human walking', 'human wearing white cloths', 'human'], 'negative_texts': ['barbed wire', 'bird flying around', 'empty scene', 'foxes'], 'similarity_method': <SimilarityMethod.dot_product: 'dot_product'>, 'score_method': <ScoreMethod.mean: 'mean'>}. Best is trial 53 with value: 0.8242455418381345.
[I 2023-08-27 14:37:33,082] Trial 135 finished with value: 0.6525473679698216 and parameters: {'positive_texts': ['human against a wall', 'human cutting', 'human wearing a coat', 'one person'], 'negative_texts': ['black and white scene of horror movie', 'grayscale picture of a fence', 'insects', 'picture with artefacts', 'plastic bag laying on the floor'], 'similarity_method': <SimilarityMethod.dot_product: 'dot_product'>, 'score_method': <ScoreMethod.mean: 'mean'>}. Best is trial 53 with value: 0.8242455418381345.
[I 2023-08-27 14:37:34,270] Trial 136 finished with value: 0.32351680384087794 and parameters: {'positive_texts': ['adult', 'human bending down', 'human wearing white cloths', 'human', 'ripping a fence'], 'negative_texts': ['bag', 'black and white picture', 'change of colorimetry', 'field at midnight', 'wall'], 'similarity_method': <SimilarityMethod.dot_product: 'dot_product'>, 'score_method': <ScoreMethod.mean: 'mean'>}. Best is trial 53 with value: 0.8242455418381345.
[I 2023-08-27 14:37:36,224] Trial 137 finished with value: 0.6122685185185186 and parameters: {'positive_texts': ['grayscale picture of a human', 'human bending down', 'human climbing a ladder', 'human holding a ladder', 'human making small steps', 'human unlocking a door', 'human wearing dark clothes'], 'negative_texts': ['bag', 'barbed wire', 'black and white scene of horror movie', 'change of colorimetry', 'empty scene', 'fence', 'video with artefacts'], 'similarity_method': <SimilarityMethod.dot_product: 'dot_product'>, 'score_method': <TopClassificationMethod.any: 'any'>}. Best is trial 53 with value: 0.8242455418381345.
[I 2023-08-27 14:37:37,788] Trial 138 finished with value: 0.6427629886831274 and parameters: {'positive_texts': ['adult', 'human holding a ladder', 'human pick locking', 'human wearing a coat', 'person', 'putting a knee down'], 'negative_texts': ['empty scene', 'field with green grass', 'foxes', 'grayscale picture of a fence', 'horror movie scene', 'insect flying', 'wall'], 'similarity_method': <SimilarityMethod.dot_product: 'dot_product'>, 'score_method': <ScoreMethod.mean: 'mean'>}. Best is trial 53 with value: 0.8242455418381345.
[I 2023-08-27 14:37:39,522] Trial 139 finished with value: 0.7633852023319616 and parameters: {'positive_texts': ['black and white picture of a human', 'human climbing a ladder', 'human holding a ladder', 'human pick locking', 'human wearing a coat', 'human wearing white cloths', 'terrorist'], 'negative_texts': ['animals', 'bird flying around', 'black and white scene of horror movie', 'empty scene', 'foxes', 'grayscale picture of a fence', 'wall'], 'similarity_method': <SimilarityMethod.dot_product: 'dot_product'>, 'score_method': <ScoreMethod.mean: 'mean'>}. Best is trial 53 with value: 0.8242455418381345.
[I 2023-08-27 14:37:40,955] Trial 140 finished with value: 0.4108796296296296 and parameters: {'positive_texts': ['a video of a human approaching a fence', 'human discretely moving towards a fence', 'ripping a fence', 'thief'], 'negative_texts': ['barbed wire', 'field with green grass', 'field', 'picture with artefacts', 'plastic bag flying', 'plastic bag laying on the floor', 'rabbits'], 'similarity_method': <SimilarityMethod.dot_product: 'dot_product'>, 'score_method': <TopClassificationMethod.mode: 'mode'>}. Best is trial 53 with value: 0.8242455418381345.
[I 2023-08-27 14:37:42,264] Trial 141 finished with value: 0.7635513117283952 and parameters: {'positive_texts': ['adult', 'human holding a ladder', 'human pick locking', 'human wearing a coat', 'person', 'putting a knee down'], 'negative_texts': ['barbed wire', 'bird flying around', 'empty scene', 'foxes'], 'similarity_method': <SimilarityMethod.dot_product: 'dot_product'>, 'score_method': <ScoreMethod.mean: 'mean'>}. Best is trial 53 with value: 0.8242455418381345.
[I 2023-08-27 14:37:43,445] Trial 142 finished with value: 0.7635513117283952 and parameters: {'positive_texts': ['adult', 'human holding a ladder', 'human pick locking', 'human wearing a coat', 'person', 'putting a knee down'], 'negative_texts': ['barbed wire', 'bird flying around', 'empty scene', 'foxes'], 'similarity_method': <SimilarityMethod.dot_product: 'dot_product'>, 'score_method': <ScoreMethod.mean: 'mean'>}. Best is trial 53 with value: 0.8242455418381345.
[I 2023-08-27 14:37:44,463] Trial 143 finished with value: 0.7028088563100138 and parameters: {'positive_texts': ['a person running', 'a picture of a human climbing a ladder', 'human against a wall', 'putting a knee down', 'ripping a fence'], 'negative_texts': ['barbed wire', 'bird flying around', 'empty scene', 'foxes'], 'similarity_method': <SimilarityMethod.dot_product: 'dot_product'>, 'score_method': <ScoreMethod.mean: 'mean'>}. Best is trial 53 with value: 0.8242455418381345.
[I 2023-08-27 14:37:45,863] Trial 144 finished with value: 0.4584619341563786 and parameters: {'positive_texts': ['an adult running', 'human kneeling down', 'human wearing a coat', 'human wearing dark clothes', 'ladder leaning against a fence'], 'negative_texts': ['bag', 'black and white picture', 'black and white scene of horror movie', 'empty scene', 'foxes', 'plastic bag flying', 'rabbits'], 'similarity_method': <SimilarityMethod.dot_product: 'dot_product'>, 'score_method': <ScoreMethod.mean: 'mean'>}. Best is trial 53 with value: 0.8242455418381345.
[I 2023-08-27 14:37:46,869] Trial 145 finished with value: 0.5779749657064472 and parameters: {'positive_texts': ['a human running', 'a picture of a human climbing a ladder', 'human against a wall', 'human', 'person creep walking'], 'negative_texts': ['black and white scene of horror movie', 'horror movie scene', 'insect flying', 'wall'], 'similarity_method': <SimilarityMethod.dot_product: 'dot_product'>, 'score_method': <ScoreMethod.mean: 'mean'>}. Best is trial 53 with value: 0.8242455418381345.
[I 2023-08-27 14:37:48,237] Trial 146 finished with value: 0.6076388888888888 and parameters: {'positive_texts': ['a human running', 'a video of a human approaching a fence', 'adult', 'human kneeling down', 'human stepping down', 'putting a knee down', 'ripping a fence'], 'negative_texts': ['animals', 'barbed wire', 'black and white picture', 'fence', 'grayscale picture of a fence', 'insect flying'], 'similarity_method': <SimilarityMethod.dot_product: 'dot_product'>, 'score_method': <TopClassificationMethod.max_sum: 'max_sum'>}. Best is trial 53 with value: 0.8242455418381345.
[I 2023-08-27 14:37:49,362] Trial 147 finished with value: 0.6875857338820301 and parameters: {'positive_texts': ['adult', 'human going through', 'human wearing light cloths', 'person creep walking', 'terrorist'], 'negative_texts': ['change of colorimetry', 'horror movie scene', 'insect flying', 'picture with artefacts', 'plastic bag flying'], 'similarity_method': <SimilarityMethod.dot_product: 'dot_product'>, 'score_method': <ScoreMethod.mean: 'mean'>}. Best is trial 53 with value: 0.8242455418381345.
[I 2023-08-27 14:37:50,739] Trial 148 finished with value: 0.6824845679012346 and parameters: {'positive_texts': ['adult', 'human holding a ladder', 'human pick locking', 'human wearing a coat', 'person', 'putting a knee down'], 'negative_texts': ['barbed wire', 'empty scene', 'foxes', 'insect flying', 'rabbits', 'video with artefacts'], 'similarity_method': <SimilarityMethod.dot_product: 'dot_product'>, 'score_method': <ScoreMethod.mean: 'mean'>}. Best is trial 53 with value: 0.8242455418381345.
[I 2023-08-27 14:37:52,047] Trial 149 finished with value: 0.5736775548696845 and parameters: {'positive_texts': ['going through a fence', 'human against a wall', 'human unlocking a door', 'human wearing light cloths', 'person creep walking', 'putting a knee down', 'thief'], 'negative_texts': ['bird flying around', 'black and white picture', 'field at midnight', 'wall'], 'similarity_method': <SimilarityMethod.dot_product: 'dot_product'>, 'score_method': <ScoreMethod.mean: 'mean'>}. Best is trial 53 with value: 0.8242455418381345.
[I 2023-08-27 14:37:53,086] Trial 150 finished with value: 0.611298653978052 and parameters: {'positive_texts': ['human approaching a fence', 'human climbing a ladder', 'human stepping down', 'human unlocking a door', 'human wearing white cloths', 'putting a knee down'], 'negative_texts': ['cloudy field with a fence', 'empty scene', 'insects', 'plastic bag laying on the floor'], 'similarity_method': <SimilarityMethod.minus_human_features: 'minus_human_features'>, 'score_method': <ScoreMethod.mean: 'mean'>}. Best is trial 53 with value: 0.8242455418381345.
[I 2023-08-27 14:37:54,118] Trial 151 finished with value: 0.7635513117283952 and parameters: {'positive_texts': ['adult', 'human holding a ladder', 'human pick locking', 'human wearing a coat', 'person', 'putting a knee down'], 'negative_texts': ['barbed wire', 'bird flying around', 'empty scene', 'foxes'], 'similarity_method': <SimilarityMethod.dot_product: 'dot_product'>, 'score_method': <ScoreMethod.mean: 'mean'>}. Best is trial 53 with value: 0.8242455418381345.
[I 2023-08-27 14:37:55,098] Trial 152 finished with value: 0.5930319787379972 and parameters: {'positive_texts': ['a human running', 'a video of a human approaching', 'going through a fence', 'human unlocking a door', 'person creep walking', 'terrorist'], 'negative_texts': ['barbed wire', 'bird flying around', 'empty scene', 'foxes'], 'similarity_method': <SimilarityMethod.dot_product: 'dot_product'>, 'score_method': <ScoreMethod.mean: 'mean'>}. Best is trial 53 with value: 0.8242455418381345.
[I 2023-08-27 14:37:56,197] Trial 153 finished with value: 0.5679173096707819 and parameters: {'positive_texts': ['adult', 'human holding a ladder', 'human pick locking', 'human wearing a coat', 'person', 'putting a knee down'], 'negative_texts': ['bag', 'black and white scene of horror movie', 'insects', 'picture with artefacts', 'rabbits', 'wall'], 'similarity_method': <SimilarityMethod.dot_product: 'dot_product'>, 'score_method': <ScoreMethod.mean: 'mean'>}. Best is trial 53 with value: 0.8242455418381345.
[I 2023-08-27 14:37:57,397] Trial 154 finished with value: 0.637801140260631 and parameters: {'positive_texts': ['a video of a human approaching', 'grayscale picture of a human', 'human going through', 'human stepping down', 'human unlocking a door', 'thief'], 'negative_texts': ['bird flying around', 'birds flying', 'black and white picture', 'empty scene', 'field at midnight', 'foxes', 'video with artefacts'], 'similarity_method': <SimilarityMethod.dot_product: 'dot_product'>, 'score_method': <ScoreMethod.mean: 'mean'>}. Best is trial 53 with value: 0.8242455418381345.
[I 2023-08-27 14:37:58,608] Trial 155 finished with value: 0.44614840534979433 and parameters: {'positive_texts': ['a person running', 'a video of a human approaching', 'human cutting a fence', 'human going through a fence', 'human unlocking a door', 'ripping a fence', 'thief'], 'negative_texts': ['empty scene', 'field', 'foxes', 'grayscale picture of a fence', 'insect flying', 'insects', 'video with artefacts'], 'similarity_method': <SimilarityMethod.dot_product: 'dot_product'>, 'score_method': <ScoreMethod.mean: 'mean'>}. Best is trial 53 with value: 0.8242455418381345.
[I 2023-08-27 14:37:59,605] Trial 156 finished with value: 0.5007340963648834 and parameters: {'positive_texts': ['a video of a human approaching a fence', 'going through a fence', 'human against a wall', 'human discretely moving towards a fence', 'human wearing light cloths', 'putting a knee down'], 'negative_texts': ['barbed wire', 'bird flying around', 'empty scene', 'foxes'], 'similarity_method': <SimilarityMethod.dot_product: 'dot_product'>, 'score_method': <ScoreMethod.mean: 'mean'>}. Best is trial 53 with value: 0.8242455418381345.
[I 2023-08-27 14:38:00,660] Trial 157 finished with value: 0.7652284807956105 and parameters: {'positive_texts': ['adult', 'human holding a ladder', 'human pick locking', 'human wearing a coat', 'person', 'putting a knee down'], 'negative_texts': ['bird flying around', 'cloudy field with a fence', 'fence', 'field', 'plastic bag flying'], 'similarity_method': <SimilarityMethod.dot_product: 'dot_product'>, 'score_method': <ScoreMethod.mean: 'mean'>}. Best is trial 53 with value: 0.8242455418381345.
[I 2023-08-27 14:38:01,692] Trial 158 finished with value: 0.6717839077503428 and parameters: {'positive_texts': ['human approaching a fence', 'human bending down', 'human climbing a ladder', 'human walking', 'ladder leaning against a fence', 'person'], 'negative_texts': ['bird flying around', 'cloudy field with a fence', 'fence', 'field', 'plastic bag flying'], 'similarity_method': <SimilarityMethod.dot_product: 'dot_product'>, 'score_method': <ScoreMethod.mean: 'mean'>}. Best is trial 53 with value: 0.8242455418381345.
