[I 2023-08-27 14:35:42,864] Trial 36 finished with value: 0.611515667866941 and parameters: {'positive_texts': ['an adult running', 'human kneeling down', 'human wearing a coat', 'human wearing dark clothes', 'one person', 'person creep walking', 'person crip walking'], 'negative_texts': ['animals', 'bag', 'black and white scene of horror movie', 'cloudy field with a fence', 'fence', 'foxes'], 'similarity_method': <SimilarityMethod.dot_product: 'dot_product'>, 'score_method': <ScoreMethod.mean: 'mean'>}. Best is trial 33 with value: 0.806750471536351.
[I 2023-08-27 14:35:43,839] Trial 37 finished with value: 0.2845186042524005 and parameters: {'positive_texts': ['human bending down', 'human climbing a ladder', 'human cutting a fence', 'human going through a fence', 'terrorist'], 'negative_texts': ['barbed wire', 'bird flying around', 'empty scene', 'foxes'], 'similarity_method': <SimilarityMethod.dot_product: 'dot_product'>, 'score_method': <ScoreMethod.positive: 'positive'>}. Best is trial 33 with value: 0.806750471536351.
[I 2023-08-27 14:35:44,923] Trial 38 finished with value: 0.5023148148148149 and parameters: {'positive_texts': ['human bending down', 'human cutting a fence', 'ladder leaning against a fence', 'person creep walking'], 'negative_texts': ['black and white scene of horror movie', 'cloudy field with a fence', 'empty scene', 'picture with artefacts', 'plastic bag laying on the floor', 'rabbits'], 'similarity_method': <SimilarityMethod.dot_product: 'dot_product'>, 'score_method': <TopClassificationMethod.max_sum: 'max_sum'>}. Best is trial 33 with value: 0.806750471536351.
[I 2023-08-27 14:35:45,991] Trial 39 finished with value: 0.7859412508573388 and parameters: {'positive_texts': ['grayscale picture of a human', 'human stepping down', 'one person', 'putting a knee down'], 'negative_texts': ['bag', 'bird flying around', 'birds flying', 'black and white scene of horror movie', 'fence', 'picture with artefacts'], 'similarity_method': <SimilarityMethod.dot_product: 'dot_product'>, 'score_method': <ScoreMethod.mean: 'mean'>}. Best is trial 33 with value: 0.806750471536351.
[I 2023-08-27 14:35:47,330] Trial 40 finished with value: 0.6759259259259259 and parameters: {'positive_texts': ['adult', 'human holding a ladder', 'human pick locking', 'human wearing a coat', 'person', 'putting a knee down'], 'negative_texts': ['bag', 'bird flying around', 'birds flying', 'black and white scene of horror movie', 'fence', 'picture with artefacts'], 'similarity_method': <SimilarityMethod.dot_product: 'dot_product'>, 'score_method': <TopClassificationMethod.mode: 'mode'>}. Best is trial 33 with value: 0.806750471536351.
[I 2023-08-27 14:35:48,398] Trial 41 finished with value: 0.7385009430727023 and parameters: {'positive_texts': ['adult', 'human wearing a coat', 'terrorist', 'thief'], 'negative_texts': ['animals', 'black and white picture', 'field', 'grayscale picture of a fence', 'plastic bag flying', 'wall'], 'similarity_method': <SimilarityMethod.dot_product: 'dot_product'>, 'score_method': <ScoreMethod.mean: 'mean'>}. Best is trial 33 with value: 0.806750471536351.
[I 2023-08-27 14:35:49,612] Trial 42 finished with value: 0.6180823473936901 and parameters: {'positive_texts': ['grayscale picture of a human', 'human stepping down', 'one person', 'putting a knee down'], 'negative_texts': ['animals', 'black and white picture', 'field', 'grayscale picture of a fence', 'plastic bag flying', 'wall'], 'similarity_method': <SimilarityMethod.dot_product: 'dot_product'>, 'score_method': <ScoreMethod.mean: 'mean'>}. Best is trial 33 with value: 0.806750471536351.
[I 2023-08-27 14:35:50,677] Trial 43 finished with value: 0.6242337534293553 and parameters: {'positive_texts': ['adult', 'human wearing a coat', 'terrorist', 'thief'], 'negative_texts': ['bag', 'black and white picture', 'change of colorimetry', 'field at midnight', 'wall'], 'similarity_method': <SimilarityMethod.dot_product: 'dot_product'>, 'score_method': <ScoreMethod.mean: 'mean'>}. Best is trial 33 with value: 0.806750471536351.
[I 2023-08-27 14:35:51,780] Trial 44 finished with value: 0.5949074074074073 and parameters: {'positive_texts': ['black and white picture of a human', 'human climbing a ladder', 'human stepping down', 'human wearing light cloths'], 'negative_texts': ['black and white scene of horror movie', 'grayscale picture of a fence', 'insects', 'picture with artefacts', 'plastic bag laying on the floor'], 'similarity_method': <SimilarityMethod.dot_product: 'dot_product'>, 'score_method': <TopClassificationMethod.any: 'any'>}. Best is trial 33 with value: 0.806750471536351.
[I 2023-08-27 14:35:53,132] Trial 45 finished with value: 0.4710755315500686 and parameters: {'positive_texts': ['a picture of a human climbing a ladder', 'human cutting a fence', 'human discretely moving towards a fence', 'ladder leaning against a fence', 'terrorist'], 'negative_texts': ['empty scene', 'field with green grass', 'foxes', 'grayscale picture of a fence', 'horror movie scene', 'insect flying', 'wall'], 'similarity_method': <SimilarityMethod.dot_product: 'dot_product'>, 'score_method': <ScoreMethod.mean: 'mean'>}. Best is trial 33 with value: 0.806750471536351.
[I 2023-08-27 14:35:54,345] Trial 46 finished with value: 0.6267039609053497 and parameters: {'positive_texts': ['grayscale picture of a human', 'human bending down', 'human climbing a ladder', 'human holding a ladder', 'human making small steps', 'human unlocking a door', 'human wearing dark clothes'], 'negative_texts': ['barbed wire', 'field with green grass', 'field', 'picture with artefacts', 'plastic bag flying', 'plastic bag laying on the floor', 'rabbits'], 'similarity_method': <SimilarityMethod.minus_human_similarity: 'minus_human_similarity'>, 'minus_similarity_weight': 0.13863304883133853, 'score_method': <ScoreMethod.mean: 'mean'>}. Best is trial 33 with value: 0.806750471536351.
[I 2023-08-27 14:35:55,388] Trial 47 finished with value: 0.6516203703703703 and parameters: {'positive_texts': ['human against a wall', 'human cutting', 'human wearing a coat', 'one person'], 'negative_texts': ['bag', 'barbed wire', 'black and white scene of horror movie', 'change of colorimetry', 'empty scene', 'fence', 'video with artefacts'], 'similarity_method': <SimilarityMethod.dot_product: 'dot_product'>, 'score_method': <TopClassificationMethod.mode: 'mode'>}. Best is trial 33 with value: 0.806750471536351.
[I 2023-08-27 14:35:56,554] Trial 48 finished with value: 0.5 and parameters: {'positive_texts': ['a person running', 'a picture of a human climbing a ladder', 'human against a wall', 'putting a knee down', 'ripping a fence'], 'negative_texts': ['animals', 'bird flying around', 'black and white scene of horror movie', 'empty scene', 'foxes', 'grayscale picture of a fence', 'wall'], 'similarity_method': <SimilarityMethod.dot_product: 'dot_product'>, 'score_method': <TopClassificationMethod.any: 'any'>}. Best is trial 33 with value: 0.806750471536351.
[I 2023-08-27 14:35:57,760] Trial 49 finished with value: 0.6024948559670782 and parameters: {'positive_texts': ['grayscale picture of a human', 'human approaching a fence', 'human pick locking', 'human walking', 'human wearing white cloths', 'human'], 'negative_texts': ['bag', 'black and white picture', 'black and white scene of horror movie', 'empty scene', 'foxes', 'plastic bag flying', 'rabbits'], 'similarity_method': <SimilarityMethod.minus_human_similarity: 'minus_human_similarity'>, 'minus_similarity_weight': 0.8896044796170016, 'score_method': <ScoreMethod.mean: 'mean'>}. Best is trial 33 with value: 0.806750471536351.
[I 2023-08-27 14:35:58,837] Trial 50 finished with value: 0.49556862997256523 and parameters: {'positive_texts': ['adult', 'human bending down', 'human wearing white cloths', 'human', 'ripping a fence'], 'negative_texts': ['bird flying around', 'birds flying', 'black and white picture', 'empty scene', 'field at midnight', 'foxes', 'video with artefacts'], 'similarity_method': <SimilarityMethod.dot_product: 'dot_product'>, 'score_method': <ScoreMethod.mean: 'mean'>}. Best is trial 33 with value: 0.806750471536351.
[I 2023-08-27 14:35:59,932] Trial 51 finished with value: 0.6941015089163238 and parameters: {'positive_texts': ['going through a fence', 'human cutting a fence', 'human wearing light cloths', 'human wearing white cloths', 'putting a knee down'], 'negative_texts': ['barbed wire', 'birds flying', 'cloudy field with a fence', 'field', 'wall'], 'similarity_method': <SimilarityMethod.dot_product: 'dot_product'>, 'score_method': <ScoreMethod.mean: 'mean'>}. Best is trial 33 with value: 0.806750471536351.
[I 2023-08-27 14:36:00,775] Trial 52 finished with value: 0.3886531207133059 and parameters: {'positive_texts': ['a video of a human approaching a fence', 'human discretely moving towards a fence', 'ripping a fence', 'thief'], 'negative_texts': ['barbed wire', 'empty scene', 'foxes', 'insect flying', 'rabbits', 'video with artefacts'], 'similarity_method': <SimilarityMethod.dot_product: 'dot_product'>, 'score_method': <ScoreMethod.mean: 'mean'>}. Best is trial 33 with value: 0.806750471536351.
[I 2023-08-27 14:36:01,487] Trial 53 finished with value: 0.8242455418381345 and parameters: {'positive_texts': ['a person running', 'human making small steps', 'putting a knee down', 'thief'], 'negative_texts': ['bird flying around', 'birds flying', 'rabbits', 'video with artefacts'], 'similarity_method': <SimilarityMethod.dot_product: 'dot_product'>, 'score_method': <ScoreMethod.mean: 'mean'>}. Best is trial 53 with value: 0.8242455418381345.
[I 2023-08-27 14:36:02,295] Trial 54 finished with value: 0.763085133744856 and parameters: {'positive_texts': ['a person running', 'human making small steps', 'putting a knee down', 'thief'], 'negative_texts': ['barbed wire', 'birds flying', 'cloudy field with a fence', 'field', 'wall'], 'similarity_method': <SimilarityMethod.dot_product: 'dot_product'>, 'score_method': <ScoreMethod.mean: 'mean'>}. Best is trial 53 with value: 0.8242455418381345.
[I 2023-08-27 14:36:03,211] Trial 55 finished with value: 0.611111111111111 and parameters: {'positive_texts': ['a person running', 'human making small steps', 'putting a knee down', 'thief'], 'negative_texts': ['barbed wire', 'birds flying', 'cloudy field with a fence', 'field', 'wall'], 'similarity_method': <SimilarityMethod.dot_product: 'dot_product'>, 'score_method': <TopClassificationMethod.max_sum: 'max_sum'>}. Best is trial 53 with value: 0.8242455418381345.
[I 2023-08-27 14:36:04,041] Trial 56 finished with value: 0.6047346536351166 and parameters: {'positive_texts': ['going through a fence', 'human cutting a fence', 'human wearing light cloths', 'human wearing white cloths', 'putting a knee down'], 'negative_texts': ['bird flying around', 'birds flying', 'rabbits', 'video with artefacts'], 'similarity_method': <SimilarityMethod.dot_product: 'dot_product'>, 'score_method': <ScoreMethod.mean: 'mean'>}. Best is trial 53 with value: 0.8242455418381345.
[I 2023-08-27 14:36:04,864] Trial 57 finished with value: 0.741523062414266 and parameters: {'positive_texts': ['a person running', 'human making small steps', 'putting a knee down', 'thief'], 'negative_texts': ['barbed wire', 'birds flying', 'cloudy field with a fence', 'field', 'wall'], 'similarity_method': <SimilarityMethod.minus_human_similarity: 'minus_human_similarity'>, 'minus_similarity_weight': 0.7319917421195177, 'score_method': <ScoreMethod.mean: 'mean'>}. Best is trial 53 with value: 0.8242455418381345.
[I 2023-08-27 14:36:05,671] Trial 58 finished with value: 0.4038226594650206 and parameters: {'positive_texts': ['a person running', 'human making small steps', 'putting a knee down', 'thief'], 'negative_texts': ['change of colorimetry', 'horror movie scene', 'insect flying', 'picture with artefacts', 'plastic bag flying'], 'similarity_method': <SimilarityMethod.minus_human_similarity: 'minus_human_similarity'>, 'minus_similarity_weight': 0.6867138114954064, 'score_method': <ScoreMethod.positive: 'positive'>}. Best is trial 53 with value: 0.8242455418381345.
[I 2023-08-27 14:36:06,451] Trial 59 finished with value: 0.6679258830589849 and parameters: {'positive_texts': ['a person running', 'human making small steps', 'putting a knee down', 'thief'], 'negative_texts': ['bird flying around', 'black and white picture', 'field at midnight', 'wall'], 'similarity_method': <SimilarityMethod.minus_human_similarity: 'minus_human_similarity'>, 'minus_similarity_weight': 0.7523439293487448, 'score_method': <ScoreMethod.mean: 'mean'>}. Best is trial 53 with value: 0.8242455418381345.
[I 2023-08-27 14:36:07,322] Trial 60 finished with value: 0.5 and parameters: {'positive_texts': ['a human running', 'a video of a human approaching a fence', 'adult', 'human kneeling down', 'human stepping down', 'putting a knee down', 'ripping a fence'], 'negative_texts': ['black and white scene of horror movie', 'horror movie scene', 'insect flying', 'wall'], 'similarity_method': <SimilarityMethod.minus_human_similarity: 'minus_human_similarity'>, 'minus_similarity_weight': 0.7971720175264962, 'score_method': <TopClassificationMethod.any: 'any'>}. Best is trial 53 with value: 0.8242455418381345.
[I 2023-08-27 14:36:08,259] Trial 61 finished with value: 0.7653249314128943 and parameters: {'positive_texts': ['adult', 'human wearing a coat', 'terrorist', 'thief'], 'negative_texts': ['barbed wire', 'birds flying', 'cloudy field with a fence', 'field', 'wall'], 'similarity_method': <SimilarityMethod.minus_human_similarity: 'minus_human_similarity'>, 'minus_similarity_weight': 0.6685818802996322, 'score_method': <ScoreMethod.mean: 'mean'>}. Best is trial 53 with value: 0.8242455418381345.
[I 2023-08-27 14:36:09,128] Trial 62 finished with value: 0.770377872085048 and parameters: {'positive_texts': ['adult', 'human wearing a coat', 'terrorist', 'thief'], 'negative_texts': ['barbed wire', 'birds flying', 'cloudy field with a fence', 'field', 'wall'], 'similarity_method': <SimilarityMethod.minus_human_similarity: 'minus_human_similarity'>, 'minus_similarity_weight': 0.630697402318753, 'score_method': <ScoreMethod.mean: 'mean'>}. Best is trial 53 with value: 0.8242455418381345.
[I 2023-08-27 14:36:10,134] Trial 63 finished with value: 0.7323281035665296 and parameters: {'positive_texts': ['a human running', 'a video of a human approaching', 'going through a fence', 'human unlocking a door', 'person creep walking', 'terrorist'], 'negative_texts': ['barbed wire', 'birds flying', 'cloudy field with a fence', 'field', 'wall'], 'similarity_method': <SimilarityMethod.minus_human_similarity: 'minus_human_similarity'>, 'minus_similarity_weight': 0.6213471141187709, 'score_method': <ScoreMethod.mean: 'mean'>}. Best is trial 53 with value: 0.8242455418381345.
[I 2023-08-27 14:36:11,197] Trial 64 finished with value: 0.7170192472565158 and parameters: {'positive_texts': ['black and white picture of a human', 'human climbing a ladder', 'human holding a ladder', 'human pick locking', 'human wearing a coat', 'human wearing white cloths', 'terrorist'], 'negative_texts': ['animals', 'barbed wire', 'black and white picture', 'fence', 'grayscale picture of a fence', 'insect flying'], 'similarity_method': <SimilarityMethod.minus_human_similarity: 'minus_human_similarity'>, 'minus_similarity_weight': 0.683309964991212, 'score_method': <ScoreMethod.mean: 'mean'>}. Best is trial 53 with value: 0.8242455418381345.
[I 2023-08-27 14:36:12,101] Trial 65 finished with value: 0.5226283864883401 and parameters: {'positive_texts': ['a human running', 'a picture of a human climbing a ladder', 'human against a wall', 'human', 'person creep walking'], 'negative_texts': ['bag', 'black and white scene of horror movie', 'insects', 'picture with artefacts', 'rabbits', 'wall'], 'similarity_method': <SimilarityMethod.minus_human_similarity: 'minus_human_similarity'>, 'minus_similarity_weight': 0.7935778004866131, 'score_method': <ScoreMethod.mean: 'mean'>}. Best is trial 53 with value: 0.8242455418381345.
[I 2023-08-27 14:36:13,221] Trial 66 finished with value: 0.671124828532236 and parameters: {'positive_texts': ['an adult running', 'human kneeling down', 'human wearing a coat', 'human wearing dark clothes', 'ladder leaning against a fence'], 'negative_texts': ['empty scene', 'field', 'foxes', 'grayscale picture of a fence', 'insect flying', 'insects', 'video with artefacts'], 'similarity_method': <SimilarityMethod.minus_human_similarity: 'minus_human_similarity'>, 'minus_similarity_weight': 0.6180763001163161, 'score_method': <ScoreMethod.mean: 'mean'>}. Best is trial 53 with value: 0.8242455418381345.
[I 2023-08-27 14:36:14,306] Trial 67 finished with value: 0.4866898148148149 and parameters: {'positive_texts': ['adult', 'human going through', 'human wearing light cloths', 'person creep walking', 'terrorist'], 'negative_texts': ['bag', 'black and white scene of horror movie', 'horror movie scene', 'insects', 'rabbits'], 'similarity_method': <SimilarityMethod.minus_human_similarity: 'minus_human_similarity'>, 'minus_similarity_weight': 0.5122326837946728, 'score_method': <ScoreMethod.mean: 'mean'>}. Best is trial 53 with value: 0.8242455418381345.
[I 2023-08-27 14:36:15,731] Trial 68 finished with value: 0.6478052126200274 and parameters: {'positive_texts': ['human approaching a fence', 'human climbing a ladder', 'human stepping down', 'human unlocking a door', 'human wearing white cloths', 'putting a knee down'], 'negative_texts': ['cloudy field with a fence', 'empty scene', 'insects', 'plastic bag laying on the floor'], 'similarity_method': <SimilarityMethod.minus_human_similarity: 'minus_human_similarity'>, 'minus_similarity_weight': 0.7545533166966393, 'score_method': <ScoreMethod.mean: 'mean'>}. Best is trial 53 with value: 0.8242455418381345.
[I 2023-08-27 14:36:16,671] Trial 69 finished with value: 0.5 and parameters: {'positive_texts': ['a video of a human approaching', 'grayscale picture of a human', 'human going through', 'human stepping down', 'human unlocking a door', 'thief'], 'negative_texts': ['black and white picture', 'fence', 'field at midnight', 'picture with artefacts'], 'similarity_method': <SimilarityMethod.minus_human_features: 'minus_human_features'>, 'score_method': <TopClassificationMethod.max_sum: 'max_sum'>}. Best is trial 53 with value: 0.8242455418381345.
[I 2023-08-27 14:36:17,856] Trial 70 finished with value: 0.5 and parameters: {'positive_texts': ['going through a fence', 'human against a wall', 'human unlocking a door', 'human wearing light cloths', 'person creep walking', 'putting a knee down', 'thief'], 'negative_texts': ['barbed wire', 'birds flying', 'cloudy field with a fence', 'field', 'wall'], 'similarity_method': <SimilarityMethod.minus_human_similarity: 'minus_human_similarity'>, 'minus_similarity_weight': 0.6484895605918628, 'score_method': <TopClassificationMethod.mode: 'mode'>}. Best is trial 53 with value: 0.8242455418381345.
[I 2023-08-27 14:36:18,699] Trial 71 finished with value: 0.6845153892318244 and parameters: {'positive_texts': ['adult', 'human wearing a coat', 'terrorist', 'thief'], 'negative_texts': ['barbed wire', 'field at midnight', 'foxes', 'plastic bag flying'], 'similarity_method': <SimilarityMethod.minus_human_similarity: 'minus_human_similarity'>, 'minus_similarity_weight': 0.5692340179388207, 'score_method': <ScoreMethod.mean: 'mean'>}. Best is trial 53 with value: 0.8242455418381345.
[I 2023-08-27 14:36:19,851] Trial 72 finished with value: 0.7014531893004115 and parameters: {'positive_texts': ['adult', 'human wearing a coat', 'terrorist', 'thief'], 'negative_texts': ['bird flying around', 'cloudy field with a fence', 'field with green grass', 'field', 'insect flying', 'plastic bag laying on the floor'], 'similarity_method': <SimilarityMethod.minus_human_similarity: 'minus_human_similarity'>, 'minus_similarity_weight': 0.7282054750615583, 'score_method': <ScoreMethod.mean: 'mean'>}. Best is trial 53 with value: 0.8242455418381345.
[I 2023-08-27 14:36:21,343] Trial 73 finished with value: 0.5257362397119342 and parameters: {'positive_texts': ['a video of a human approaching', 'an adult running', 'black and white picture of a human', 'human going through', 'human unlocking a door', 'human wearing a coat', 'terrorist'], 'negative_texts': ['empty scene', 'field with green grass', 'horror movie scene', 'rabbits', 'wall'], 'similarity_method': <SimilarityMethod.minus_human_features: 'minus_human_features'>, 'score_method': <ScoreMethod.mean: 'mean'>}. Best is trial 53 with value: 0.8242455418381345.
[I 2023-08-27 14:36:22,645] Trial 74 finished with value: 0.7167513288751715 and parameters: {'positive_texts': ['grayscale picture of a human', 'human bending down', 'human stepping down', 'ladder leaning against a fence', 'person crip walking', 'terrorist'], 'negative_texts': ['bird flying around', 'cloudy field with a fence', 'fence', 'field', 'plastic bag flying'], 'similarity_method': <SimilarityMethod.minus_human_similarity: 'minus_human_similarity'>, 'minus_similarity_weight': 0.6559127979243827, 'score_method': <ScoreMethod.mean: 'mean'>}. Best is trial 53 with value: 0.8242455418381345.
[I 2023-08-27 14:36:23,998] Trial 75 finished with value: 0.6363490226337448 and parameters: {'positive_texts': ['a video of a human approaching a fence', 'going through a fence', 'human against a wall', 'human discretely moving towards a fence', 'human wearing light cloths', 'putting a knee down'], 'negative_texts': ['animals', 'black and white picture', 'field', 'grayscale picture of a fence', 'plastic bag flying', 'wall'], 'similarity_method': <SimilarityMethod.minus_human_similarity: 'minus_human_similarity'>, 'minus_similarity_weight': 0.839236831538186, 'score_method': <ScoreMethod.mean: 'mean'>}. Best is trial 53 with value: 0.8242455418381345.
