[I 2023-08-27 14:38:45,097] Trial 199 finished with value: 0.7668413494513032 and parameters: {'positive_texts': ['an adult running', 'human kneeling down', 'human wearing a coat', 'human wearing dark clothes', 'one person', 'person creep walking', 'person crip walking'], 'negative_texts': ['bird flying around', 'birds flying', 'change of colorimetry', 'picture with artefacts'], 'similarity_method': <SimilarityMethod.dot_product: 'dot_product'>, 'score_method': <ScoreMethod.mean: 'mean'>}. Best is trial 161 with value: 0.8352221579218106.
/Users/schaller/development/unifr/master/0_datasets/ilids/results/actionclip/hparam.py:324: ExperimentalWarning:

plot_rank is experimental (supported from v3.2.0). The interface can change in the future.

